2024-05-04 17:20:22,194 file_cache is only supported with oauth2client<4.0.0
2024-05-04 17:20:22,315 retrieved 20 emails
2024-05-04 17:20:23,832 found 2 new forecast request(s)
2024-05-04 17:20:23,832 inreach forecast request:
62.88, -151.04
2209
mb3
04 00             
test: False
2024-05-04 17:20:23,850 getting forecast from https://my.meteoblue.com/packages/basic-1h_clouds-1h?apikey=****************&lat=62.88&lon=-151.04&asl=2209&format=json&temperature=F&windspeed=mph&precipitationamount=inch&winddirection=2char
2024-05-04 17:20:24,289 weather forecast reply:
628 -1510 7 3
0400*04
T 20 20 18 18 19 23 22 21*
S .7 .5 .5 .2 .2 .1  -  -*
P 810 7 7 5 7 4 4*
C 0 0 0 0 0 0 0 0*
W 1 1 1 1 1 0 0 0*
D SE SE SE SE SE  E SE SE*
2024-05-04 17:20:24,922 sending via https://us0.explore.garmin.com/textmessage/txtmsg?extId=************1-9230-0022-4847f41c0000&amp;adr=dewey.mtn.forecasts%40gmail.com
2024-05-04 17:20:24,924 inreach forecast request:
62.88, -151.04
2209
mb3
05 00             
test: False
2024-05-04 17:20:24,924 requested forecast already retrived recently at 2024-05-04 17:20
2024-05-04 17:20:24,925 weather forecast reply:
628 -1510 7 3
0500*05
T 21 19 18 19 21 25 26 23*
S  -  -  -  -  -  -  -  -*
P 3 2 0 0 0 3 3 5*
C 0 0 0 1 0 0 0 0*
W 0 0 0 0 0 0 0 0*
D  E NE  N NE NE NE NE NE*
2024-05-04 17:20:25,319 sending via https://us0.explore.garmin.com/textmessage/txtmsg?extId=************1-af29-0022-4847f41c0000&amp;adr=dewey.mtn.forecasts%40gmail.com
