2024-05-01 01:54:20,035 file_cache is only supported with oauth2client<4.0.0
2024-05-01 01:54:20,167 retrieved 20 emails
2024-05-01 01:54:21,974 found 3 new forecast request(s)
2024-05-01 01:54:21,974 inreach forecast request:
62.88, -151.04
2438
mbd
30 00             
test: False
2024-05-01 01:54:21,981 getting forecast from https://my.meteoblue.com/packages/trendpro-day?apikey=****************&lat=62.88&lon=-151.04&asl=2438&format=json&temperature=F&windspeed=mph&precipitationamount=inch&winddirection=2char
2024-05-01 01:54:22,403 weather forecast reply:
628 -1510 8 D
Cannot retrieve the forecast for the days requested. Current available daily forecast is for 30-13
2024-05-01 01:54:22,901 sending via https://us0.explore.garmin.com/textmessage/txtmsg?extId=************b-7501-0022-4847f41c0000&amp;adr=dewey.mtn.forecasts%40gmail.com
2024-05-01 01:54:22,903 inreach forecast request:
62.88, -151.04
2438
mb3
03 00             
test: False
2024-05-01 01:54:22,903 requested forecast already retrived recently at 2024-05-01 01:52
2024-05-01 01:54:22,904 weather forecast reply:
628 -1510 8 3
0300*03
T 16 16 15 16 16 17 17 17*
S  -  -  -  - .7 .5  1  1*
P 1 3 6 8 8 8 8 8*
C 0 0 0 0 0 0 0 0*
W 1 1 1 1 1 1 1 1*
D  S  S SE SE SE SE SE SE*
2024-05-01 01:54:23,323 sending via https://us0.explore.garmin.com/textmessage/txtmsg?extId=************b-3adb-0022-4847f41c0000&amp;adr=dewey.mtn.forecasts%40gmail.com
2024-05-01 01:54:23,325 inreach forecast request:
62.88, -151.04
2438
mb3
04 00             
test: False
2024-05-01 01:54:23,325 requested forecast already retrived recently at 2024-05-01 01:52
2024-05-01 01:54:23,325 weather forecast reply:
628 -1510 8 3
0400*04
T 17 17 16 17 17 18 18 17*
S  - .6  1  -  - .2  -  -*
P 8 8 7 7 6 6 7 5*
C 0 0 0 0 0 0 0 0*
W 1 1 1 1 1 1 1 1*
D SE SE SE SE SE SE SE SE*
2024-05-01 01:54:24,132 sending via https://us0.explore.garmin.com/textmessage/txtmsg?extId=************b-58b4-0022-4847f41c0000&amp;adr=dewey.mtn.forecasts%40gmail.com
