2024-04-23 01:06:20,506 file_cache is only supported with oauth2client<4.0.0
2024-04-23 01:06:20,645 retrieved 20 emails
2024-04-23 01:06:23,310 found 1 new forecast request(s)
2024-04-23 01:06:23,310 inreach forecast request:
62.909, -151.053
3719
mbd
23             
test: False
2024-04-23 01:06:23,316 getting forecast from https://my.meteoblue.com/packages/trendpro-day?apikey=****************&lat=62.909&lon=-151.053&asl=3719&format=json&temperature=F&windspeed=mph&precipitationamount=inch&winddirection=2char
2024-04-23 01:06:23,740 weather forecast reply:
629 -1510 12 D
23-29
H  1  3  2  2  3  2  1
L -4 -5 -3 -3  1  0 -3
C 15 16 15  9  6 11  0
S  -  -  - .5 .4 .4  -
P 1 0 1 5 4 3 4
W 1 1 1 0 0 0 0
% 9 9 8 5 4 4 3
2024-04-23 01:06:24,467 sending via https://us0.explore.garmin.com/textmessage/txtmsg?extId=************a-764d-000d-3aa7c8120000&amp;adr=dewey.mtn.forecasts%40gmail.com
