2024-03-30 01:18:18,560 file_cache is only supported with oauth2client<4.0.0
2024-03-30 01:18:18,696 retrieved 50 emails
2024-03-30 01:18:20,760 'data'
2024-03-30 01:18:20,828 'data'
2024-03-30 01:18:23,354 found 1 new forecast request(s)
2024-03-30 01:18:23,355 inreach forecast request:
38.12345,-107.71581
2371
mb3
             
test: True
2024-03-30 01:18:23,355 getting forecast from https://my.meteoblue.com/packages/basic-1h_clouds-1h?apikey=****************&lat=38.12345&lon=-107.71581&asl=2371&format=json&temperature=F&windspeed=mph&precipitationamount=inch&winddirection=2char
2024-03-30 01:18:23,802 weather forecast reply:
381 -1077 8 3
3001*30
T 41 38 38 46 51 50 46 42*
S  -  -  -  -  -  -  -  -*
P 0 0 0 0 0 0 0 0*
C 0 0 1 2 1 1 1 0*
W 1 1 2 2 2 2 2 1*
D  S  S  S SW SW SW  S  S*
2024-03-30 01:18:24,105 this forecast request is a test
