2024-03-27 15:37:08,710 token file exists
2024-03-27 15:37:08,710 token no longer valid
2024-03-27 15:37:08,710 Making request: POST https://oauth2.googleapis.com/token
2024-03-27 15:37:08,711 Starting new HTTPS connection (1): oauth2.googleapis.com:443
2024-03-27 15:37:08,839 https://oauth2.googleapis.com:443 "POST /token HTTP/1.1" 200 None
2024-03-27 15:37:08,842 file_cache is only supported with oauth2client<4.0.0
2024-03-27 15:37:08,845 URL being requested: GET https://gmail.googleapis.com/gmail/v1/users/me/messages?maxResults=50&includeSpamTrash=true&alt=json
2024-03-27 15:37:09,027 retrieved 50 emails
2024-03-27 15:37:09,029 URL being requested: GET https://gmail.googleapis.com/gmail/v1/users/me/messages/18e804ebaa605242?alt=json
2024-03-27 15:37:09,102 Encoding detection: ascii is most likely the one.
2024-03-27 15:37:09,104 URL being requested: GET https://gmail.googleapis.com/gmail/v1/users/me/messages/18e8039341513be8?alt=json
2024-03-27 15:37:09,183 Encoding detection: ascii is most likely the one.
2024-03-27 15:37:09,185 URL being requested: GET https://gmail.googleapis.com/gmail/v1/users/me/messages/18e8028bc1216767?alt=json
2024-03-27 15:37:10,671 Encoding detection: utf_8 will be used as a fallback match
2024-03-27 15:37:10,671 Encoding detection: Found utf_8 as plausible (best-candidate) for content. With 0 alternatives.
2024-03-27 15:37:10,673 URL being requested: GET https://gmail.googleapis.com/gmail/v1/users/me/messages/18e7fec830fc0fef?alt=json
2024-03-27 15:37:10,848 Encoding detection: utf_8 is most likely the one.
2024-03-27 15:37:10,850 URL being requested: GET https://gmail.googleapis.com/gmail/v1/users/me/messages/18e7c9fcc5e43a55?alt=json
2024-03-27 15:37:10,928 Encoding detection: ascii is most likely the one.
2024-03-27 15:37:10,930 URL being requested: GET https://gmail.googleapis.com/gmail/v1/users/me/messages/18e7c45dc8a6c43d?alt=json
2024-03-27 15:37:10,999 Encoding detection: utf_8 will be used as a fallback match
2024-03-27 15:37:10,999 Encoding detection: Found utf_8 as plausible (best-candidate) for content. With 0 alternatives.
2024-03-27 15:37:11,001 URL being requested: GET https://gmail.googleapis.com/gmail/v1/users/me/messages/18e7bd0d187bf0fd?alt=json
2024-03-27 15:37:11,074 Encoding detection: utf_8 will be used as a fallback match
2024-03-27 15:37:11,074 Encoding detection: Found utf_8 as plausible (best-candidate) for content. With 0 alternatives.
2024-03-27 15:37:11,076 URL being requested: GET https://gmail.googleapis.com/gmail/v1/users/me/messages/18e5a03dea4c7004?alt=json
2024-03-27 15:37:11,161 Encoding detection: utf_8 is most likely the one.
2024-03-27 15:37:11,163 URL being requested: GET https://gmail.googleapis.com/gmail/v1/users/me/messages/18e5279ac63d5c92?alt=json
2024-03-27 15:37:11,236 Encoding detection: utf_8 will be used as a fallback match
2024-03-27 15:37:11,236 Encoding detection: Found utf_8 as plausible (best-candidate) for content. With 0 alternatives.
2024-03-27 15:37:11,238 URL being requested: GET https://gmail.googleapis.com/gmail/v1/users/me/messages/18e4cbde9b2ce94f?alt=json
2024-03-27 15:37:11,304 'data'
2024-03-27 15:37:11,306 URL being requested: GET https://gmail.googleapis.com/gmail/v1/users/me/messages/18e42d1e729f2b06?alt=json
2024-03-27 15:37:11,365 'data'
2024-03-27 15:37:11,367 URL being requested: GET https://gmail.googleapis.com/gmail/v1/users/me/messages/18e3ebb881840de1?alt=json
2024-03-27 15:37:11,438 Encoding detection: utf_8 is most likely the one.
2024-03-27 15:37:11,440 URL being requested: GET https://gmail.googleapis.com/gmail/v1/users/me/messages/18e3e48215a43d36?alt=json
2024-03-27 15:37:11,513 Encoding detection: utf_8 is most likely the one.
2024-03-27 15:37:11,515 URL being requested: GET https://gmail.googleapis.com/gmail/v1/users/me/messages/18e3aae10cccec24?alt=json
2024-03-27 15:37:11,582 Encoding detection: utf_8 is most likely the one.
2024-03-27 15:37:11,584 URL being requested: GET https://gmail.googleapis.com/gmail/v1/users/me/messages/18e3aada98136d27?alt=json
2024-03-27 15:37:11,657 Encoding detection: utf_8 is most likely the one.
2024-03-27 15:37:11,659 URL being requested: GET https://gmail.googleapis.com/gmail/v1/users/me/messages/18e3aad9d196e063?alt=json
2024-03-27 15:37:11,736 Encoding detection: utf_8 is most likely the one.
2024-03-27 15:37:11,738 URL being requested: GET https://gmail.googleapis.com/gmail/v1/users/me/messages/18a0b9673199b723?alt=json
2024-03-27 15:37:11,822 Encoding detection: utf_8 is most likely the one.
2024-03-27 15:37:11,824 URL being requested: GET https://gmail.googleapis.com/gmail/v1/users/me/messages/188a59018a38848a?alt=json
2024-03-27 15:37:11,892 Encoding detection: utf_8 will be used as a fallback match
2024-03-27 15:37:11,892 Encoding detection: Found utf_8 as plausible (best-candidate) for content. With 0 alternatives.
2024-03-27 15:37:11,895 URL being requested: GET https://gmail.googleapis.com/gmail/v1/users/me/messages/18827148d63fdc87?alt=json
2024-03-27 15:37:11,962 Encoding detection: utf_8 will be used as a fallback match
2024-03-27 15:37:11,962 Encoding detection: Found utf_8 as plausible (best-candidate) for content. With 0 alternatives.
2024-03-27 15:37:11,964 URL being requested: GET https://gmail.googleapis.com/gmail/v1/users/me/messages/1881b0bcab37ef81?alt=json
2024-03-27 15:37:12,028 Encoding detection: utf_8 will be used as a fallback match
2024-03-27 15:37:12,028 Encoding detection: Found utf_8 as plausible (best-candidate) for content. With 0 alternatives.
2024-03-27 15:37:12,030 URL being requested: GET https://gmail.googleapis.com/gmail/v1/users/me/messages/188123344ae608d5?alt=json
2024-03-27 15:37:12,101 Encoding detection: utf_8 will be used as a fallback match
2024-03-27 15:37:12,101 Encoding detection: Found utf_8 as plausible (best-candidate) for content. With 0 alternatives.
2024-03-27 15:37:12,103 URL being requested: GET https://gmail.googleapis.com/gmail/v1/users/me/messages/1881102731e03849?alt=json
2024-03-27 15:37:12,203 Encoding detection: utf_8 will be used as a fallback match
2024-03-27 15:37:12,203 Encoding detection: Found utf_8 as plausible (best-candidate) for content. With 0 alternatives.
2024-03-27 15:37:12,205 URL being requested: GET https://gmail.googleapis.com/gmail/v1/users/me/messages/188097355e4346ce?alt=json
2024-03-27 15:37:12,273 Encoding detection: utf_8 will be used as a fallback match
2024-03-27 15:37:12,273 Encoding detection: Found utf_8 as plausible (best-candidate) for content. With 0 alternatives.
2024-03-27 15:37:12,275 URL being requested: GET https://gmail.googleapis.com/gmail/v1/users/me/messages/18803a60c47d23c6?alt=json
2024-03-27 15:37:12,340 Encoding detection: utf_8 will be used as a fallback match
2024-03-27 15:37:12,340 Encoding detection: Found utf_8 as plausible (best-candidate) for content. With 0 alternatives.
2024-03-27 15:37:12,342 URL being requested: GET https://gmail.googleapis.com/gmail/v1/users/me/messages/1880399ba7b3966d?alt=json
2024-03-27 15:37:12,391 Encoding detection: ascii is most likely the one.
2024-03-27 15:37:12,393 URL being requested: GET https://gmail.googleapis.com/gmail/v1/users/me/messages/188038ec026e89ec?alt=json
2024-03-27 15:37:12,473 Encoding detection: utf_8 will be used as a fallback match
2024-03-27 15:37:12,473 Encoding detection: Found utf_8 as plausible (best-candidate) for content. With 0 alternatives.
2024-03-27 15:37:12,475 URL being requested: GET https://gmail.googleapis.com/gmail/v1/users/me/messages/187fdb9a10a3b68d?alt=json
2024-03-27 15:37:12,546 Encoding detection: utf_8 will be used as a fallback match
2024-03-27 15:37:12,547 Encoding detection: Found utf_8 as plausible (best-candidate) for content. With 0 alternatives.
2024-03-27 15:37:12,548 URL being requested: GET https://gmail.googleapis.com/gmail/v1/users/me/messages/187fd86b40c878a5?alt=json
2024-03-27 15:37:12,625 Encoding detection: utf_8 will be used as a fallback match
2024-03-27 15:37:12,625 Encoding detection: Found utf_8 as plausible (best-candidate) for content. With 0 alternatives.
2024-03-27 15:37:12,628 URL being requested: GET https://gmail.googleapis.com/gmail/v1/users/me/messages/187d8b8294b92faf?alt=json
2024-03-27 15:37:12,704 Encoding detection: utf_8 will be used as a fallback match
2024-03-27 15:37:12,704 Encoding detection: Found utf_8 as plausible (best-candidate) for content. With 0 alternatives.
2024-03-27 15:37:12,706 URL being requested: GET https://gmail.googleapis.com/gmail/v1/users/me/messages/187d8ab879f6926c?alt=json
2024-03-27 15:37:12,769 Encoding detection: ascii is most likely the one.
2024-03-27 15:37:12,771 URL being requested: GET https://gmail.googleapis.com/gmail/v1/users/me/messages/187d8a8b2ff2947e?alt=json
2024-03-27 15:37:12,841 Encoding detection: ascii is most likely the one.
2024-03-27 15:37:12,843 URL being requested: GET https://gmail.googleapis.com/gmail/v1/users/me/messages/187d886579460987?alt=json
2024-03-27 15:37:12,898 Encoding detection: ascii is most likely the one.
2024-03-27 15:37:12,899 URL being requested: GET https://gmail.googleapis.com/gmail/v1/users/me/messages/187d886550d58e51?alt=json
2024-03-27 15:37:12,952 Encoding detection: utf_8 is most likely the one.
2024-03-27 15:37:12,954 URL being requested: GET https://gmail.googleapis.com/gmail/v1/users/me/messages/187d54d6b146cc88?alt=json
2024-03-27 15:37:13,030 Encoding detection: utf_8 is most likely the one.
2024-03-27 15:37:13,031 URL being requested: GET https://gmail.googleapis.com/gmail/v1/users/me/messages/187d24ce13cd8b33?alt=json
2024-03-27 15:37:13,119 Encoding detection: ascii is most likely the one.
2024-03-27 15:37:13,121 URL being requested: GET https://gmail.googleapis.com/gmail/v1/users/me/messages/187d24c3942a5577?alt=json
2024-03-27 15:37:13,198 Encoding detection: ascii is most likely the one.
2024-03-27 15:37:13,200 URL being requested: GET https://gmail.googleapis.com/gmail/v1/users/me/messages/187d24b67cf7edea?alt=json
2024-03-27 15:37:13,267 Encoding detection: ascii is most likely the one.
2024-03-27 15:37:13,269 URL being requested: GET https://gmail.googleapis.com/gmail/v1/users/me/messages/187d24b2afd6390b?alt=json
2024-03-27 15:37:13,333 Encoding detection: ascii is most likely the one.
2024-03-27 15:37:13,335 URL being requested: GET https://gmail.googleapis.com/gmail/v1/users/me/messages/187d24ad9dccbd13?alt=json
2024-03-27 15:37:13,403 Encoding detection: ascii is most likely the one.
2024-03-27 15:37:13,405 URL being requested: GET https://gmail.googleapis.com/gmail/v1/users/me/messages/187d24a6fe07cc40?alt=json
2024-03-27 15:37:13,481 Encoding detection: ascii is most likely the one.
2024-03-27 15:37:13,483 URL being requested: GET https://gmail.googleapis.com/gmail/v1/users/me/messages/187d24a3e025dfc5?alt=json
2024-03-27 15:37:13,549 Encoding detection: ascii is most likely the one.
2024-03-27 15:37:13,551 URL being requested: GET https://gmail.googleapis.com/gmail/v1/users/me/messages/187d24a02bd6cfe1?alt=json
2024-03-27 15:37:13,629 Encoding detection: ascii is most likely the one.
2024-03-27 15:37:13,631 URL being requested: GET https://gmail.googleapis.com/gmail/v1/users/me/messages/187d249d2395b37b?alt=json
2024-03-27 15:37:13,697 Encoding detection: ascii is most likely the one.
2024-03-27 15:37:13,699 URL being requested: GET https://gmail.googleapis.com/gmail/v1/users/me/messages/187d2499ebe2b845?alt=json
2024-03-27 15:37:13,768 Encoding detection: ascii is most likely the one.
2024-03-27 15:37:13,770 URL being requested: GET https://gmail.googleapis.com/gmail/v1/users/me/messages/187ce613d9e8fb8a?alt=json
2024-03-27 15:37:13,822 Encoding detection: ascii is most likely the one.
2024-03-27 15:37:13,824 URL being requested: GET https://gmail.googleapis.com/gmail/v1/users/me/messages/187cde75c587328a?alt=json
2024-03-27 15:37:13,899 Encoding detection: ascii is most likely the one.
2024-03-27 15:37:13,901 URL being requested: GET https://gmail.googleapis.com/gmail/v1/users/me/messages/187c9559ddde8d8d?alt=json
2024-03-27 15:37:14,097 Encoding detection: ascii is most likely the one.
2024-03-27 15:37:14,099 URL being requested: GET https://gmail.googleapis.com/gmail/v1/users/me/messages/187bdf17d232b43e?alt=json
2024-03-27 15:37:14,168 Encoding detection: ascii is most likely the one.
2024-03-27 15:37:14,170 URL being requested: GET https://gmail.googleapis.com/gmail/v1/users/me/messages/187b696bcb1e7fa4?alt=json
2024-03-27 15:37:14,221 Encoding detection: ascii is most likely the one.
2024-03-27 15:37:14,223 URL being requested: GET https://gmail.googleapis.com/gmail/v1/users/me/messages/187b0a670fd3b315?alt=json
2024-03-27 15:37:14,288 Encoding detection: ascii is most likely the one.
2024-03-27 15:37:14,289 decoded 48 emails
2024-03-27 15:37:14,290 found 0 new forecast request(s)
