2024-03-27 15:12:27,453 token file exists
2024-03-27 15:12:27,455 file_cache is only supported with oauth2client<4.0.0
2024-03-27 15:12:27,458 URL being requested: GET https://gmail.googleapis.com/gmail/v1/users/me/messages?maxResults=50&includeSpamTrash=true&alt=json
2024-03-27 15:12:27,549 retrieved 50 emails
2024-03-27 15:12:27,551 URL being requested: GET https://gmail.googleapis.com/gmail/v1/users/me/messages/18e804ebaa605242?alt=json
2024-03-27 15:12:27,626 Encoding detection: ascii is most likely the one.
2024-03-27 15:12:27,628 URL being requested: GET https://gmail.googleapis.com/gmail/v1/users/me/messages/18e8039341513be8?alt=json
2024-03-27 15:12:27,692 Encoding detection: ascii is most likely the one.
2024-03-27 15:12:27,694 URL being requested: GET https://gmail.googleapis.com/gmail/v1/users/me/messages/18e8028bc1216767?alt=json
2024-03-27 15:12:27,795 Encoding detection: utf_8 will be used as a fallback match
2024-03-27 15:12:27,795 Encoding detection: Found utf_8 as plausible (best-candidate) for content. With 0 alternatives.
2024-03-27 15:12:27,797 URL being requested: GET https://gmail.googleapis.com/gmail/v1/users/me/messages/18e7fec830fc0fef?alt=json
2024-03-27 15:12:27,868 Encoding detection: utf_8 is most likely the one.
2024-03-27 15:12:27,870 URL being requested: GET https://gmail.googleapis.com/gmail/v1/users/me/messages/18e7c9fcc5e43a55?alt=json
2024-03-27 15:12:27,972 Encoding detection: ascii is most likely the one.
2024-03-27 15:12:27,974 URL being requested: GET https://gmail.googleapis.com/gmail/v1/users/me/messages/18e7c45dc8a6c43d?alt=json
2024-03-27 15:12:28,066 Encoding detection: utf_8 will be used as a fallback match
2024-03-27 15:12:28,066 Encoding detection: Found utf_8 as plausible (best-candidate) for content. With 0 alternatives.
2024-03-27 15:12:28,068 URL being requested: GET https://gmail.googleapis.com/gmail/v1/users/me/messages/18e7bd0d187bf0fd?alt=json
2024-03-27 15:12:28,136 Encoding detection: utf_8 will be used as a fallback match
2024-03-27 15:12:28,136 Encoding detection: Found utf_8 as plausible (best-candidate) for content. With 0 alternatives.
2024-03-27 15:12:28,138 URL being requested: GET https://gmail.googleapis.com/gmail/v1/users/me/messages/18e5a03dea4c7004?alt=json
2024-03-27 15:12:28,223 Encoding detection: utf_8 is most likely the one.
2024-03-27 15:12:28,225 URL being requested: GET https://gmail.googleapis.com/gmail/v1/users/me/messages/18e5279ac63d5c92?alt=json
2024-03-27 15:12:28,366 Encoding detection: utf_8 will be used as a fallback match
2024-03-27 15:12:28,366 Encoding detection: Found utf_8 as plausible (best-candidate) for content. With 0 alternatives.
2024-03-27 15:12:28,368 URL being requested: GET https://gmail.googleapis.com/gmail/v1/users/me/messages/18e4cbde9b2ce94f?alt=json
2024-03-27 15:12:28,433 'data'
2024-03-27 15:12:28,436 URL being requested: GET https://gmail.googleapis.com/gmail/v1/users/me/messages/18e42d1e729f2b06?alt=json
2024-03-27 15:12:28,489 'data'
2024-03-27 15:12:28,491 URL being requested: GET https://gmail.googleapis.com/gmail/v1/users/me/messages/18e3ebb881840de1?alt=json
2024-03-27 15:12:28,599 Encoding detection: utf_8 is most likely the one.
2024-03-27 15:12:28,602 URL being requested: GET https://gmail.googleapis.com/gmail/v1/users/me/messages/18e3e48215a43d36?alt=json
2024-03-27 15:12:28,678 Encoding detection: utf_8 is most likely the one.
2024-03-27 15:12:28,681 URL being requested: GET https://gmail.googleapis.com/gmail/v1/users/me/messages/18e3aae10cccec24?alt=json
2024-03-27 15:12:28,752 Encoding detection: utf_8 is most likely the one.
2024-03-27 15:12:28,754 URL being requested: GET https://gmail.googleapis.com/gmail/v1/users/me/messages/18e3aada98136d27?alt=json
2024-03-27 15:12:28,817 Encoding detection: utf_8 is most likely the one.
2024-03-27 15:12:28,819 URL being requested: GET https://gmail.googleapis.com/gmail/v1/users/me/messages/18e3aad9d196e063?alt=json
2024-03-27 15:12:28,889 Encoding detection: utf_8 is most likely the one.
2024-03-27 15:12:28,891 URL being requested: GET https://gmail.googleapis.com/gmail/v1/users/me/messages/18a0b9673199b723?alt=json
2024-03-27 15:12:28,954 Encoding detection: utf_8 is most likely the one.
2024-03-27 15:12:28,956 URL being requested: GET https://gmail.googleapis.com/gmail/v1/users/me/messages/188a59018a38848a?alt=json
2024-03-27 15:12:29,159 Encoding detection: utf_8 will be used as a fallback match
2024-03-27 15:12:29,159 Encoding detection: Found utf_8 as plausible (best-candidate) for content. With 0 alternatives.
2024-03-27 15:12:29,161 URL being requested: GET https://gmail.googleapis.com/gmail/v1/users/me/messages/18827148d63fdc87?alt=json
2024-03-27 15:12:29,391 Encoding detection: utf_8 will be used as a fallback match
2024-03-27 15:12:29,391 Encoding detection: Found utf_8 as plausible (best-candidate) for content. With 0 alternatives.
2024-03-27 15:12:29,393 URL being requested: GET https://gmail.googleapis.com/gmail/v1/users/me/messages/1881b0bcab37ef81?alt=json
2024-03-27 15:12:29,458 Encoding detection: utf_8 will be used as a fallback match
2024-03-27 15:12:29,458 Encoding detection: Found utf_8 as plausible (best-candidate) for content. With 0 alternatives.
2024-03-27 15:12:29,460 URL being requested: GET https://gmail.googleapis.com/gmail/v1/users/me/messages/188123344ae608d5?alt=json
2024-03-27 15:12:29,523 Encoding detection: utf_8 will be used as a fallback match
2024-03-27 15:12:29,523 Encoding detection: Found utf_8 as plausible (best-candidate) for content. With 0 alternatives.
2024-03-27 15:12:29,526 URL being requested: GET https://gmail.googleapis.com/gmail/v1/users/me/messages/1881102731e03849?alt=json
2024-03-27 15:12:29,594 Encoding detection: utf_8 will be used as a fallback match
2024-03-27 15:12:29,594 Encoding detection: Found utf_8 as plausible (best-candidate) for content. With 0 alternatives.
2024-03-27 15:12:29,597 URL being requested: GET https://gmail.googleapis.com/gmail/v1/users/me/messages/188097355e4346ce?alt=json
2024-03-27 15:12:29,661 Encoding detection: utf_8 will be used as a fallback match
2024-03-27 15:12:29,661 Encoding detection: Found utf_8 as plausible (best-candidate) for content. With 0 alternatives.
2024-03-27 15:12:29,663 URL being requested: GET https://gmail.googleapis.com/gmail/v1/users/me/messages/18803a60c47d23c6?alt=json
2024-03-27 15:12:29,726 Encoding detection: utf_8 will be used as a fallback match
2024-03-27 15:12:29,726 Encoding detection: Found utf_8 as plausible (best-candidate) for content. With 0 alternatives.
2024-03-27 15:12:29,729 URL being requested: GET https://gmail.googleapis.com/gmail/v1/users/me/messages/1880399ba7b3966d?alt=json
2024-03-27 15:12:29,851 Encoding detection: ascii is most likely the one.
2024-03-27 15:12:29,853 URL being requested: GET https://gmail.googleapis.com/gmail/v1/users/me/messages/188038ec026e89ec?alt=json
2024-03-27 15:12:29,921 Encoding detection: utf_8 will be used as a fallback match
2024-03-27 15:12:29,921 Encoding detection: Found utf_8 as plausible (best-candidate) for content. With 0 alternatives.
2024-03-27 15:12:29,923 URL being requested: GET https://gmail.googleapis.com/gmail/v1/users/me/messages/187fdb9a10a3b68d?alt=json
2024-03-27 15:12:29,977 Encoding detection: utf_8 will be used as a fallback match
2024-03-27 15:12:29,978 Encoding detection: Found utf_8 as plausible (best-candidate) for content. With 0 alternatives.
2024-03-27 15:12:29,980 URL being requested: GET https://gmail.googleapis.com/gmail/v1/users/me/messages/187fd86b40c878a5?alt=json
2024-03-27 15:12:30,045 Encoding detection: utf_8 will be used as a fallback match
2024-03-27 15:12:30,045 Encoding detection: Found utf_8 as plausible (best-candidate) for content. With 0 alternatives.
2024-03-27 15:12:30,047 URL being requested: GET https://gmail.googleapis.com/gmail/v1/users/me/messages/187d8b8294b92faf?alt=json
2024-03-27 15:12:30,120 Encoding detection: utf_8 will be used as a fallback match
2024-03-27 15:12:30,120 Encoding detection: Found utf_8 as plausible (best-candidate) for content. With 0 alternatives.
2024-03-27 15:12:30,122 URL being requested: GET https://gmail.googleapis.com/gmail/v1/users/me/messages/187d8ab879f6926c?alt=json
2024-03-27 15:12:30,194 Encoding detection: ascii is most likely the one.
2024-03-27 15:12:30,195 URL being requested: GET https://gmail.googleapis.com/gmail/v1/users/me/messages/187d8a8b2ff2947e?alt=json
2024-03-27 15:12:30,261 Encoding detection: ascii is most likely the one.
2024-03-27 15:12:30,263 URL being requested: GET https://gmail.googleapis.com/gmail/v1/users/me/messages/187d886579460987?alt=json
2024-03-27 15:12:30,317 Encoding detection: ascii is most likely the one.
2024-03-27 15:12:30,319 URL being requested: GET https://gmail.googleapis.com/gmail/v1/users/me/messages/187d886550d58e51?alt=json
2024-03-27 15:12:30,395 Encoding detection: utf_8 is most likely the one.
2024-03-27 15:12:30,397 URL being requested: GET https://gmail.googleapis.com/gmail/v1/users/me/messages/187d54d6b146cc88?alt=json
2024-03-27 15:12:30,468 Encoding detection: utf_8 is most likely the one.
2024-03-27 15:12:30,470 URL being requested: GET https://gmail.googleapis.com/gmail/v1/users/me/messages/187d24ce13cd8b33?alt=json
2024-03-27 15:12:30,544 Encoding detection: ascii is most likely the one.
2024-03-27 15:12:30,546 URL being requested: GET https://gmail.googleapis.com/gmail/v1/users/me/messages/187d24c3942a5577?alt=json
2024-03-27 15:12:30,749 Encoding detection: ascii is most likely the one.
2024-03-27 15:12:30,750 URL being requested: GET https://gmail.googleapis.com/gmail/v1/users/me/messages/187d24b67cf7edea?alt=json
2024-03-27 15:12:30,817 Encoding detection: ascii is most likely the one.
2024-03-27 15:12:30,819 URL being requested: GET https://gmail.googleapis.com/gmail/v1/users/me/messages/187d24b2afd6390b?alt=json
2024-03-27 15:12:30,875 Encoding detection: ascii is most likely the one.
2024-03-27 15:12:30,877 URL being requested: GET https://gmail.googleapis.com/gmail/v1/users/me/messages/187d24ad9dccbd13?alt=json
2024-03-27 15:12:30,943 Encoding detection: ascii is most likely the one.
2024-03-27 15:12:30,945 URL being requested: GET https://gmail.googleapis.com/gmail/v1/users/me/messages/187d24a6fe07cc40?alt=json
2024-03-27 15:12:31,018 Encoding detection: ascii is most likely the one.
2024-03-27 15:12:31,021 URL being requested: GET https://gmail.googleapis.com/gmail/v1/users/me/messages/187d24a3e025dfc5?alt=json
2024-03-27 15:12:31,086 Encoding detection: ascii is most likely the one.
2024-03-27 15:12:31,088 URL being requested: GET https://gmail.googleapis.com/gmail/v1/users/me/messages/187d24a02bd6cfe1?alt=json
2024-03-27 15:12:31,155 Encoding detection: ascii is most likely the one.
2024-03-27 15:12:31,158 URL being requested: GET https://gmail.googleapis.com/gmail/v1/users/me/messages/187d249d2395b37b?alt=json
2024-03-27 15:12:31,202 Encoding detection: ascii is most likely the one.
2024-03-27 15:12:31,204 URL being requested: GET https://gmail.googleapis.com/gmail/v1/users/me/messages/187d2499ebe2b845?alt=json
2024-03-27 15:12:31,253 Encoding detection: ascii is most likely the one.
2024-03-27 15:12:31,255 URL being requested: GET https://gmail.googleapis.com/gmail/v1/users/me/messages/187ce613d9e8fb8a?alt=json
2024-03-27 15:12:31,324 Encoding detection: ascii is most likely the one.
2024-03-27 15:12:31,327 URL being requested: GET https://gmail.googleapis.com/gmail/v1/users/me/messages/187cde75c587328a?alt=json
2024-03-27 15:12:31,380 Encoding detection: ascii is most likely the one.
2024-03-27 15:12:31,383 URL being requested: GET https://gmail.googleapis.com/gmail/v1/users/me/messages/187c9559ddde8d8d?alt=json
2024-03-27 15:12:31,445 Encoding detection: ascii is most likely the one.
2024-03-27 15:12:31,448 URL being requested: GET https://gmail.googleapis.com/gmail/v1/users/me/messages/187bdf17d232b43e?alt=json
2024-03-27 15:12:31,503 Encoding detection: ascii is most likely the one.
2024-03-27 15:12:31,505 URL being requested: GET https://gmail.googleapis.com/gmail/v1/users/me/messages/187b696bcb1e7fa4?alt=json
2024-03-27 15:12:31,559 Encoding detection: ascii is most likely the one.
2024-03-27 15:12:31,561 URL being requested: GET https://gmail.googleapis.com/gmail/v1/users/me/messages/187b0a670fd3b315?alt=json
2024-03-27 15:12:31,623 Encoding detection: ascii is most likely the one.
2024-03-27 15:12:31,623 decoded 48 emails
2024-03-27 15:12:31,624 found 1 new forecast request(s)
2024-03-27 15:12:31,625 inreach forecast request:
40.25488,-105.61603
4341
mbd
             
test: False
2024-03-27 15:12:31,626 requested forecast already retrived recently at 2024-03-27 14:29
2024-03-27 15:12:31,626 weather forecast reply:
402 -1056 14 D
27-02
H 10 21 19 20 22 15 22
L  2  7 13 14 11  8  6
C  7  7  0  0  4  1  8
S .4 .1  5  2  3  1  -
P 3 4 8 8 8 9 1
W 3 4 2 2 2 2 2
% 7 6 5 4 4 3 6
2024-03-27 15:12:31,628 Starting new HTTPS connection (1): us0.explore.garmin.com:443
2024-03-27 15:12:31,803 https://us0.explore.garmin.com:443 "GET /textmessage/txtmsg?extId=08db5496-6f20-9f8e-000d-3aa7780f0000&amp;adr=dewey.mtn.forecasts%40gmail.com HTTP/1.1" 200 None
2024-03-27 15:12:31,814 {'ReplyAddress': None, 'ReplyMessage': '402 -1056 14 D\n27-02\nH 10 21 19 20 22 15 22\nL  2  7 13 14 11  8  6\nC  7  7  0  0  4  1  8\nS .4 .1  5  2  3  1  -\nP 3 4 8 8 8 9 1\nW 3 4 2 2 2 2 2\n% 7 6 5 4 4 3 6', 'MessageId': '353793859', 'Guid': '08db5496-6f20-9f8e-000d-3aa7780f0000'}
2024-03-27 15:12:31,816 Starting new HTTPS connection (1): us0.explore.garmin.com:443
2024-03-27 15:12:31,966 https://us0.explore.garmin.com:443 "POST /textmessage/txtmsg HTTP/1.1" 500 None
2024-03-27 15:12:31,966 sending via https://us0.explore.garmin.com/textmessage/txtmsg?extId=************0-9f8e-000d-3aa7780f0000&amp;adr=dewey.mtn.forecasts%40gmail.com
2024-03-27 15:12:31,966 <Response [500]>
