2024-05-02 23:54:21,497 file_cache is only supported with oauth2client<4.0.0
2024-05-02 23:54:21,790 retrieved 20 emails
2024-05-02 23:54:23,560 found 2 new forecast request(s)
2024-05-02 23:54:23,561 inreach forecast request:
62.88, -151.04
2438
mb3
08 00             
test: False
2024-05-02 23:54:23,611 requested forecast already retrived recently at 2024-05-02 23:46
2024-05-02 23:54:23,611 weather forecast reply:
628 -1510 8 3
Cannot retrieve the forecast for the days requested. Current available 3hr forecast is for 02 00-09 00
2024-05-02 23:54:24,196 sending via https://us0.explore.garmin.com/textmessage/txtmsg?extId=************5-896e-0022-4847f41c0000&amp;adr=dewey.mtn.forecasts%40gmail.com
2024-05-02 23:54:24,198 inreach forecast request:
62.88, -151.04
2209
mbd
03             
test: False
2024-05-02 23:54:24,198 getting forecast from https://my.meteoblue.com/packages/trendpro-day?apikey=****************&lat=62.88&lon=-151.04&asl=2209&format=json&temperature=F&windspeed=mph&precipitationamount=inch&winddirection=2char
2024-05-02 23:54:24,652 weather forecast reply:
628 -1510 7 D
03-09
H 26 26 27 29 26 24 25
L 17 17 20 21 19 17 18
C  0  1  9  0  0  5  0
S  4  4  -  4  3 .6  2
P10 8 5 9 9 7 8
W 1 1 0 0 0 1 1
% 7 6 5 5 6 3 5
2024-05-02 23:54:25,125 sending via https://us0.explore.garmin.com/textmessage/txtmsg?extId=************5-a7be-0022-4847f41c0000&amp;adr=dewey.mtn.forecasts%40gmail.com
