2024-04-23 02:00:19,069 file_cache is only supported with oauth2client<4.0.0
2024-04-23 02:00:19,216 retrieved 20 emails
2024-04-23 02:00:20,909 found 2 new forecast request(s)
2024-04-23 02:00:20,910 inreach forecast request:
62.912, -150.987
3028
mb3
24 03             
test: False
2024-04-23 02:00:20,910 getting forecast from https://my.meteoblue.com/packages/basic-1h_clouds-1h?apikey=****************&lat=62.912&lon=-150.987&asl=3028&format=json&temperature=F&windspeed=mph&precipitationamount=inch&winddirection=2char
2024-04-23 02:00:21,357 weather forecast reply:
629 -1509 10 3
2403*25
T  6  3  9 10 11 11  8*  7
S  -  -  -  -  -  -  -*  -
P 0 0 0 0 0 0 0* 0
C 0 1 2 2 2 2 2* 0
W 1 1 1 1 1 1 1* 1
D  S  S  S  S  S  S  S*  S
2024-04-23 02:00:25,878 sending via https://us0.explore.garmin.com/textmessage/txtmsg?extId=************e-10bb-000d-3aa718170000&amp;adr=dewey.mtn.forecasts%40gmail.com
2024-04-23 02:00:25,879 inreach forecast request:
62.912, -150.987
3028
mb3
23 00             
test: False
2024-04-23 02:00:25,885 requested forecast already retrived recently at 2024-04-23 02:00
2024-04-23 02:00:25,886 weather forecast reply:
629 -1509 10 3
2300*23
T  5  4  4  5  6  8  8  6*
S  -  -  -  -  -  -  -  -*
P 0 0 0 0 0 0 0 0*
C 0 0 1 2 2 2 2 2*
W 0 1 0 0 0 0 0 0*
D  S  S  S  S  S  S  S  S*
2024-04-23 02:00:27,058 sending via https://us0.explore.garmin.com/textmessage/txtmsg?extId=************d-d4f4-000d-3aa718170000&amp;adr=dewey.mtn.forecasts%40gmail.com
