2024-03-27 14:42:51,783 token file exists
2024-03-27 14:42:51,784 file_cache is only supported with oauth2client<4.0.0
2024-03-27 14:42:51,787 URL being requested: GET https://gmail.googleapis.com/gmail/v1/users/me/messages?maxResults=50&includeSpamTrash=true&alt=json
2024-03-27 14:42:51,891 retrieved 50 emails
2024-03-27 14:42:51,893 URL being requested: GET https://gmail.googleapis.com/gmail/v1/users/me/messages/18e804ebaa605242?alt=json
2024-03-27 14:42:51,977 Encoding detection: ascii is most likely the one.
2024-03-27 14:42:51,980 URL being requested: GET https://gmail.googleapis.com/gmail/v1/users/me/messages/18e8039341513be8?alt=json
2024-03-27 14:42:52,049 Encoding detection: ascii is most likely the one.
2024-03-27 14:42:52,051 URL being requested: GET https://gmail.googleapis.com/gmail/v1/users/me/messages/18e8028bc1216767?alt=json
2024-03-27 14:42:52,147 Encoding detection: utf_8 will be used as a fallback match
2024-03-27 14:42:52,147 Encoding detection: Found utf_8 as plausible (best-candidate) for content. With 0 alternatives.
2024-03-27 14:42:52,149 URL being requested: GET https://gmail.googleapis.com/gmail/v1/users/me/messages/18e7fec830fc0fef?alt=json
2024-03-27 14:42:52,224 Encoding detection: utf_8 is most likely the one.
2024-03-27 14:42:52,226 URL being requested: GET https://gmail.googleapis.com/gmail/v1/users/me/messages/18e7c9fcc5e43a55?alt=json
2024-03-27 14:42:52,298 Encoding detection: ascii is most likely the one.
2024-03-27 14:42:52,300 URL being requested: GET https://gmail.googleapis.com/gmail/v1/users/me/messages/18e7c45dc8a6c43d?alt=json
2024-03-27 14:42:52,369 Encoding detection: utf_8 will be used as a fallback match
2024-03-27 14:42:52,370 Encoding detection: Found utf_8 as plausible (best-candidate) for content. With 0 alternatives.
2024-03-27 14:42:52,371 URL being requested: GET https://gmail.googleapis.com/gmail/v1/users/me/messages/18e7bd0d187bf0fd?alt=json
2024-03-27 14:42:52,435 Encoding detection: utf_8 will be used as a fallback match
2024-03-27 14:42:52,435 Encoding detection: Found utf_8 as plausible (best-candidate) for content. With 0 alternatives.
2024-03-27 14:42:52,437 URL being requested: GET https://gmail.googleapis.com/gmail/v1/users/me/messages/18e5a03dea4c7004?alt=json
2024-03-27 14:42:52,510 Encoding detection: utf_8 is most likely the one.
2024-03-27 14:42:52,512 URL being requested: GET https://gmail.googleapis.com/gmail/v1/users/me/messages/18e5279ac63d5c92?alt=json
2024-03-27 14:42:52,581 Encoding detection: utf_8 will be used as a fallback match
2024-03-27 14:42:52,581 Encoding detection: Found utf_8 as plausible (best-candidate) for content. With 0 alternatives.
2024-03-27 14:42:52,583 URL being requested: GET https://gmail.googleapis.com/gmail/v1/users/me/messages/18e4cbde9b2ce94f?alt=json
2024-03-27 14:42:52,652 'data'
2024-03-27 14:42:52,654 URL being requested: GET https://gmail.googleapis.com/gmail/v1/users/me/messages/18e42d1e729f2b06?alt=json
2024-03-27 14:42:52,725 'data'
2024-03-27 14:42:52,729 URL being requested: GET https://gmail.googleapis.com/gmail/v1/users/me/messages/18e3ebb881840de1?alt=json
2024-03-27 14:42:52,804 Encoding detection: utf_8 is most likely the one.
2024-03-27 14:42:52,806 URL being requested: GET https://gmail.googleapis.com/gmail/v1/users/me/messages/18e3e48215a43d36?alt=json
2024-03-27 14:42:52,880 Encoding detection: utf_8 is most likely the one.
2024-03-27 14:42:52,882 URL being requested: GET https://gmail.googleapis.com/gmail/v1/users/me/messages/18e3aae10cccec24?alt=json
2024-03-27 14:42:52,955 Encoding detection: utf_8 is most likely the one.
2024-03-27 14:42:52,957 URL being requested: GET https://gmail.googleapis.com/gmail/v1/users/me/messages/18e3aada98136d27?alt=json
2024-03-27 14:42:53,141 Encoding detection: utf_8 is most likely the one.
2024-03-27 14:42:53,143 URL being requested: GET https://gmail.googleapis.com/gmail/v1/users/me/messages/18e3aad9d196e063?alt=json
2024-03-27 14:42:53,213 Encoding detection: utf_8 is most likely the one.
2024-03-27 14:42:53,215 URL being requested: GET https://gmail.googleapis.com/gmail/v1/users/me/messages/18a0b9673199b723?alt=json
2024-03-27 14:42:53,292 Encoding detection: utf_8 is most likely the one.
2024-03-27 14:42:53,294 URL being requested: GET https://gmail.googleapis.com/gmail/v1/users/me/messages/188a59018a38848a?alt=json
2024-03-27 14:42:53,375 Encoding detection: utf_8 will be used as a fallback match
2024-03-27 14:42:53,375 Encoding detection: Found utf_8 as plausible (best-candidate) for content. With 0 alternatives.
2024-03-27 14:42:53,378 URL being requested: GET https://gmail.googleapis.com/gmail/v1/users/me/messages/18827148d63fdc87?alt=json
2024-03-27 14:42:53,491 Encoding detection: utf_8 will be used as a fallback match
2024-03-27 14:42:53,491 Encoding detection: Found utf_8 as plausible (best-candidate) for content. With 0 alternatives.
2024-03-27 14:42:53,496 URL being requested: GET https://gmail.googleapis.com/gmail/v1/users/me/messages/1881b0bcab37ef81?alt=json
2024-03-27 14:42:53,579 Encoding detection: utf_8 will be used as a fallback match
2024-03-27 14:42:53,579 Encoding detection: Found utf_8 as plausible (best-candidate) for content. With 0 alternatives.
2024-03-27 14:42:53,583 URL being requested: GET https://gmail.googleapis.com/gmail/v1/users/me/messages/188123344ae608d5?alt=json
2024-03-27 14:42:53,648 Encoding detection: utf_8 will be used as a fallback match
2024-03-27 14:42:53,648 Encoding detection: Found utf_8 as plausible (best-candidate) for content. With 0 alternatives.
2024-03-27 14:42:53,651 URL being requested: GET https://gmail.googleapis.com/gmail/v1/users/me/messages/1881102731e03849?alt=json
2024-03-27 14:42:53,717 Encoding detection: utf_8 will be used as a fallback match
2024-03-27 14:42:53,717 Encoding detection: Found utf_8 as plausible (best-candidate) for content. With 0 alternatives.
2024-03-27 14:42:53,719 URL being requested: GET https://gmail.googleapis.com/gmail/v1/users/me/messages/188097355e4346ce?alt=json
2024-03-27 14:42:53,796 Encoding detection: utf_8 will be used as a fallback match
2024-03-27 14:42:53,796 Encoding detection: Found utf_8 as plausible (best-candidate) for content. With 0 alternatives.
2024-03-27 14:42:53,798 URL being requested: GET https://gmail.googleapis.com/gmail/v1/users/me/messages/18803a60c47d23c6?alt=json
2024-03-27 14:42:53,897 Encoding detection: utf_8 will be used as a fallback match
2024-03-27 14:42:53,897 Encoding detection: Found utf_8 as plausible (best-candidate) for content. With 0 alternatives.
2024-03-27 14:42:53,899 URL being requested: GET https://gmail.googleapis.com/gmail/v1/users/me/messages/1880399ba7b3966d?alt=json
2024-03-27 14:42:53,969 Encoding detection: ascii is most likely the one.
2024-03-27 14:42:53,971 URL being requested: GET https://gmail.googleapis.com/gmail/v1/users/me/messages/188038ec026e89ec?alt=json
2024-03-27 14:42:54,037 Encoding detection: utf_8 will be used as a fallback match
2024-03-27 14:42:54,038 Encoding detection: Found utf_8 as plausible (best-candidate) for content. With 0 alternatives.
2024-03-27 14:42:54,039 URL being requested: GET https://gmail.googleapis.com/gmail/v1/users/me/messages/187fdb9a10a3b68d?alt=json
2024-03-27 14:42:54,088 Encoding detection: utf_8 will be used as a fallback match
2024-03-27 14:42:54,088 Encoding detection: Found utf_8 as plausible (best-candidate) for content. With 0 alternatives.
2024-03-27 14:42:54,090 URL being requested: GET https://gmail.googleapis.com/gmail/v1/users/me/messages/187fd86b40c878a5?alt=json
2024-03-27 14:42:54,158 Encoding detection: utf_8 will be used as a fallback match
2024-03-27 14:42:54,158 Encoding detection: Found utf_8 as plausible (best-candidate) for content. With 0 alternatives.
2024-03-27 14:42:54,160 URL being requested: GET https://gmail.googleapis.com/gmail/v1/users/me/messages/187d8b8294b92faf?alt=json
2024-03-27 14:42:54,235 Encoding detection: utf_8 will be used as a fallback match
2024-03-27 14:42:54,235 Encoding detection: Found utf_8 as plausible (best-candidate) for content. With 0 alternatives.
2024-03-27 14:42:54,237 URL being requested: GET https://gmail.googleapis.com/gmail/v1/users/me/messages/187d8ab879f6926c?alt=json
2024-03-27 14:42:54,300 Encoding detection: ascii is most likely the one.
2024-03-27 14:42:54,302 URL being requested: GET https://gmail.googleapis.com/gmail/v1/users/me/messages/187d8a8b2ff2947e?alt=json
2024-03-27 14:42:54,366 Encoding detection: ascii is most likely the one.
2024-03-27 14:42:54,367 URL being requested: GET https://gmail.googleapis.com/gmail/v1/users/me/messages/187d886579460987?alt=json
2024-03-27 14:42:54,431 Encoding detection: ascii is most likely the one.
2024-03-27 14:42:54,432 URL being requested: GET https://gmail.googleapis.com/gmail/v1/users/me/messages/187d886550d58e51?alt=json
2024-03-27 14:42:54,496 Encoding detection: utf_8 is most likely the one.
2024-03-27 14:42:54,497 URL being requested: GET https://gmail.googleapis.com/gmail/v1/users/me/messages/187d54d6b146cc88?alt=json
2024-03-27 14:42:54,561 Encoding detection: utf_8 is most likely the one.
2024-03-27 14:42:54,563 URL being requested: GET https://gmail.googleapis.com/gmail/v1/users/me/messages/187d24ce13cd8b33?alt=json
2024-03-27 14:42:54,657 Encoding detection: ascii is most likely the one.
2024-03-27 14:42:54,659 URL being requested: GET https://gmail.googleapis.com/gmail/v1/users/me/messages/187d24c3942a5577?alt=json
2024-03-27 14:42:54,723 Encoding detection: ascii is most likely the one.
2024-03-27 14:42:54,725 URL being requested: GET https://gmail.googleapis.com/gmail/v1/users/me/messages/187d24b67cf7edea?alt=json
2024-03-27 14:42:54,791 Encoding detection: ascii is most likely the one.
2024-03-27 14:42:54,793 URL being requested: GET https://gmail.googleapis.com/gmail/v1/users/me/messages/187d24b2afd6390b?alt=json
2024-03-27 14:42:54,866 Encoding detection: ascii is most likely the one.
2024-03-27 14:42:54,868 URL being requested: GET https://gmail.googleapis.com/gmail/v1/users/me/messages/187d24ad9dccbd13?alt=json
2024-03-27 14:42:54,933 Encoding detection: ascii is most likely the one.
2024-03-27 14:42:54,934 URL being requested: GET https://gmail.googleapis.com/gmail/v1/users/me/messages/187d24a6fe07cc40?alt=json
2024-03-27 14:42:54,989 Encoding detection: ascii is most likely the one.
2024-03-27 14:42:54,991 URL being requested: GET https://gmail.googleapis.com/gmail/v1/users/me/messages/187d24a3e025dfc5?alt=json
2024-03-27 14:42:55,057 Encoding detection: ascii is most likely the one.
2024-03-27 14:42:55,058 URL being requested: GET https://gmail.googleapis.com/gmail/v1/users/me/messages/187d24a02bd6cfe1?alt=json
2024-03-27 14:42:55,123 Encoding detection: ascii is most likely the one.
2024-03-27 14:42:55,126 URL being requested: GET https://gmail.googleapis.com/gmail/v1/users/me/messages/187d249d2395b37b?alt=json
2024-03-27 14:42:55,234 Encoding detection: ascii is most likely the one.
2024-03-27 14:42:55,236 URL being requested: GET https://gmail.googleapis.com/gmail/v1/users/me/messages/187d2499ebe2b845?alt=json
2024-03-27 14:42:55,289 Encoding detection: ascii is most likely the one.
2024-03-27 14:42:55,291 URL being requested: GET https://gmail.googleapis.com/gmail/v1/users/me/messages/187ce613d9e8fb8a?alt=json
2024-03-27 14:42:55,379 Encoding detection: ascii is most likely the one.
2024-03-27 14:42:55,381 URL being requested: GET https://gmail.googleapis.com/gmail/v1/users/me/messages/187cde75c587328a?alt=json
2024-03-27 14:42:55,446 Encoding detection: ascii is most likely the one.
2024-03-27 14:42:55,448 URL being requested: GET https://gmail.googleapis.com/gmail/v1/users/me/messages/187c9559ddde8d8d?alt=json
2024-03-27 14:42:55,686 Encoding detection: ascii is most likely the one.
2024-03-27 14:42:55,688 URL being requested: GET https://gmail.googleapis.com/gmail/v1/users/me/messages/187bdf17d232b43e?alt=json
2024-03-27 14:42:55,732 Encoding detection: ascii is most likely the one.
2024-03-27 14:42:55,734 URL being requested: GET https://gmail.googleapis.com/gmail/v1/users/me/messages/187b696bcb1e7fa4?alt=json
2024-03-27 14:42:55,781 Encoding detection: ascii is most likely the one.
2024-03-27 14:42:55,788 URL being requested: GET https://gmail.googleapis.com/gmail/v1/users/me/messages/187b0a670fd3b315?alt=json
2024-03-27 14:42:55,853 Encoding detection: ascii is most likely the one.
2024-03-27 14:42:55,853 decoded 48 emails
2024-03-27 14:42:55,854 found 1 new forecast request(s)
2024-03-27 14:42:55,854 inreach forecast request:
40.25488,-105.61603
4341
mbd
             
test: False
2024-03-27 14:42:55,861 requested forecast already retrived recently at 2024-03-27 14:29
2024-03-27 14:42:55,861 weather forecast reply:
402 -1056 14 D
27-02
H 10 21 19 20 22 15 22
L  2  7 13 14 11  8  6
C  7  7  0  0  4  1  8
S .4 .1  5  2  3  1  -
P 3 4 8 8 8 9 1
W 3 4 2 2 2 2 2
% 7 6 5 4 4 3 6
2024-03-27 14:42:55,863 Starting new HTTPS connection (1): us0.explore.garmin.com:443
2024-03-27 14:42:56,168 https://us0.explore.garmin.com:443 "GET /textmessage/txtmsg?extId=08db5496-6f20-9f8e-000d-3aa7780f0000&amp;adr=dewey.mtn.forecasts%40gmail.com HTTP/1.1" 200 None
2024-03-27 14:42:56,179 {'ReplyAddress': None, 'ReplyMessage': '402 -1056 14 D\n27-02\nH 10 21 19 20 22 15 22\nL  2  7 13 14 11  8  6\nC  7  7  0  0  4  1  8\nS .4 .1  5  2  3  1  -\nP 3 4 8 8 8 9 1\nW 3 4 2 2 2 2 2\n% 7 6 5 4 4 3 6', 'MessageId': '353793859', 'Guid': '08db5496-6f20-9f8e-000d-3aa7780f0000'}
2024-03-27 14:42:56,180 Starting new HTTPS connection (1): us0.explore.garmin.com:443
2024-03-27 14:42:56,350 https://us0.explore.garmin.com:443 "POST /textmessage/txtmsg HTTP/1.1" 500 None
2024-03-27 14:42:56,351 sending via https://us0.explore.garmin.com/textmessage/txtmsg?extId=************0-9f8e-000d-3aa7780f0000&amp;adr=dewey.mtn.forecasts%40gmail.com
2024-03-27 14:42:56,351 <Response [500]>
