2024-03-27 14:47:50,213 token file exists
2024-03-27 14:47:50,214 file_cache is only supported with oauth2client<4.0.0
2024-03-27 14:47:50,218 URL being requested: GET https://gmail.googleapis.com/gmail/v1/users/me/messages?maxResults=50&includeSpamTrash=true&alt=json
2024-03-27 14:47:50,340 retrieved 50 emails
2024-03-27 14:47:50,342 URL being requested: GET https://gmail.googleapis.com/gmail/v1/users/me/messages/18e804ebaa605242?alt=json
2024-03-27 14:47:50,399 Encoding detection: ascii is most likely the one.
2024-03-27 14:47:50,401 URL being requested: GET https://gmail.googleapis.com/gmail/v1/users/me/messages/18e8039341513be8?alt=json
2024-03-27 14:47:50,453 Encoding detection: ascii is most likely the one.
2024-03-27 14:47:50,455 URL being requested: GET https://gmail.googleapis.com/gmail/v1/users/me/messages/18e8028bc1216767?alt=json
2024-03-27 14:47:50,554 Encoding detection: utf_8 will be used as a fallback match
2024-03-27 14:47:50,554 Encoding detection: Found utf_8 as plausible (best-candidate) for content. With 0 alternatives.
2024-03-27 14:47:50,557 URL being requested: GET https://gmail.googleapis.com/gmail/v1/users/me/messages/18e7fec830fc0fef?alt=json
2024-03-27 14:47:50,632 Encoding detection: utf_8 is most likely the one.
2024-03-27 14:47:50,635 URL being requested: GET https://gmail.googleapis.com/gmail/v1/users/me/messages/18e7c9fcc5e43a55?alt=json
2024-03-27 14:47:51,297 Encoding detection: ascii is most likely the one.
2024-03-27 14:47:51,299 URL being requested: GET https://gmail.googleapis.com/gmail/v1/users/me/messages/18e7c45dc8a6c43d?alt=json
2024-03-27 14:47:51,373 Encoding detection: utf_8 will be used as a fallback match
2024-03-27 14:47:51,373 Encoding detection: Found utf_8 as plausible (best-candidate) for content. With 0 alternatives.
2024-03-27 14:47:51,375 URL being requested: GET https://gmail.googleapis.com/gmail/v1/users/me/messages/18e7bd0d187bf0fd?alt=json
2024-03-27 14:47:51,442 Encoding detection: utf_8 will be used as a fallback match
2024-03-27 14:47:51,442 Encoding detection: Found utf_8 as plausible (best-candidate) for content. With 0 alternatives.
2024-03-27 14:47:51,444 URL being requested: GET https://gmail.googleapis.com/gmail/v1/users/me/messages/18e5a03dea4c7004?alt=json
2024-03-27 14:47:51,522 Encoding detection: utf_8 is most likely the one.
2024-03-27 14:47:51,524 URL being requested: GET https://gmail.googleapis.com/gmail/v1/users/me/messages/18e5279ac63d5c92?alt=json
2024-03-27 14:47:51,577 Encoding detection: utf_8 will be used as a fallback match
2024-03-27 14:47:51,577 Encoding detection: Found utf_8 as plausible (best-candidate) for content. With 0 alternatives.
2024-03-27 14:47:51,579 URL being requested: GET https://gmail.googleapis.com/gmail/v1/users/me/messages/18e4cbde9b2ce94f?alt=json
2024-03-27 14:47:51,646 'data'
2024-03-27 14:47:51,648 URL being requested: GET https://gmail.googleapis.com/gmail/v1/users/me/messages/18e42d1e729f2b06?alt=json
2024-03-27 14:47:51,715 'data'
2024-03-27 14:47:51,717 URL being requested: GET https://gmail.googleapis.com/gmail/v1/users/me/messages/18e3ebb881840de1?alt=json
2024-03-27 14:47:51,902 Encoding detection: utf_8 is most likely the one.
2024-03-27 14:47:51,904 URL being requested: GET https://gmail.googleapis.com/gmail/v1/users/me/messages/18e3e48215a43d36?alt=json
2024-03-27 14:47:51,973 Encoding detection: utf_8 is most likely the one.
2024-03-27 14:47:51,975 URL being requested: GET https://gmail.googleapis.com/gmail/v1/users/me/messages/18e3aae10cccec24?alt=json
2024-03-27 14:47:52,042 Encoding detection: utf_8 is most likely the one.
2024-03-27 14:47:52,044 URL being requested: GET https://gmail.googleapis.com/gmail/v1/users/me/messages/18e3aada98136d27?alt=json
2024-03-27 14:47:52,103 Encoding detection: utf_8 is most likely the one.
2024-03-27 14:47:52,107 URL being requested: GET https://gmail.googleapis.com/gmail/v1/users/me/messages/18e3aad9d196e063?alt=json
2024-03-27 14:47:52,188 Encoding detection: utf_8 is most likely the one.
2024-03-27 14:47:52,190 URL being requested: GET https://gmail.googleapis.com/gmail/v1/users/me/messages/18a0b9673199b723?alt=json
2024-03-27 14:47:52,266 Encoding detection: utf_8 is most likely the one.
2024-03-27 14:47:52,268 URL being requested: GET https://gmail.googleapis.com/gmail/v1/users/me/messages/188a59018a38848a?alt=json
2024-03-27 14:47:52,331 Encoding detection: utf_8 will be used as a fallback match
2024-03-27 14:47:52,331 Encoding detection: Found utf_8 as plausible (best-candidate) for content. With 0 alternatives.
2024-03-27 14:47:52,333 URL being requested: GET https://gmail.googleapis.com/gmail/v1/users/me/messages/18827148d63fdc87?alt=json
2024-03-27 14:47:52,397 Encoding detection: utf_8 will be used as a fallback match
2024-03-27 14:47:52,397 Encoding detection: Found utf_8 as plausible (best-candidate) for content. With 0 alternatives.
2024-03-27 14:47:52,399 URL being requested: GET https://gmail.googleapis.com/gmail/v1/users/me/messages/1881b0bcab37ef81?alt=json
2024-03-27 14:47:52,461 Encoding detection: utf_8 will be used as a fallback match
2024-03-27 14:47:52,462 Encoding detection: Found utf_8 as plausible (best-candidate) for content. With 0 alternatives.
2024-03-27 14:47:52,464 URL being requested: GET https://gmail.googleapis.com/gmail/v1/users/me/messages/188123344ae608d5?alt=json
2024-03-27 14:47:52,530 Encoding detection: utf_8 will be used as a fallback match
2024-03-27 14:47:52,530 Encoding detection: Found utf_8 as plausible (best-candidate) for content. With 0 alternatives.
2024-03-27 14:47:52,532 URL being requested: GET https://gmail.googleapis.com/gmail/v1/users/me/messages/1881102731e03849?alt=json
2024-03-27 14:47:52,588 Encoding detection: utf_8 will be used as a fallback match
2024-03-27 14:47:52,588 Encoding detection: Found utf_8 as plausible (best-candidate) for content. With 0 alternatives.
2024-03-27 14:47:52,590 URL being requested: GET https://gmail.googleapis.com/gmail/v1/users/me/messages/188097355e4346ce?alt=json
2024-03-27 14:47:52,722 Encoding detection: utf_8 will be used as a fallback match
2024-03-27 14:47:52,723 Encoding detection: Found utf_8 as plausible (best-candidate) for content. With 0 alternatives.
2024-03-27 14:47:52,724 URL being requested: GET https://gmail.googleapis.com/gmail/v1/users/me/messages/18803a60c47d23c6?alt=json
2024-03-27 14:47:52,774 Encoding detection: utf_8 will be used as a fallback match
2024-03-27 14:47:52,774 Encoding detection: Found utf_8 as plausible (best-candidate) for content. With 0 alternatives.
2024-03-27 14:47:52,776 URL being requested: GET https://gmail.googleapis.com/gmail/v1/users/me/messages/1880399ba7b3966d?alt=json
2024-03-27 14:47:52,841 Encoding detection: ascii is most likely the one.
2024-03-27 14:47:52,843 URL being requested: GET https://gmail.googleapis.com/gmail/v1/users/me/messages/188038ec026e89ec?alt=json
2024-03-27 14:47:52,907 Encoding detection: utf_8 will be used as a fallback match
2024-03-27 14:47:52,907 Encoding detection: Found utf_8 as plausible (best-candidate) for content. With 0 alternatives.
2024-03-27 14:47:52,910 URL being requested: GET https://gmail.googleapis.com/gmail/v1/users/me/messages/187fdb9a10a3b68d?alt=json
2024-03-27 14:47:52,960 Encoding detection: utf_8 will be used as a fallback match
2024-03-27 14:47:52,960 Encoding detection: Found utf_8 as plausible (best-candidate) for content. With 0 alternatives.
2024-03-27 14:47:52,962 URL being requested: GET https://gmail.googleapis.com/gmail/v1/users/me/messages/187fd86b40c878a5?alt=json
2024-03-27 14:47:53,024 Encoding detection: utf_8 will be used as a fallback match
2024-03-27 14:47:53,024 Encoding detection: Found utf_8 as plausible (best-candidate) for content. With 0 alternatives.
2024-03-27 14:47:53,026 URL being requested: GET https://gmail.googleapis.com/gmail/v1/users/me/messages/187d8b8294b92faf?alt=json
2024-03-27 14:47:53,076 Encoding detection: utf_8 will be used as a fallback match
2024-03-27 14:47:53,076 Encoding detection: Found utf_8 as plausible (best-candidate) for content. With 0 alternatives.
2024-03-27 14:47:53,078 URL being requested: GET https://gmail.googleapis.com/gmail/v1/users/me/messages/187d8ab879f6926c?alt=json
2024-03-27 14:47:53,175 Encoding detection: ascii is most likely the one.
2024-03-27 14:47:53,177 URL being requested: GET https://gmail.googleapis.com/gmail/v1/users/me/messages/187d8a8b2ff2947e?alt=json
2024-03-27 14:47:53,303 Encoding detection: ascii is most likely the one.
2024-03-27 14:47:53,305 URL being requested: GET https://gmail.googleapis.com/gmail/v1/users/me/messages/187d886579460987?alt=json
2024-03-27 14:47:53,370 Encoding detection: ascii is most likely the one.
2024-03-27 14:47:53,372 URL being requested: GET https://gmail.googleapis.com/gmail/v1/users/me/messages/187d886550d58e51?alt=json
2024-03-27 14:47:53,512 Encoding detection: utf_8 is most likely the one.
2024-03-27 14:47:53,514 URL being requested: GET https://gmail.googleapis.com/gmail/v1/users/me/messages/187d54d6b146cc88?alt=json
2024-03-27 14:47:53,581 Encoding detection: utf_8 is most likely the one.
2024-03-27 14:47:53,583 URL being requested: GET https://gmail.googleapis.com/gmail/v1/users/me/messages/187d24ce13cd8b33?alt=json
2024-03-27 14:47:53,756 Encoding detection: ascii is most likely the one.
2024-03-27 14:47:53,758 URL being requested: GET https://gmail.googleapis.com/gmail/v1/users/me/messages/187d24c3942a5577?alt=json
2024-03-27 14:47:53,819 Encoding detection: ascii is most likely the one.
2024-03-27 14:47:53,822 URL being requested: GET https://gmail.googleapis.com/gmail/v1/users/me/messages/187d24b67cf7edea?alt=json
2024-03-27 14:47:53,882 Encoding detection: ascii is most likely the one.
2024-03-27 14:47:53,884 URL being requested: GET https://gmail.googleapis.com/gmail/v1/users/me/messages/187d24b2afd6390b?alt=json
2024-03-27 14:47:53,948 Encoding detection: ascii is most likely the one.
2024-03-27 14:47:53,950 URL being requested: GET https://gmail.googleapis.com/gmail/v1/users/me/messages/187d24ad9dccbd13?alt=json
2024-03-27 14:47:54,046 Encoding detection: ascii is most likely the one.
2024-03-27 14:47:54,048 URL being requested: GET https://gmail.googleapis.com/gmail/v1/users/me/messages/187d24a6fe07cc40?alt=json
2024-03-27 14:47:54,100 Encoding detection: ascii is most likely the one.
2024-03-27 14:47:54,102 URL being requested: GET https://gmail.googleapis.com/gmail/v1/users/me/messages/187d24a3e025dfc5?alt=json
2024-03-27 14:47:54,166 Encoding detection: ascii is most likely the one.
2024-03-27 14:47:54,168 URL being requested: GET https://gmail.googleapis.com/gmail/v1/users/me/messages/187d24a02bd6cfe1?alt=json
2024-03-27 14:47:54,229 Encoding detection: ascii is most likely the one.
2024-03-27 14:47:54,231 URL being requested: GET https://gmail.googleapis.com/gmail/v1/users/me/messages/187d249d2395b37b?alt=json
2024-03-27 14:47:54,282 Encoding detection: ascii is most likely the one.
2024-03-27 14:47:54,284 URL being requested: GET https://gmail.googleapis.com/gmail/v1/users/me/messages/187d2499ebe2b845?alt=json
2024-03-27 14:47:54,354 Encoding detection: ascii is most likely the one.
2024-03-27 14:47:54,356 URL being requested: GET https://gmail.googleapis.com/gmail/v1/users/me/messages/187ce613d9e8fb8a?alt=json
2024-03-27 14:47:54,404 Encoding detection: ascii is most likely the one.
2024-03-27 14:47:54,406 URL being requested: GET https://gmail.googleapis.com/gmail/v1/users/me/messages/187cde75c587328a?alt=json
2024-03-27 14:47:54,473 Encoding detection: ascii is most likely the one.
2024-03-27 14:47:54,475 URL being requested: GET https://gmail.googleapis.com/gmail/v1/users/me/messages/187c9559ddde8d8d?alt=json
2024-03-27 14:47:54,556 Encoding detection: ascii is most likely the one.
2024-03-27 14:47:54,558 URL being requested: GET https://gmail.googleapis.com/gmail/v1/users/me/messages/187bdf17d232b43e?alt=json
2024-03-27 14:47:54,609 Encoding detection: ascii is most likely the one.
2024-03-27 14:47:54,611 URL being requested: GET https://gmail.googleapis.com/gmail/v1/users/me/messages/187b696bcb1e7fa4?alt=json
2024-03-27 14:47:54,672 Encoding detection: ascii is most likely the one.
2024-03-27 14:47:54,674 URL being requested: GET https://gmail.googleapis.com/gmail/v1/users/me/messages/187b0a670fd3b315?alt=json
2024-03-27 14:47:54,721 Encoding detection: ascii is most likely the one.
2024-03-27 14:47:54,721 decoded 48 emails
2024-03-27 14:47:54,722 found 1 new forecast request(s)
2024-03-27 14:47:54,723 inreach forecast request:
40.25488,-105.61603
4341
mbd
             
test: False
2024-03-27 14:47:54,725 requested forecast already retrived recently at 2024-03-27 14:29
2024-03-27 14:47:54,726 weather forecast reply:
402 -1056 14 D
27-02
H 10 21 19 20 22 15 22
L  2  7 13 14 11  8  6
C  7  7  0  0  4  1  8
S .4 .1  5  2  3  1  -
P 3 4 8 8 8 9 1
W 3 4 2 2 2 2 2
% 7 6 5 4 4 3 6
2024-03-27 14:47:54,729 Starting new HTTPS connection (1): us0.explore.garmin.com:443
2024-03-27 14:47:54,870 https://us0.explore.garmin.com:443 "GET /textmessage/txtmsg?extId=08db5496-6f20-9f8e-000d-3aa7780f0000&amp;adr=dewey.mtn.forecasts%40gmail.com HTTP/1.1" 200 None
2024-03-27 14:47:54,883 {'ReplyAddress': None, 'ReplyMessage': '402 -1056 14 D\n27-02\nH 10 21 19 20 22 15 22\nL  2  7 13 14 11  8  6\nC  7  7  0  0  4  1  8\nS .4 .1  5  2  3  1  -\nP 3 4 8 8 8 9 1\nW 3 4 2 2 2 2 2\n% 7 6 5 4 4 3 6', 'MessageId': '353793859', 'Guid': '08db5496-6f20-9f8e-000d-3aa7780f0000'}
2024-03-27 14:47:54,884 Starting new HTTPS connection (1): us0.explore.garmin.com:443
2024-03-27 14:47:55,025 https://us0.explore.garmin.com:443 "POST /textmessage/txtmsg?extId=08db5496-6f20-9f8e-000d-3aa7780f0000&amp;adr=dewey.mtn.forecasts%40gmail.com HTTP/1.1" 500 None
2024-03-27 14:47:55,025 sending via https://us0.explore.garmin.com/textmessage/txtmsg?extId=************0-9f8e-000d-3aa7780f0000&amp;adr=dewey.mtn.forecasts%40gmail.com
2024-03-27 14:47:55,025 <Response [500]>
