2024-03-27 15:26:03,286 token file exists
2024-03-27 15:26:03,286 token no longer valid
2024-03-27 15:26:03,286 Making request: POST https://oauth2.googleapis.com/token
2024-03-27 15:26:03,288 Starting new HTTPS connection (1): oauth2.googleapis.com:443
2024-03-27 15:26:03,450 https://oauth2.googleapis.com:443 "POST /token HTTP/1.1" 200 None
2024-03-27 15:26:03,452 file_cache is only supported with oauth2client<4.0.0
2024-03-27 15:26:03,455 URL being requested: GET https://gmail.googleapis.com/gmail/v1/users/me/messages?maxResults=50&includeSpamTrash=true&alt=json
2024-03-27 15:26:03,587 retrieved 50 emails
2024-03-27 15:26:03,590 URL being requested: GET https://gmail.googleapis.com/gmail/v1/users/me/messages/18e804ebaa605242?alt=json
2024-03-27 15:26:03,659 Encoding detection: ascii is most likely the one.
2024-03-27 15:26:03,661 URL being requested: GET https://gmail.googleapis.com/gmail/v1/users/me/messages/18e8039341513be8?alt=json
2024-03-27 15:26:03,730 Encoding detection: ascii is most likely the one.
2024-03-27 15:26:03,732 URL being requested: GET https://gmail.googleapis.com/gmail/v1/users/me/messages/18e8028bc1216767?alt=json
2024-03-27 15:26:04,786 Encoding detection: utf_8 will be used as a fallback match
2024-03-27 15:26:04,786 Encoding detection: Found utf_8 as plausible (best-candidate) for content. With 0 alternatives.
2024-03-27 15:26:04,788 URL being requested: GET https://gmail.googleapis.com/gmail/v1/users/me/messages/18e7fec830fc0fef?alt=json
2024-03-27 15:26:04,865 Encoding detection: utf_8 is most likely the one.
2024-03-27 15:26:04,867 URL being requested: GET https://gmail.googleapis.com/gmail/v1/users/me/messages/18e7c9fcc5e43a55?alt=json
2024-03-27 15:26:04,934 Encoding detection: ascii is most likely the one.
2024-03-27 15:26:04,936 URL being requested: GET https://gmail.googleapis.com/gmail/v1/users/me/messages/18e7c45dc8a6c43d?alt=json
2024-03-27 15:26:05,005 Encoding detection: utf_8 will be used as a fallback match
2024-03-27 15:26:05,005 Encoding detection: Found utf_8 as plausible (best-candidate) for content. With 0 alternatives.
2024-03-27 15:26:05,007 URL being requested: GET https://gmail.googleapis.com/gmail/v1/users/me/messages/18e7bd0d187bf0fd?alt=json
2024-03-27 15:26:05,076 Encoding detection: utf_8 will be used as a fallback match
2024-03-27 15:26:05,076 Encoding detection: Found utf_8 as plausible (best-candidate) for content. With 0 alternatives.
2024-03-27 15:26:05,078 URL being requested: GET https://gmail.googleapis.com/gmail/v1/users/me/messages/18e5a03dea4c7004?alt=json
2024-03-27 15:26:05,186 Encoding detection: utf_8 is most likely the one.
2024-03-27 15:26:05,188 URL being requested: GET https://gmail.googleapis.com/gmail/v1/users/me/messages/18e5279ac63d5c92?alt=json
2024-03-27 15:26:05,265 Encoding detection: utf_8 will be used as a fallback match
2024-03-27 15:26:05,265 Encoding detection: Found utf_8 as plausible (best-candidate) for content. With 0 alternatives.
2024-03-27 15:26:05,267 URL being requested: GET https://gmail.googleapis.com/gmail/v1/users/me/messages/18e4cbde9b2ce94f?alt=json
2024-03-27 15:26:05,340 'data'
2024-03-27 15:26:05,342 URL being requested: GET https://gmail.googleapis.com/gmail/v1/users/me/messages/18e42d1e729f2b06?alt=json
2024-03-27 15:26:05,413 'data'
2024-03-27 15:26:05,414 URL being requested: GET https://gmail.googleapis.com/gmail/v1/users/me/messages/18e3ebb881840de1?alt=json
2024-03-27 15:26:05,491 Encoding detection: utf_8 is most likely the one.
2024-03-27 15:26:05,493 URL being requested: GET https://gmail.googleapis.com/gmail/v1/users/me/messages/18e3e48215a43d36?alt=json
2024-03-27 15:26:05,568 Encoding detection: utf_8 is most likely the one.
2024-03-27 15:26:05,569 URL being requested: GET https://gmail.googleapis.com/gmail/v1/users/me/messages/18e3aae10cccec24?alt=json
2024-03-27 15:26:05,656 Encoding detection: utf_8 is most likely the one.
2024-03-27 15:26:05,658 URL being requested: GET https://gmail.googleapis.com/gmail/v1/users/me/messages/18e3aada98136d27?alt=json
2024-03-27 15:26:05,742 Encoding detection: utf_8 is most likely the one.
2024-03-27 15:26:05,744 URL being requested: GET https://gmail.googleapis.com/gmail/v1/users/me/messages/18e3aad9d196e063?alt=json
2024-03-27 15:26:05,826 Encoding detection: utf_8 is most likely the one.
2024-03-27 15:26:05,828 URL being requested: GET https://gmail.googleapis.com/gmail/v1/users/me/messages/18a0b9673199b723?alt=json
2024-03-27 15:26:05,917 Encoding detection: utf_8 is most likely the one.
2024-03-27 15:26:05,919 URL being requested: GET https://gmail.googleapis.com/gmail/v1/users/me/messages/188a59018a38848a?alt=json
2024-03-27 15:26:05,985 Encoding detection: utf_8 will be used as a fallback match
2024-03-27 15:26:05,986 Encoding detection: Found utf_8 as plausible (best-candidate) for content. With 0 alternatives.
2024-03-27 15:26:05,988 URL being requested: GET https://gmail.googleapis.com/gmail/v1/users/me/messages/18827148d63fdc87?alt=json
2024-03-27 15:26:06,041 Encoding detection: utf_8 will be used as a fallback match
2024-03-27 15:26:06,041 Encoding detection: Found utf_8 as plausible (best-candidate) for content. With 0 alternatives.
2024-03-27 15:26:06,043 URL being requested: GET https://gmail.googleapis.com/gmail/v1/users/me/messages/1881b0bcab37ef81?alt=json
2024-03-27 15:26:06,110 Encoding detection: utf_8 will be used as a fallback match
2024-03-27 15:26:06,110 Encoding detection: Found utf_8 as plausible (best-candidate) for content. With 0 alternatives.
2024-03-27 15:26:06,112 URL being requested: GET https://gmail.googleapis.com/gmail/v1/users/me/messages/188123344ae608d5?alt=json
2024-03-27 15:26:06,167 Encoding detection: utf_8 will be used as a fallback match
2024-03-27 15:26:06,167 Encoding detection: Found utf_8 as plausible (best-candidate) for content. With 0 alternatives.
2024-03-27 15:26:06,169 URL being requested: GET https://gmail.googleapis.com/gmail/v1/users/me/messages/1881102731e03849?alt=json
2024-03-27 15:26:06,240 Encoding detection: utf_8 will be used as a fallback match
2024-03-27 15:26:06,240 Encoding detection: Found utf_8 as plausible (best-candidate) for content. With 0 alternatives.
2024-03-27 15:26:06,242 URL being requested: GET https://gmail.googleapis.com/gmail/v1/users/me/messages/188097355e4346ce?alt=json
2024-03-27 15:26:06,306 Encoding detection: utf_8 will be used as a fallback match
2024-03-27 15:26:06,306 Encoding detection: Found utf_8 as plausible (best-candidate) for content. With 0 alternatives.
2024-03-27 15:26:06,308 URL being requested: GET https://gmail.googleapis.com/gmail/v1/users/me/messages/18803a60c47d23c6?alt=json
2024-03-27 15:26:06,372 Encoding detection: utf_8 will be used as a fallback match
2024-03-27 15:26:06,372 Encoding detection: Found utf_8 as plausible (best-candidate) for content. With 0 alternatives.
2024-03-27 15:26:06,374 URL being requested: GET https://gmail.googleapis.com/gmail/v1/users/me/messages/1880399ba7b3966d?alt=json
2024-03-27 15:26:06,558 Encoding detection: ascii is most likely the one.
2024-03-27 15:26:06,560 URL being requested: GET https://gmail.googleapis.com/gmail/v1/users/me/messages/188038ec026e89ec?alt=json
2024-03-27 15:26:06,753 Encoding detection: utf_8 will be used as a fallback match
2024-03-27 15:26:06,754 Encoding detection: Found utf_8 as plausible (best-candidate) for content. With 0 alternatives.
2024-03-27 15:26:06,755 URL being requested: GET https://gmail.googleapis.com/gmail/v1/users/me/messages/187fdb9a10a3b68d?alt=json
2024-03-27 15:26:06,838 Encoding detection: utf_8 will be used as a fallback match
2024-03-27 15:26:06,838 Encoding detection: Found utf_8 as plausible (best-candidate) for content. With 0 alternatives.
2024-03-27 15:26:06,840 URL being requested: GET https://gmail.googleapis.com/gmail/v1/users/me/messages/187fd86b40c878a5?alt=json
2024-03-27 15:26:06,919 Encoding detection: utf_8 will be used as a fallback match
2024-03-27 15:26:06,919 Encoding detection: Found utf_8 as plausible (best-candidate) for content. With 0 alternatives.
2024-03-27 15:26:06,921 URL being requested: GET https://gmail.googleapis.com/gmail/v1/users/me/messages/187d8b8294b92faf?alt=json
2024-03-27 15:26:06,989 Encoding detection: utf_8 will be used as a fallback match
2024-03-27 15:26:06,989 Encoding detection: Found utf_8 as plausible (best-candidate) for content. With 0 alternatives.
2024-03-27 15:26:06,991 URL being requested: GET https://gmail.googleapis.com/gmail/v1/users/me/messages/187d8ab879f6926c?alt=json
2024-03-27 15:26:07,053 Encoding detection: ascii is most likely the one.
2024-03-27 15:26:07,055 URL being requested: GET https://gmail.googleapis.com/gmail/v1/users/me/messages/187d8a8b2ff2947e?alt=json
2024-03-27 15:26:07,122 Encoding detection: ascii is most likely the one.
2024-03-27 15:26:07,124 URL being requested: GET https://gmail.googleapis.com/gmail/v1/users/me/messages/187d886579460987?alt=json
2024-03-27 15:26:07,197 Encoding detection: ascii is most likely the one.
2024-03-27 15:26:07,199 URL being requested: GET https://gmail.googleapis.com/gmail/v1/users/me/messages/187d886550d58e51?alt=json
2024-03-27 15:26:07,256 Encoding detection: utf_8 is most likely the one.
2024-03-27 15:26:07,258 URL being requested: GET https://gmail.googleapis.com/gmail/v1/users/me/messages/187d54d6b146cc88?alt=json
2024-03-27 15:26:07,324 Encoding detection: utf_8 is most likely the one.
2024-03-27 15:26:07,326 URL being requested: GET https://gmail.googleapis.com/gmail/v1/users/me/messages/187d24ce13cd8b33?alt=json
2024-03-27 15:26:07,387 Encoding detection: ascii is most likely the one.
2024-03-27 15:26:07,389 URL being requested: GET https://gmail.googleapis.com/gmail/v1/users/me/messages/187d24c3942a5577?alt=json
2024-03-27 15:26:07,457 Encoding detection: ascii is most likely the one.
2024-03-27 15:26:07,459 URL being requested: GET https://gmail.googleapis.com/gmail/v1/users/me/messages/187d24b67cf7edea?alt=json
2024-03-27 15:26:07,549 Encoding detection: ascii is most likely the one.
2024-03-27 15:26:07,550 URL being requested: GET https://gmail.googleapis.com/gmail/v1/users/me/messages/187d24b2afd6390b?alt=json
2024-03-27 15:26:07,779 Encoding detection: ascii is most likely the one.
2024-03-27 15:26:07,781 URL being requested: GET https://gmail.googleapis.com/gmail/v1/users/me/messages/187d24ad9dccbd13?alt=json
2024-03-27 15:26:07,855 Encoding detection: ascii is most likely the one.
2024-03-27 15:26:07,857 URL being requested: GET https://gmail.googleapis.com/gmail/v1/users/me/messages/187d24a6fe07cc40?alt=json
2024-03-27 15:26:07,941 Encoding detection: ascii is most likely the one.
2024-03-27 15:26:07,943 URL being requested: GET https://gmail.googleapis.com/gmail/v1/users/me/messages/187d24a3e025dfc5?alt=json
2024-03-27 15:26:08,186 Encoding detection: ascii is most likely the one.
2024-03-27 15:26:08,188 URL being requested: GET https://gmail.googleapis.com/gmail/v1/users/me/messages/187d24a02bd6cfe1?alt=json
2024-03-27 15:26:08,256 Encoding detection: ascii is most likely the one.
2024-03-27 15:26:08,258 URL being requested: GET https://gmail.googleapis.com/gmail/v1/users/me/messages/187d249d2395b37b?alt=json
2024-03-27 15:26:08,351 Encoding detection: ascii is most likely the one.
2024-03-27 15:26:08,353 URL being requested: GET https://gmail.googleapis.com/gmail/v1/users/me/messages/187d2499ebe2b845?alt=json
2024-03-27 15:26:08,442 Encoding detection: ascii is most likely the one.
2024-03-27 15:26:08,444 URL being requested: GET https://gmail.googleapis.com/gmail/v1/users/me/messages/187ce613d9e8fb8a?alt=json
2024-03-27 15:26:08,611 Encoding detection: ascii is most likely the one.
2024-03-27 15:26:08,613 URL being requested: GET https://gmail.googleapis.com/gmail/v1/users/me/messages/187cde75c587328a?alt=json
2024-03-27 15:26:08,682 Encoding detection: ascii is most likely the one.
2024-03-27 15:26:08,683 URL being requested: GET https://gmail.googleapis.com/gmail/v1/users/me/messages/187c9559ddde8d8d?alt=json
2024-03-27 15:26:08,751 Encoding detection: ascii is most likely the one.
2024-03-27 15:26:08,753 URL being requested: GET https://gmail.googleapis.com/gmail/v1/users/me/messages/187bdf17d232b43e?alt=json
2024-03-27 15:26:08,811 Encoding detection: ascii is most likely the one.
2024-03-27 15:26:08,813 URL being requested: GET https://gmail.googleapis.com/gmail/v1/users/me/messages/187b696bcb1e7fa4?alt=json
2024-03-27 15:26:08,881 Encoding detection: ascii is most likely the one.
2024-03-27 15:26:08,883 URL being requested: GET https://gmail.googleapis.com/gmail/v1/users/me/messages/187b0a670fd3b315?alt=json
2024-03-27 15:26:08,941 Encoding detection: ascii is most likely the one.
2024-03-27 15:26:08,941 decoded 48 emails
2024-03-27 15:26:08,942 found 1 new forecast request(s)
2024-03-27 15:26:08,942 inreach forecast request:
40.25488,-105.61603
4341
mbd
             
test: False
2024-03-27 15:26:08,984 requested forecast already retrived recently at 2024-03-27 14:29
2024-03-27 15:26:08,985 weather forecast reply:
402 -1056 14 D
27-02
H 10 21 19 20 22 15 22
L  2  7 13 14 11  8  6
C  7  7  0  0  4  1  8
S .4 .1  5  2  3  1  -
P 3 4 8 8 8 9 1
W 3 4 2 2 2 2 2
% 7 6 5 4 4 3 6
2024-03-27 15:26:08,986 Starting new HTTPS connection (1): us0.explore.garmin.com:443
2024-03-27 15:26:09,467 https://us0.explore.garmin.com:443 "GET /textmessage/txtmsg?extId=08db5496-6f20-9f8e-000d-3aa7780f0000&amp;adr=dewey.mtn.forecasts%40gmail.com HTTP/1.1" 200 None
2024-03-27 15:26:09,478 {'ReplyAddress': None, 'ReplyMessage': '402 -1056 14 D\n27-02\nH 10 21 19 20 22 15 22\nL  2  7 13 14 11  8  6\nC  7  7  0  0  4  1  8\nS .4 .1  5  2  3  1  -\nP 3 4 8 8 8 9 1\nW 3 4 2 2 2 2 2\n% 7 6 5 4 4 3 6', 'MessageId': '353793859', 'Guid': '08db5496-6f20-9f8e-000d-3aa7780f0000'}
2024-03-27 15:26:09,479 Starting new HTTPS connection (1): us0.explore.garmin.com:443
2024-03-27 15:26:09,734 https://us0.explore.garmin.com:443 "POST /textmessage/txtmsg HTTP/1.1" 500 None
2024-03-27 15:26:09,734 sending via https://us0.explore.garmin.com/textmessage/txtmsg?extId=************0-9f8e-000d-3aa7780f0000&amp;adr=dewey.mtn.forecasts%40gmail.com
2024-03-27 15:26:09,734 <Response [500]>
2024-03-27 15:26:09,735 reply url failed! retrying via fallback url
2024-03-27 15:26:09,736 Starting new HTTPS connection (1): us0.explore.garmin.com:443
2024-03-27 15:26:10,170 https://us0.explore.garmin.com:443 "GET /textmessage/txtmsg?extId=08db69b9-38e5-0b2f-000d-3aa728400000&adr=dewey.mtn.forecasts%40gmail.com HTTP/1.1" 200 None
2024-03-27 15:26:10,181 {'ReplyAddress': 'dewey.mtn.forecasts@gmail.com', 'ReplyMessage': '402 -1056 14 D\n27-02\nH 10 21 19 20 22 15 22\nL  2  7 13 14 11  8  6\nC  7  7  0  0  4  1  8\nS .4 .1  5  2  3  1  -\nP 3 4 8 8 8 9 1\nW 3 4 2 2 2 2 2\n% 7 6 5 4 4 3 6', 'MessageId': '360739443', 'Guid': '08db69b9-38e5-0b2f-000d-3aa728400000'}
2024-03-27 15:26:10,181 Starting new HTTPS connection (1): us0.explore.garmin.com:443
2024-03-27 15:26:10,382 https://us0.explore.garmin.com:443 "POST /textmessage/txtmsg HTTP/1.1" 200 135
2024-03-27 15:26:10,383 sending via https://us0.explore.garmin.com/textmessage/txtmsg?extId=************5-0b2f-000d-3aa728400000&adr=dewey.mtn.forecasts%40gmail.com
2024-03-27 15:26:10,383 <Response [200]>
