2024-03-27 15:04:50,081 token file exists
2024-03-27 15:04:50,082 file_cache is only supported with oauth2client<4.0.0
2024-03-27 15:04:50,085 URL being requested: GET https://gmail.googleapis.com/gmail/v1/users/me/messages?maxResults=50&includeSpamTrash=true&alt=json
2024-03-27 15:04:50,170 retrieved 50 emails
2024-03-27 15:04:50,172 URL being requested: GET https://gmail.googleapis.com/gmail/v1/users/me/messages/18e804ebaa605242?alt=json
2024-03-27 15:04:50,278 Encoding detection: ascii is most likely the one.
2024-03-27 15:04:50,280 URL being requested: GET https://gmail.googleapis.com/gmail/v1/users/me/messages/18e8039341513be8?alt=json
2024-03-27 15:04:50,350 Encoding detection: ascii is most likely the one.
2024-03-27 15:04:50,352 URL being requested: GET https://gmail.googleapis.com/gmail/v1/users/me/messages/18e8028bc1216767?alt=json
2024-03-27 15:04:50,442 Encoding detection: utf_8 will be used as a fallback match
2024-03-27 15:04:50,442 Encoding detection: Found utf_8 as plausible (best-candidate) for content. With 0 alternatives.
2024-03-27 15:04:50,444 URL being requested: GET https://gmail.googleapis.com/gmail/v1/users/me/messages/18e7fec830fc0fef?alt=json
2024-03-27 15:04:50,646 Encoding detection: utf_8 is most likely the one.
2024-03-27 15:04:50,648 URL being requested: GET https://gmail.googleapis.com/gmail/v1/users/me/messages/18e7c9fcc5e43a55?alt=json
2024-03-27 15:04:50,731 Encoding detection: ascii is most likely the one.
2024-03-27 15:04:50,733 URL being requested: GET https://gmail.googleapis.com/gmail/v1/users/me/messages/18e7c45dc8a6c43d?alt=json
2024-03-27 15:04:50,800 Encoding detection: utf_8 will be used as a fallback match
2024-03-27 15:04:50,800 Encoding detection: Found utf_8 as plausible (best-candidate) for content. With 0 alternatives.
2024-03-27 15:04:50,802 URL being requested: GET https://gmail.googleapis.com/gmail/v1/users/me/messages/18e7bd0d187bf0fd?alt=json
2024-03-27 15:04:50,867 Encoding detection: utf_8 will be used as a fallback match
2024-03-27 15:04:50,867 Encoding detection: Found utf_8 as plausible (best-candidate) for content. With 0 alternatives.
2024-03-27 15:04:50,869 URL being requested: GET https://gmail.googleapis.com/gmail/v1/users/me/messages/18e5a03dea4c7004?alt=json
2024-03-27 15:04:50,947 Encoding detection: utf_8 is most likely the one.
2024-03-27 15:04:50,949 URL being requested: GET https://gmail.googleapis.com/gmail/v1/users/me/messages/18e5279ac63d5c92?alt=json
2024-03-27 15:04:51,019 Encoding detection: utf_8 will be used as a fallback match
2024-03-27 15:04:51,019 Encoding detection: Found utf_8 as plausible (best-candidate) for content. With 0 alternatives.
2024-03-27 15:04:51,022 URL being requested: GET https://gmail.googleapis.com/gmail/v1/users/me/messages/18e4cbde9b2ce94f?alt=json
2024-03-27 15:04:51,096 'data'
2024-03-27 15:04:51,098 URL being requested: GET https://gmail.googleapis.com/gmail/v1/users/me/messages/18e42d1e729f2b06?alt=json
2024-03-27 15:04:51,209 'data'
2024-03-27 15:04:51,211 URL being requested: GET https://gmail.googleapis.com/gmail/v1/users/me/messages/18e3ebb881840de1?alt=json
2024-03-27 15:04:51,277 Encoding detection: utf_8 is most likely the one.
2024-03-27 15:04:51,279 URL being requested: GET https://gmail.googleapis.com/gmail/v1/users/me/messages/18e3e48215a43d36?alt=json
2024-03-27 15:04:51,379 Encoding detection: utf_8 is most likely the one.
2024-03-27 15:04:51,381 URL being requested: GET https://gmail.googleapis.com/gmail/v1/users/me/messages/18e3aae10cccec24?alt=json
2024-03-27 15:04:51,585 Encoding detection: utf_8 is most likely the one.
2024-03-27 15:04:51,587 URL being requested: GET https://gmail.googleapis.com/gmail/v1/users/me/messages/18e3aada98136d27?alt=json
2024-03-27 15:04:51,650 Encoding detection: utf_8 is most likely the one.
2024-03-27 15:04:51,652 URL being requested: GET https://gmail.googleapis.com/gmail/v1/users/me/messages/18e3aad9d196e063?alt=json
2024-03-27 15:04:51,723 Encoding detection: utf_8 is most likely the one.
2024-03-27 15:04:51,725 URL being requested: GET https://gmail.googleapis.com/gmail/v1/users/me/messages/18a0b9673199b723?alt=json
2024-03-27 15:04:51,855 Encoding detection: utf_8 is most likely the one.
2024-03-27 15:04:51,857 URL being requested: GET https://gmail.googleapis.com/gmail/v1/users/me/messages/188a59018a38848a?alt=json
2024-03-27 15:04:51,926 Encoding detection: utf_8 will be used as a fallback match
2024-03-27 15:04:51,926 Encoding detection: Found utf_8 as plausible (best-candidate) for content. With 0 alternatives.
2024-03-27 15:04:51,928 URL being requested: GET https://gmail.googleapis.com/gmail/v1/users/me/messages/18827148d63fdc87?alt=json
2024-03-27 15:04:51,999 Encoding detection: utf_8 will be used as a fallback match
2024-03-27 15:04:51,999 Encoding detection: Found utf_8 as plausible (best-candidate) for content. With 0 alternatives.
2024-03-27 15:04:52,002 URL being requested: GET https://gmail.googleapis.com/gmail/v1/users/me/messages/1881b0bcab37ef81?alt=json
2024-03-27 15:04:52,064 Encoding detection: utf_8 will be used as a fallback match
2024-03-27 15:04:52,064 Encoding detection: Found utf_8 as plausible (best-candidate) for content. With 0 alternatives.
2024-03-27 15:04:52,066 URL being requested: GET https://gmail.googleapis.com/gmail/v1/users/me/messages/188123344ae608d5?alt=json
2024-03-27 15:04:52,136 Encoding detection: utf_8 will be used as a fallback match
2024-03-27 15:04:52,136 Encoding detection: Found utf_8 as plausible (best-candidate) for content. With 0 alternatives.
2024-03-27 15:04:52,139 URL being requested: GET https://gmail.googleapis.com/gmail/v1/users/me/messages/1881102731e03849?alt=json
2024-03-27 15:04:52,214 Encoding detection: utf_8 will be used as a fallback match
2024-03-27 15:04:52,214 Encoding detection: Found utf_8 as plausible (best-candidate) for content. With 0 alternatives.
2024-03-27 15:04:52,216 URL being requested: GET https://gmail.googleapis.com/gmail/v1/users/me/messages/188097355e4346ce?alt=json
2024-03-27 15:04:52,285 Encoding detection: utf_8 will be used as a fallback match
2024-03-27 15:04:52,285 Encoding detection: Found utf_8 as plausible (best-candidate) for content. With 0 alternatives.
2024-03-27 15:04:52,288 URL being requested: GET https://gmail.googleapis.com/gmail/v1/users/me/messages/18803a60c47d23c6?alt=json
2024-03-27 15:04:52,516 Encoding detection: utf_8 will be used as a fallback match
2024-03-27 15:04:52,516 Encoding detection: Found utf_8 as plausible (best-candidate) for content. With 0 alternatives.
2024-03-27 15:04:52,518 URL being requested: GET https://gmail.googleapis.com/gmail/v1/users/me/messages/1880399ba7b3966d?alt=json
2024-03-27 15:04:52,588 Encoding detection: ascii is most likely the one.
2024-03-27 15:04:52,590 URL being requested: GET https://gmail.googleapis.com/gmail/v1/users/me/messages/188038ec026e89ec?alt=json
2024-03-27 15:04:52,742 Encoding detection: utf_8 will be used as a fallback match
2024-03-27 15:04:52,742 Encoding detection: Found utf_8 as plausible (best-candidate) for content. With 0 alternatives.
2024-03-27 15:04:52,744 URL being requested: GET https://gmail.googleapis.com/gmail/v1/users/me/messages/187fdb9a10a3b68d?alt=json
2024-03-27 15:04:52,810 Encoding detection: utf_8 will be used as a fallback match
2024-03-27 15:04:52,810 Encoding detection: Found utf_8 as plausible (best-candidate) for content. With 0 alternatives.
2024-03-27 15:04:52,813 URL being requested: GET https://gmail.googleapis.com/gmail/v1/users/me/messages/187fd86b40c878a5?alt=json
2024-03-27 15:04:52,880 Encoding detection: utf_8 will be used as a fallback match
2024-03-27 15:04:52,880 Encoding detection: Found utf_8 as plausible (best-candidate) for content. With 0 alternatives.
2024-03-27 15:04:52,883 URL being requested: GET https://gmail.googleapis.com/gmail/v1/users/me/messages/187d8b8294b92faf?alt=json
2024-03-27 15:04:52,948 Encoding detection: utf_8 will be used as a fallback match
2024-03-27 15:04:52,948 Encoding detection: Found utf_8 as plausible (best-candidate) for content. With 0 alternatives.
2024-03-27 15:04:52,950 URL being requested: GET https://gmail.googleapis.com/gmail/v1/users/me/messages/187d8ab879f6926c?alt=json
2024-03-27 15:04:53,148 Encoding detection: ascii is most likely the one.
2024-03-27 15:04:53,151 URL being requested: GET https://gmail.googleapis.com/gmail/v1/users/me/messages/187d8a8b2ff2947e?alt=json
2024-03-27 15:04:53,393 Encoding detection: ascii is most likely the one.
2024-03-27 15:04:53,395 URL being requested: GET https://gmail.googleapis.com/gmail/v1/users/me/messages/187d886579460987?alt=json
2024-03-27 15:04:53,445 Encoding detection: ascii is most likely the one.
2024-03-27 15:04:53,447 URL being requested: GET https://gmail.googleapis.com/gmail/v1/users/me/messages/187d886550d58e51?alt=json
2024-03-27 15:04:53,540 Encoding detection: utf_8 is most likely the one.
2024-03-27 15:04:53,542 URL being requested: GET https://gmail.googleapis.com/gmail/v1/users/me/messages/187d54d6b146cc88?alt=json
2024-03-27 15:04:53,622 Encoding detection: utf_8 is most likely the one.
2024-03-27 15:04:53,624 URL being requested: GET https://gmail.googleapis.com/gmail/v1/users/me/messages/187d24ce13cd8b33?alt=json
2024-03-27 15:04:53,687 Encoding detection: ascii is most likely the one.
2024-03-27 15:04:53,689 URL being requested: GET https://gmail.googleapis.com/gmail/v1/users/me/messages/187d24c3942a5577?alt=json
2024-03-27 15:04:53,763 Encoding detection: ascii is most likely the one.
2024-03-27 15:04:53,764 URL being requested: GET https://gmail.googleapis.com/gmail/v1/users/me/messages/187d24b67cf7edea?alt=json
2024-03-27 15:04:53,824 Encoding detection: ascii is most likely the one.
2024-03-27 15:04:53,827 URL being requested: GET https://gmail.googleapis.com/gmail/v1/users/me/messages/187d24b2afd6390b?alt=json
2024-03-27 15:04:53,894 Encoding detection: ascii is most likely the one.
2024-03-27 15:04:53,896 URL being requested: GET https://gmail.googleapis.com/gmail/v1/users/me/messages/187d24ad9dccbd13?alt=json
2024-03-27 15:04:53,964 Encoding detection: ascii is most likely the one.
2024-03-27 15:04:53,965 URL being requested: GET https://gmail.googleapis.com/gmail/v1/users/me/messages/187d24a6fe07cc40?alt=json
2024-03-27 15:04:54,023 Encoding detection: ascii is most likely the one.
2024-03-27 15:04:54,027 URL being requested: GET https://gmail.googleapis.com/gmail/v1/users/me/messages/187d24a3e025dfc5?alt=json
2024-03-27 15:04:54,094 Encoding detection: ascii is most likely the one.
2024-03-27 15:04:54,096 URL being requested: GET https://gmail.googleapis.com/gmail/v1/users/me/messages/187d24a02bd6cfe1?alt=json
2024-03-27 15:04:54,151 Encoding detection: ascii is most likely the one.
2024-03-27 15:04:54,153 URL being requested: GET https://gmail.googleapis.com/gmail/v1/users/me/messages/187d249d2395b37b?alt=json
2024-03-27 15:04:54,206 Encoding detection: ascii is most likely the one.
2024-03-27 15:04:54,208 URL being requested: GET https://gmail.googleapis.com/gmail/v1/users/me/messages/187d2499ebe2b845?alt=json
2024-03-27 15:04:54,364 Encoding detection: ascii is most likely the one.
2024-03-27 15:04:54,366 URL being requested: GET https://gmail.googleapis.com/gmail/v1/users/me/messages/187ce613d9e8fb8a?alt=json
2024-03-27 15:04:54,433 Encoding detection: ascii is most likely the one.
2024-03-27 15:04:54,435 URL being requested: GET https://gmail.googleapis.com/gmail/v1/users/me/messages/187cde75c587328a?alt=json
2024-03-27 15:04:54,506 Encoding detection: ascii is most likely the one.
2024-03-27 15:04:54,508 URL being requested: GET https://gmail.googleapis.com/gmail/v1/users/me/messages/187c9559ddde8d8d?alt=json
2024-03-27 15:04:54,565 Encoding detection: ascii is most likely the one.
2024-03-27 15:04:54,566 URL being requested: GET https://gmail.googleapis.com/gmail/v1/users/me/messages/187bdf17d232b43e?alt=json
2024-03-27 15:04:54,631 Encoding detection: ascii is most likely the one.
2024-03-27 15:04:54,633 URL being requested: GET https://gmail.googleapis.com/gmail/v1/users/me/messages/187b696bcb1e7fa4?alt=json
2024-03-27 15:04:54,698 Encoding detection: ascii is most likely the one.
2024-03-27 15:04:54,700 URL being requested: GET https://gmail.googleapis.com/gmail/v1/users/me/messages/187b0a670fd3b315?alt=json
2024-03-27 15:04:54,749 Encoding detection: ascii is most likely the one.
2024-03-27 15:04:54,749 decoded 48 emails
2024-03-27 15:04:54,750 found 1 new forecast request(s)
2024-03-27 15:04:54,751 inreach forecast request:
40.25488,-105.61603
4341
mbd
             
test: False
2024-03-27 15:04:54,753 requested forecast already retrived recently at 2024-03-27 14:29
2024-03-27 15:04:54,754 weather forecast reply:
402 -1056 14 D
27-02
H 10 21 19 20 22 15 22
L  2  7 13 14 11  8  6
C  7  7  0  0  4  1  8
S .4 .1  5  2  3  1  -
P 3 4 8 8 8 9 1
W 3 4 2 2 2 2 2
% 7 6 5 4 4 3 6
