2024-03-27 14:50:26,006 token file exists
2024-03-27 14:50:26,007 file_cache is only supported with oauth2client<4.0.0
2024-03-27 14:50:26,010 URL being requested: GET https://gmail.googleapis.com/gmail/v1/users/me/messages?maxResults=50&includeSpamTrash=true&alt=json
2024-03-27 14:50:26,264 retrieved 50 emails
2024-03-27 14:50:26,268 URL being requested: GET https://gmail.googleapis.com/gmail/v1/users/me/messages/18e804ebaa605242?alt=json
2024-03-27 14:50:26,511 Encoding detection: ascii is most likely the one.
2024-03-27 14:50:26,513 URL being requested: GET https://gmail.googleapis.com/gmail/v1/users/me/messages/18e8039341513be8?alt=json
2024-03-27 14:50:26,584 Encoding detection: ascii is most likely the one.
2024-03-27 14:50:26,586 URL being requested: GET https://gmail.googleapis.com/gmail/v1/users/me/messages/18e8028bc1216767?alt=json
2024-03-27 14:50:26,805 Encoding detection: utf_8 will be used as a fallback match
2024-03-27 14:50:26,805 Encoding detection: Found utf_8 as plausible (best-candidate) for content. With 0 alternatives.
2024-03-27 14:50:26,808 URL being requested: GET https://gmail.googleapis.com/gmail/v1/users/me/messages/18e7fec830fc0fef?alt=json
2024-03-27 14:50:26,885 Encoding detection: utf_8 is most likely the one.
2024-03-27 14:50:26,887 URL being requested: GET https://gmail.googleapis.com/gmail/v1/users/me/messages/18e7c9fcc5e43a55?alt=json
2024-03-27 14:50:26,964 Encoding detection: ascii is most likely the one.
2024-03-27 14:50:26,966 URL being requested: GET https://gmail.googleapis.com/gmail/v1/users/me/messages/18e7c45dc8a6c43d?alt=json
2024-03-27 14:50:27,148 Encoding detection: utf_8 will be used as a fallback match
2024-03-27 14:50:27,148 Encoding detection: Found utf_8 as plausible (best-candidate) for content. With 0 alternatives.
2024-03-27 14:50:27,150 URL being requested: GET https://gmail.googleapis.com/gmail/v1/users/me/messages/18e7bd0d187bf0fd?alt=json
2024-03-27 14:50:27,204 Encoding detection: utf_8 will be used as a fallback match
2024-03-27 14:50:27,204 Encoding detection: Found utf_8 as plausible (best-candidate) for content. With 0 alternatives.
2024-03-27 14:50:27,206 URL being requested: GET https://gmail.googleapis.com/gmail/v1/users/me/messages/18e5a03dea4c7004?alt=json
2024-03-27 14:50:27,296 Encoding detection: utf_8 is most likely the one.
2024-03-27 14:50:27,298 URL being requested: GET https://gmail.googleapis.com/gmail/v1/users/me/messages/18e5279ac63d5c92?alt=json
2024-03-27 14:50:27,365 Encoding detection: utf_8 will be used as a fallback match
2024-03-27 14:50:27,366 Encoding detection: Found utf_8 as plausible (best-candidate) for content. With 0 alternatives.
2024-03-27 14:50:27,370 URL being requested: GET https://gmail.googleapis.com/gmail/v1/users/me/messages/18e4cbde9b2ce94f?alt=json
2024-03-27 14:50:27,428 'data'
2024-03-27 14:50:27,430 URL being requested: GET https://gmail.googleapis.com/gmail/v1/users/me/messages/18e42d1e729f2b06?alt=json
2024-03-27 14:50:27,509 'data'
2024-03-27 14:50:27,511 URL being requested: GET https://gmail.googleapis.com/gmail/v1/users/me/messages/18e3ebb881840de1?alt=json
2024-03-27 14:50:27,607 Encoding detection: utf_8 is most likely the one.
2024-03-27 14:50:27,610 URL being requested: GET https://gmail.googleapis.com/gmail/v1/users/me/messages/18e3e48215a43d36?alt=json
2024-03-27 14:50:27,672 Encoding detection: utf_8 is most likely the one.
2024-03-27 14:50:27,674 URL being requested: GET https://gmail.googleapis.com/gmail/v1/users/me/messages/18e3aae10cccec24?alt=json
2024-03-27 14:50:27,899 Encoding detection: utf_8 is most likely the one.
2024-03-27 14:50:27,901 URL being requested: GET https://gmail.googleapis.com/gmail/v1/users/me/messages/18e3aada98136d27?alt=json
2024-03-27 14:50:27,966 Encoding detection: utf_8 is most likely the one.
2024-03-27 14:50:27,968 URL being requested: GET https://gmail.googleapis.com/gmail/v1/users/me/messages/18e3aad9d196e063?alt=json
2024-03-27 14:50:28,040 Encoding detection: utf_8 is most likely the one.
2024-03-27 14:50:28,042 URL being requested: GET https://gmail.googleapis.com/gmail/v1/users/me/messages/18a0b9673199b723?alt=json
2024-03-27 14:50:28,110 Encoding detection: utf_8 is most likely the one.
2024-03-27 14:50:28,112 URL being requested: GET https://gmail.googleapis.com/gmail/v1/users/me/messages/188a59018a38848a?alt=json
2024-03-27 14:50:28,170 Encoding detection: utf_8 will be used as a fallback match
2024-03-27 14:50:28,170 Encoding detection: Found utf_8 as plausible (best-candidate) for content. With 0 alternatives.
2024-03-27 14:50:28,172 URL being requested: GET https://gmail.googleapis.com/gmail/v1/users/me/messages/18827148d63fdc87?alt=json
2024-03-27 14:50:28,259 Encoding detection: utf_8 will be used as a fallback match
2024-03-27 14:50:28,259 Encoding detection: Found utf_8 as plausible (best-candidate) for content. With 0 alternatives.
2024-03-27 14:50:28,261 URL being requested: GET https://gmail.googleapis.com/gmail/v1/users/me/messages/1881b0bcab37ef81?alt=json
2024-03-27 14:50:28,326 Encoding detection: utf_8 will be used as a fallback match
2024-03-27 14:50:28,326 Encoding detection: Found utf_8 as plausible (best-candidate) for content. With 0 alternatives.
2024-03-27 14:50:28,328 URL being requested: GET https://gmail.googleapis.com/gmail/v1/users/me/messages/188123344ae608d5?alt=json
2024-03-27 14:50:28,401 Encoding detection: utf_8 will be used as a fallback match
2024-03-27 14:50:28,401 Encoding detection: Found utf_8 as plausible (best-candidate) for content. With 0 alternatives.
2024-03-27 14:50:28,403 URL being requested: GET https://gmail.googleapis.com/gmail/v1/users/me/messages/1881102731e03849?alt=json
2024-03-27 14:50:28,486 Encoding detection: utf_8 will be used as a fallback match
2024-03-27 14:50:28,486 Encoding detection: Found utf_8 as plausible (best-candidate) for content. With 0 alternatives.
2024-03-27 14:50:28,488 URL being requested: GET https://gmail.googleapis.com/gmail/v1/users/me/messages/188097355e4346ce?alt=json
2024-03-27 14:50:28,617 Encoding detection: utf_8 will be used as a fallback match
2024-03-27 14:50:28,617 Encoding detection: Found utf_8 as plausible (best-candidate) for content. With 0 alternatives.
2024-03-27 14:50:28,618 URL being requested: GET https://gmail.googleapis.com/gmail/v1/users/me/messages/18803a60c47d23c6?alt=json
2024-03-27 14:50:28,695 Encoding detection: utf_8 will be used as a fallback match
2024-03-27 14:50:28,695 Encoding detection: Found utf_8 as plausible (best-candidate) for content. With 0 alternatives.
2024-03-27 14:50:28,697 URL being requested: GET https://gmail.googleapis.com/gmail/v1/users/me/messages/1880399ba7b3966d?alt=json
2024-03-27 14:50:28,765 Encoding detection: ascii is most likely the one.
2024-03-27 14:50:28,767 URL being requested: GET https://gmail.googleapis.com/gmail/v1/users/me/messages/188038ec026e89ec?alt=json
2024-03-27 14:50:28,823 Encoding detection: utf_8 will be used as a fallback match
2024-03-27 14:50:28,824 Encoding detection: Found utf_8 as plausible (best-candidate) for content. With 0 alternatives.
2024-03-27 14:50:28,826 URL being requested: GET https://gmail.googleapis.com/gmail/v1/users/me/messages/187fdb9a10a3b68d?alt=json
2024-03-27 14:50:28,881 Encoding detection: utf_8 will be used as a fallback match
2024-03-27 14:50:28,881 Encoding detection: Found utf_8 as plausible (best-candidate) for content. With 0 alternatives.
2024-03-27 14:50:28,883 URL being requested: GET https://gmail.googleapis.com/gmail/v1/users/me/messages/187fd86b40c878a5?alt=json
2024-03-27 14:50:28,957 Encoding detection: utf_8 will be used as a fallback match
2024-03-27 14:50:28,957 Encoding detection: Found utf_8 as plausible (best-candidate) for content. With 0 alternatives.
2024-03-27 14:50:28,961 URL being requested: GET https://gmail.googleapis.com/gmail/v1/users/me/messages/187d8b8294b92faf?alt=json
2024-03-27 14:50:29,005 Encoding detection: utf_8 will be used as a fallback match
2024-03-27 14:50:29,005 Encoding detection: Found utf_8 as plausible (best-candidate) for content. With 0 alternatives.
2024-03-27 14:50:29,007 URL being requested: GET https://gmail.googleapis.com/gmail/v1/users/me/messages/187d8ab879f6926c?alt=json
2024-03-27 14:50:29,098 Encoding detection: ascii is most likely the one.
2024-03-27 14:50:29,101 URL being requested: GET https://gmail.googleapis.com/gmail/v1/users/me/messages/187d8a8b2ff2947e?alt=json
2024-03-27 14:50:29,167 Encoding detection: ascii is most likely the one.
2024-03-27 14:50:29,169 URL being requested: GET https://gmail.googleapis.com/gmail/v1/users/me/messages/187d886579460987?alt=json
2024-03-27 14:50:29,229 Encoding detection: ascii is most likely the one.
2024-03-27 14:50:29,231 URL being requested: GET https://gmail.googleapis.com/gmail/v1/users/me/messages/187d886550d58e51?alt=json
2024-03-27 14:50:29,441 Encoding detection: utf_8 is most likely the one.
2024-03-27 14:50:29,443 URL being requested: GET https://gmail.googleapis.com/gmail/v1/users/me/messages/187d54d6b146cc88?alt=json
2024-03-27 14:50:29,504 Encoding detection: utf_8 is most likely the one.
2024-03-27 14:50:29,508 URL being requested: GET https://gmail.googleapis.com/gmail/v1/users/me/messages/187d24ce13cd8b33?alt=json
2024-03-27 14:50:29,572 Encoding detection: ascii is most likely the one.
2024-03-27 14:50:29,574 URL being requested: GET https://gmail.googleapis.com/gmail/v1/users/me/messages/187d24c3942a5577?alt=json
2024-03-27 14:50:29,646 Encoding detection: ascii is most likely the one.
2024-03-27 14:50:29,648 URL being requested: GET https://gmail.googleapis.com/gmail/v1/users/me/messages/187d24b67cf7edea?alt=json
2024-03-27 14:50:29,714 Encoding detection: ascii is most likely the one.
2024-03-27 14:50:29,716 URL being requested: GET https://gmail.googleapis.com/gmail/v1/users/me/messages/187d24b2afd6390b?alt=json
2024-03-27 14:50:29,821 Encoding detection: ascii is most likely the one.
2024-03-27 14:50:29,823 URL being requested: GET https://gmail.googleapis.com/gmail/v1/users/me/messages/187d24ad9dccbd13?alt=json
2024-03-27 14:50:29,875 Encoding detection: ascii is most likely the one.
2024-03-27 14:50:29,877 URL being requested: GET https://gmail.googleapis.com/gmail/v1/users/me/messages/187d24a6fe07cc40?alt=json
2024-03-27 14:50:29,938 Encoding detection: ascii is most likely the one.
2024-03-27 14:50:29,940 URL being requested: GET https://gmail.googleapis.com/gmail/v1/users/me/messages/187d24a3e025dfc5?alt=json
2024-03-27 14:50:30,097 Encoding detection: ascii is most likely the one.
2024-03-27 14:50:30,099 URL being requested: GET https://gmail.googleapis.com/gmail/v1/users/me/messages/187d24a02bd6cfe1?alt=json
2024-03-27 14:50:30,162 Encoding detection: ascii is most likely the one.
2024-03-27 14:50:30,164 URL being requested: GET https://gmail.googleapis.com/gmail/v1/users/me/messages/187d249d2395b37b?alt=json
2024-03-27 14:50:30,287 Encoding detection: ascii is most likely the one.
2024-03-27 14:50:30,289 URL being requested: GET https://gmail.googleapis.com/gmail/v1/users/me/messages/187d2499ebe2b845?alt=json
2024-03-27 14:50:30,340 Encoding detection: ascii is most likely the one.
2024-03-27 14:50:30,342 URL being requested: GET https://gmail.googleapis.com/gmail/v1/users/me/messages/187ce613d9e8fb8a?alt=json
2024-03-27 14:50:30,414 Encoding detection: ascii is most likely the one.
2024-03-27 14:50:30,416 URL being requested: GET https://gmail.googleapis.com/gmail/v1/users/me/messages/187cde75c587328a?alt=json
2024-03-27 14:50:30,483 Encoding detection: ascii is most likely the one.
2024-03-27 14:50:30,485 URL being requested: GET https://gmail.googleapis.com/gmail/v1/users/me/messages/187c9559ddde8d8d?alt=json
2024-03-27 14:50:30,563 Encoding detection: ascii is most likely the one.
2024-03-27 14:50:30,565 URL being requested: GET https://gmail.googleapis.com/gmail/v1/users/me/messages/187bdf17d232b43e?alt=json
2024-03-27 14:50:30,635 Encoding detection: ascii is most likely the one.
2024-03-27 14:50:30,637 URL being requested: GET https://gmail.googleapis.com/gmail/v1/users/me/messages/187b696bcb1e7fa4?alt=json
2024-03-27 14:50:30,704 Encoding detection: ascii is most likely the one.
2024-03-27 14:50:30,706 URL being requested: GET https://gmail.googleapis.com/gmail/v1/users/me/messages/187b0a670fd3b315?alt=json
2024-03-27 14:50:30,917 Encoding detection: ascii is most likely the one.
2024-03-27 14:50:30,918 decoded 48 emails
2024-03-27 14:50:30,919 found 1 new forecast request(s)
2024-03-27 14:50:30,919 inreach forecast request:
40.25488,-105.61603
4341
mbd
             
test: False
2024-03-27 14:50:30,921 requested forecast already retrived recently at 2024-03-27 14:29
2024-03-27 14:50:30,921 weather forecast reply:
402 -1056 14 D
27-02
H 10 21 19 20 22 15 22
L  2  7 13 14 11  8  6
C  7  7  0  0  4  1  8
S .4 .1  5  2  3  1  -
P 3 4 8 8 8 9 1
W 3 4 2 2 2 2 2
% 7 6 5 4 4 3 6
2024-03-27 14:50:30,923 Starting new HTTPS connection (1): us0.explore.garmin.com:443
2024-03-27 14:50:31,109 https://us0.explore.garmin.com:443 "GET /textmessage/txtmsg?extId=08db5496-6f20-9f8e-000d-3aa7780f0000&amp;adr=dewey.mtn.forecasts%40gmail.com HTTP/1.1" 200 None
2024-03-27 14:50:31,120 {'ReplyAddress': None, 'ReplyMessage': 'this is a test from 3/27', 'MessageId': '353793859', 'Guid': '08db5496-6f20-9f8e-000d-3aa7780f0000'}
2024-03-27 14:50:31,121 Starting new HTTPS connection (1): us0.explore.garmin.com:443
2024-03-27 14:50:31,328 https://us0.explore.garmin.com:443 "POST /textmessage/txtmsg HTTP/1.1" 500 None
2024-03-27 14:50:31,328 sending via https://us0.explore.garmin.com/textmessage/txtmsg?extId=************0-9f8e-000d-3aa7780f0000&amp;adr=dewey.mtn.forecasts%40gmail.com
2024-03-27 14:50:31,329 <Response [500]>
