2024-05-01 02:24:22,043 file_cache is only supported with oauth2client<4.0.0
2024-05-01 02:24:22,171 retrieved 20 emails
2024-05-01 02:24:24,087 found 1 new forecast request(s)
2024-05-01 02:24:24,087 inreach forecast request:
62.88, -151.04
2438
mbd
30             
test: False
2024-05-01 02:24:24,106 requested forecast already retrived recently at 2024-05-01 01:54
2024-05-01 02:24:24,106 weather forecast reply:
628 -1510 8 D
30-06
H 16 16 18 17 18 18 17
L 13 11 13 15 15 14 14
C  5  2  3  0  2  2  2
S  -  1 .5  6  4  1  1
P 2 6 4 9 810 8
W 1 1 1 1 1 1 0
% 8 6 6 5 4 4 4
2024-05-01 02:24:24,657 sending via https://us0.explore.garmin.com/textmessage/txtmsg?extId=************d-025d-0022-4847f41c0000&amp;adr=dewey.mtn.forecasts%40gmail.com
