2024-05-04 17:22:20,698 file_cache is only supported with oauth2client<4.0.0
2024-05-04 17:22:20,836 retrieved 20 emails
2024-05-04 17:22:22,278 found 1 new forecast request(s)
2024-05-04 17:22:22,278 inreach forecast request:
62.88, -151.04
2209
mbd
04             
test: False
2024-05-04 17:22:22,284 getting forecast from https://my.meteoblue.com/packages/trendpro-day?apikey=****************&lat=62.88&lon=-151.04&asl=2209&format=json&temperature=F&windspeed=mph&precipitationamount=inch&winddirection=2char
2024-05-04 17:22:22,743 weather forecast reply:
628 -1510 7 D
04-10
H 23 26 24 22 22 23 22
L 18 18 18 15 15 15 16
C  1  1  0  3 15  4  0
S  3  -  4  1 .4  3  3
P 7 5 8 8 610 9
W 1 0 0 0 0 1 1
% 6 6 6 5 4 4 4
2024-05-04 17:22:23,236 sending via https://us0.explore.garmin.com/textmessage/txtmsg?extId=************b-20a2-000d-3aa7c4080000&amp;adr=dewey.mtn.forecasts%40gmail.com
