2024-05-02 19:24:33,851 file_cache is only supported with oauth2client<4.0.0
2024-05-02 19:24:33,961 retrieved 20 emails
2024-05-02 19:24:35,953 found 1 new forecast request(s)
2024-05-02 19:24:35,953 inreach forecast request:
62.88, -151.04
2438
mb3
02 00             
test: False
2024-05-02 19:24:36,037 getting forecast from https://my.meteoblue.com/packages/basic-1h_clouds-1h?apikey=****************&lat=62.88&lon=-151.04&asl=2438&format=json&temperature=F&windspeed=mph&precipitationamount=inch&winddirection=2char
2024-05-02 19:24:36,417 weather forecast reply:
628 -1510 8 3
0200*02
T 14 12 13 16 17 17 18 17*
S  -  -  -  -  -  -  -  -*
P 0 0 2 3 3 4 0 0*
C 0 0 0 1 0 0 0 0*
W 1 1 1 1 1 1 1 1*
D SE SE SE SE SE SE SE SE*
2024-05-02 19:24:36,999 sending via https://us0.explore.garmin.com/textmessage/txtmsg?extId=************1-213e-000d-3aa7c4080000&amp;adr=dewey.mtn.forecasts%40gmail.com
