2024-05-02 15:59:54,278 file_cache is only supported with oauth2client<4.0.0
2024-05-02 15:59:54,528 retrieved 20 emails
2024-05-02 15:59:57,765 found 5 new forecast request(s)
2024-05-02 15:59:57,766 inreach forecast request:
62.88, -151.04
2438
mbd
02             
test: False
2024-05-02 15:59:57,877 getting forecast from https://my.meteoblue.com/packages/trendpro-day?apikey=****************&lat=62.88&lon=-151.04&asl=2438&format=json&temperature=F&windspeed=mph&precipitationamount=inch&winddirection=2char
2024-05-02 15:59:58,446 weather forecast reply:
628 -1510 8 D
02-08
H 17 19 17 20 20 16 15
L 12 15 15 14 16 14  9
C  2  2  2  3  1  6  7
S .4  5  5  -  4  2 .2
P 5 8 8 6 9 8 7
W 1 1 1 1 1 0 1
% 6 6 5 5 6 4 3
2024-05-02 15:59:58,756 'NoneType' object has no attribute 'get'
2024-05-02 15:59:58,757 inreach forecast request:
62.88, -151.04
2438
mb3
05 00             
test: False
2024-05-02 15:59:58,757 getting forecast from https://my.meteoblue.com/packages/basic-1h_clouds-1h?apikey=****************&lat=62.88&lon=-151.04&asl=2438&format=json&temperature=F&windspeed=mph&precipitationamount=inch&winddirection=2char
2024-05-02 15:59:59,316 weather forecast reply:
628 -1510 8 3
0500*05
T 15 14 15 18 19 20 20 20*
S  -  -  -  -  -  -  -  -*
P 3 2 2 2 2 3 4 4*
C 0 0 0 1 1 0 0 0*
W 1 1 0 0 0 0 0 0*
D SE SE SE SE  E  E  E NE*
2024-05-02 16:00:00,307 sending via https://us0.explore.garmin.com/textmessage/txtmsg?extId=************8-db17-6045-bd2d34160000&amp;adr=dewey.mtn.forecasts%40gmail.com
2024-05-02 16:00:00,309 inreach forecast request:
62.88, -151.04
2438
mb3
04 00             
test: False
2024-05-02 16:00:00,309 requested forecast already retrived recently at 2024-05-02 15:59
2024-05-02 16:00:00,310 weather forecast reply:
628 -1510 8 3
0400*04
T 17 17 17 17 17 17 17 16*
S  1  1 .9 .5  - .3  -  -*
P 8 9 9 8 6 7 7 5*
C 0 0 0 0 0 0 0 0*
W 1 1 1 1 1 1 1 1*
D SE SE SE SE SE SE SE SE*
2024-05-02 16:00:00,841 sending via https://us0.explore.garmin.com/textmessage/txtmsg?extId=************5-d4a4-000d-3aa7c4080000&amp;adr=dewey.mtn.forecasts%40gmail.com
2024-05-02 16:00:00,843 inreach forecast request:
62.88, -151.04
2438
mb3
03 00             
test: False
2024-05-02 16:00:00,843 requested forecast already retrived recently at 2024-05-02 15:59
2024-05-02 16:00:00,843 weather forecast reply:
628 -1510 8 3
0300*03
T 16 15 15 17 17 18 19 18*
S .1  - .1 .2 .7 .5  -  1*
P 2 7 6 7 8 8 8 8*
C 0 0 0 0 0 0 0 0*
W 1 1 1 1 1 1 1 1*
D SE  S SE SE SE SE SE SE*
2024-05-02 16:00:01,491 sending via https://us0.explore.garmin.com/textmessage/txtmsg?extId=************5-b338-000d-3aa7c4080000&amp;adr=dewey.mtn.forecasts%40gmail.com
2024-05-02 16:00:01,493 inreach forecast request:
62.88, -151.04
2438
mb3
02 00             
test: False
2024-05-02 16:00:01,493 requested forecast already retrived recently at 2024-05-02 15:59
2024-05-02 16:00:01,494 weather forecast reply:
628 -1510 8 3
0200*02
T 14 12 14 15 16 16 17 17*
S  -  -  -  - .1 .1  -  -*
P 0 0 2 4 4 5 0 0*
C 0 0 0 1 0 0 0 0*
W 1 1 1 1 1 1 1 1*
D SE SE SE SE SE SE SE SE*
2024-05-02 16:00:02,008 sending via https://us0.explore.garmin.com/textmessage/txtmsg?extId=************5-970f-000d-3aa7c4080000&amp;adr=dewey.mtn.forecasts%40gmail.com
