2024-03-27 15:54:24,312 token file exists
2024-03-27 15:54:24,312 token no longer valid
2024-03-27 15:54:24,312 Making request: POST https://oauth2.googleapis.com/token
2024-03-27 15:54:24,314 Starting new HTTPS connection (1): oauth2.googleapis.com:443
2024-03-27 15:54:24,464 https://oauth2.googleapis.com:443 "POST /token HTTP/1.1" 200 None
2024-03-27 15:54:24,467 file_cache is only supported with oauth2client<4.0.0
2024-03-27 15:54:24,470 URL being requested: GET https://gmail.googleapis.com/gmail/v1/users/me/messages?maxResults=50&includeSpamTrash=true&alt=json
2024-03-27 15:54:24,638 retrieved 50 emails
2024-03-27 15:54:24,639 URL being requested: GET https://gmail.googleapis.com/gmail/v1/users/me/messages/18e809b6ad46a727?alt=json
2024-03-27 15:54:25,914 Encoding detection: utf_8 will be used as a fallback match
2024-03-27 15:54:25,915 Encoding detection: Found utf_8 as plausible (best-candidate) for content. With 0 alternatives.
2024-03-27 15:54:25,917 URL being requested: GET https://gmail.googleapis.com/gmail/v1/users/me/messages/18e80945c1e36a8a?alt=json
2024-03-27 15:54:25,989 Encoding detection: utf_8 will be used as a fallback match
2024-03-27 15:54:25,990 Encoding detection: Found utf_8 as plausible (best-candidate) for content. With 0 alternatives.
2024-03-27 15:54:25,992 URL being requested: GET https://gmail.googleapis.com/gmail/v1/users/me/messages/18e804ebaa605242?alt=json
2024-03-27 15:54:26,065 Encoding detection: ascii is most likely the one.
2024-03-27 15:54:26,067 URL being requested: GET https://gmail.googleapis.com/gmail/v1/users/me/messages/18e8039341513be8?alt=json
2024-03-27 15:54:26,144 Encoding detection: ascii is most likely the one.
2024-03-27 15:54:26,146 URL being requested: GET https://gmail.googleapis.com/gmail/v1/users/me/messages/18e8028bc1216767?alt=json
2024-03-27 15:54:26,218 Encoding detection: utf_8 will be used as a fallback match
2024-03-27 15:54:26,218 Encoding detection: Found utf_8 as plausible (best-candidate) for content. With 0 alternatives.
2024-03-27 15:54:26,220 URL being requested: GET https://gmail.googleapis.com/gmail/v1/users/me/messages/18e7fec830fc0fef?alt=json
2024-03-27 15:54:26,298 Encoding detection: utf_8 is most likely the one.
2024-03-27 15:54:26,300 URL being requested: GET https://gmail.googleapis.com/gmail/v1/users/me/messages/18e7c9fcc5e43a55?alt=json
2024-03-27 15:54:26,366 Encoding detection: ascii is most likely the one.
2024-03-27 15:54:26,368 URL being requested: GET https://gmail.googleapis.com/gmail/v1/users/me/messages/18e7c45dc8a6c43d?alt=json
2024-03-27 15:54:26,439 Encoding detection: utf_8 will be used as a fallback match
2024-03-27 15:54:26,439 Encoding detection: Found utf_8 as plausible (best-candidate) for content. With 0 alternatives.
2024-03-27 15:54:26,441 URL being requested: GET https://gmail.googleapis.com/gmail/v1/users/me/messages/18e7bd0d187bf0fd?alt=json
2024-03-27 15:54:26,508 Encoding detection: utf_8 will be used as a fallback match
2024-03-27 15:54:26,508 Encoding detection: Found utf_8 as plausible (best-candidate) for content. With 0 alternatives.
2024-03-27 15:54:26,510 URL being requested: GET https://gmail.googleapis.com/gmail/v1/users/me/messages/18e5a03dea4c7004?alt=json
2024-03-27 15:54:26,584 Encoding detection: utf_8 is most likely the one.
2024-03-27 15:54:26,586 URL being requested: GET https://gmail.googleapis.com/gmail/v1/users/me/messages/18e5279ac63d5c92?alt=json
2024-03-27 15:54:26,656 Encoding detection: utf_8 will be used as a fallback match
2024-03-27 15:54:26,657 Encoding detection: Found utf_8 as plausible (best-candidate) for content. With 0 alternatives.
2024-03-27 15:54:26,659 URL being requested: GET https://gmail.googleapis.com/gmail/v1/users/me/messages/18e4cbde9b2ce94f?alt=json
2024-03-27 15:54:26,743 'data'
2024-03-27 15:54:26,744 URL being requested: GET https://gmail.googleapis.com/gmail/v1/users/me/messages/18e42d1e729f2b06?alt=json
2024-03-27 15:54:26,809 'data'
2024-03-27 15:54:26,810 URL being requested: GET https://gmail.googleapis.com/gmail/v1/users/me/messages/18e3ebb881840de1?alt=json
2024-03-27 15:54:26,873 Encoding detection: utf_8 is most likely the one.
2024-03-27 15:54:26,875 URL being requested: GET https://gmail.googleapis.com/gmail/v1/users/me/messages/18e3e48215a43d36?alt=json
2024-03-27 15:54:26,947 Encoding detection: utf_8 is most likely the one.
2024-03-27 15:54:26,949 URL being requested: GET https://gmail.googleapis.com/gmail/v1/users/me/messages/18e3aae10cccec24?alt=json
2024-03-27 15:54:27,022 Encoding detection: utf_8 is most likely the one.
2024-03-27 15:54:27,024 URL being requested: GET https://gmail.googleapis.com/gmail/v1/users/me/messages/18e3aada98136d27?alt=json
2024-03-27 15:54:27,171 Encoding detection: utf_8 is most likely the one.
2024-03-27 15:54:27,173 URL being requested: GET https://gmail.googleapis.com/gmail/v1/users/me/messages/18e3aad9d196e063?alt=json
2024-03-27 15:54:27,249 Encoding detection: utf_8 is most likely the one.
2024-03-27 15:54:27,252 URL being requested: GET https://gmail.googleapis.com/gmail/v1/users/me/messages/18a0b9673199b723?alt=json
2024-03-27 15:54:27,330 Encoding detection: utf_8 is most likely the one.
2024-03-27 15:54:27,332 URL being requested: GET https://gmail.googleapis.com/gmail/v1/users/me/messages/188a59018a38848a?alt=json
2024-03-27 15:54:27,400 Encoding detection: utf_8 will be used as a fallback match
2024-03-27 15:54:27,400 Encoding detection: Found utf_8 as plausible (best-candidate) for content. With 0 alternatives.
2024-03-27 15:54:27,402 URL being requested: GET https://gmail.googleapis.com/gmail/v1/users/me/messages/18827148d63fdc87?alt=json
2024-03-27 15:54:27,670 Encoding detection: utf_8 will be used as a fallback match
2024-03-27 15:54:27,670 Encoding detection: Found utf_8 as plausible (best-candidate) for content. With 0 alternatives.
2024-03-27 15:54:27,672 URL being requested: GET https://gmail.googleapis.com/gmail/v1/users/me/messages/1881b0bcab37ef81?alt=json
2024-03-27 15:54:27,741 Encoding detection: utf_8 will be used as a fallback match
2024-03-27 15:54:27,741 Encoding detection: Found utf_8 as plausible (best-candidate) for content. With 0 alternatives.
2024-03-27 15:54:27,743 URL being requested: GET https://gmail.googleapis.com/gmail/v1/users/me/messages/188123344ae608d5?alt=json
2024-03-27 15:54:27,809 Encoding detection: utf_8 will be used as a fallback match
2024-03-27 15:54:27,809 Encoding detection: Found utf_8 as plausible (best-candidate) for content. With 0 alternatives.
2024-03-27 15:54:27,810 URL being requested: GET https://gmail.googleapis.com/gmail/v1/users/me/messages/1881102731e03849?alt=json
2024-03-27 15:54:27,874 Encoding detection: utf_8 will be used as a fallback match
2024-03-27 15:54:27,874 Encoding detection: Found utf_8 as plausible (best-candidate) for content. With 0 alternatives.
2024-03-27 15:54:27,876 URL being requested: GET https://gmail.googleapis.com/gmail/v1/users/me/messages/188097355e4346ce?alt=json
2024-03-27 15:54:27,939 Encoding detection: utf_8 will be used as a fallback match
2024-03-27 15:54:27,939 Encoding detection: Found utf_8 as plausible (best-candidate) for content. With 0 alternatives.
2024-03-27 15:54:27,941 URL being requested: GET https://gmail.googleapis.com/gmail/v1/users/me/messages/18803a60c47d23c6?alt=json
2024-03-27 15:54:28,015 Encoding detection: utf_8 will be used as a fallback match
2024-03-27 15:54:28,015 Encoding detection: Found utf_8 as plausible (best-candidate) for content. With 0 alternatives.
2024-03-27 15:54:28,017 URL being requested: GET https://gmail.googleapis.com/gmail/v1/users/me/messages/1880399ba7b3966d?alt=json
2024-03-27 15:54:28,084 Encoding detection: ascii is most likely the one.
2024-03-27 15:54:28,086 URL being requested: GET https://gmail.googleapis.com/gmail/v1/users/me/messages/188038ec026e89ec?alt=json
2024-03-27 15:54:28,142 Encoding detection: utf_8 will be used as a fallback match
2024-03-27 15:54:28,142 Encoding detection: Found utf_8 as plausible (best-candidate) for content. With 0 alternatives.
2024-03-27 15:54:28,144 URL being requested: GET https://gmail.googleapis.com/gmail/v1/users/me/messages/187fdb9a10a3b68d?alt=json
2024-03-27 15:54:28,216 Encoding detection: utf_8 will be used as a fallback match
2024-03-27 15:54:28,216 Encoding detection: Found utf_8 as plausible (best-candidate) for content. With 0 alternatives.
2024-03-27 15:54:28,218 URL being requested: GET https://gmail.googleapis.com/gmail/v1/users/me/messages/187fd86b40c878a5?alt=json
2024-03-27 15:54:28,311 Encoding detection: utf_8 will be used as a fallback match
2024-03-27 15:54:28,312 Encoding detection: Found utf_8 as plausible (best-candidate) for content. With 0 alternatives.
2024-03-27 15:54:28,313 URL being requested: GET https://gmail.googleapis.com/gmail/v1/users/me/messages/187d8b8294b92faf?alt=json
2024-03-27 15:54:28,383 Encoding detection: utf_8 will be used as a fallback match
2024-03-27 15:54:28,383 Encoding detection: Found utf_8 as plausible (best-candidate) for content. With 0 alternatives.
2024-03-27 15:54:28,385 URL being requested: GET https://gmail.googleapis.com/gmail/v1/users/me/messages/187d8ab879f6926c?alt=json
2024-03-27 15:54:28,456 Encoding detection: ascii is most likely the one.
2024-03-27 15:54:28,458 URL being requested: GET https://gmail.googleapis.com/gmail/v1/users/me/messages/187d8a8b2ff2947e?alt=json
2024-03-27 15:54:28,858 Encoding detection: ascii is most likely the one.
2024-03-27 15:54:28,860 URL being requested: GET https://gmail.googleapis.com/gmail/v1/users/me/messages/187d886579460987?alt=json
2024-03-27 15:54:28,918 Encoding detection: ascii is most likely the one.
2024-03-27 15:54:28,920 URL being requested: GET https://gmail.googleapis.com/gmail/v1/users/me/messages/187d886550d58e51?alt=json
2024-03-27 15:54:29,041 Encoding detection: utf_8 is most likely the one.
2024-03-27 15:54:29,043 URL being requested: GET https://gmail.googleapis.com/gmail/v1/users/me/messages/187d54d6b146cc88?alt=json
2024-03-27 15:54:29,111 Encoding detection: utf_8 is most likely the one.
2024-03-27 15:54:29,113 URL being requested: GET https://gmail.googleapis.com/gmail/v1/users/me/messages/187d24ce13cd8b33?alt=json
2024-03-27 15:54:29,177 Encoding detection: ascii is most likely the one.
2024-03-27 15:54:29,179 URL being requested: GET https://gmail.googleapis.com/gmail/v1/users/me/messages/187d24c3942a5577?alt=json
2024-03-27 15:54:29,253 Encoding detection: ascii is most likely the one.
2024-03-27 15:54:29,255 URL being requested: GET https://gmail.googleapis.com/gmail/v1/users/me/messages/187d24b67cf7edea?alt=json
2024-03-27 15:54:29,317 Encoding detection: ascii is most likely the one.
2024-03-27 15:54:29,319 URL being requested: GET https://gmail.googleapis.com/gmail/v1/users/me/messages/187d24b2afd6390b?alt=json
2024-03-27 15:54:29,389 Encoding detection: ascii is most likely the one.
2024-03-27 15:54:29,390 URL being requested: GET https://gmail.googleapis.com/gmail/v1/users/me/messages/187d24ad9dccbd13?alt=json
2024-03-27 15:54:29,463 Encoding detection: ascii is most likely the one.
2024-03-27 15:54:29,466 URL being requested: GET https://gmail.googleapis.com/gmail/v1/users/me/messages/187d24a6fe07cc40?alt=json
2024-03-27 15:54:29,538 Encoding detection: ascii is most likely the one.
2024-03-27 15:54:29,540 URL being requested: GET https://gmail.googleapis.com/gmail/v1/users/me/messages/187d24a3e025dfc5?alt=json
2024-03-27 15:54:29,616 Encoding detection: ascii is most likely the one.
2024-03-27 15:54:29,618 URL being requested: GET https://gmail.googleapis.com/gmail/v1/users/me/messages/187d24a02bd6cfe1?alt=json
2024-03-27 15:54:29,673 Encoding detection: ascii is most likely the one.
2024-03-27 15:54:29,675 URL being requested: GET https://gmail.googleapis.com/gmail/v1/users/me/messages/187d249d2395b37b?alt=json
2024-03-27 15:54:29,738 Encoding detection: ascii is most likely the one.
2024-03-27 15:54:29,740 URL being requested: GET https://gmail.googleapis.com/gmail/v1/users/me/messages/187d2499ebe2b845?alt=json
2024-03-27 15:54:29,807 Encoding detection: ascii is most likely the one.
2024-03-27 15:54:29,809 URL being requested: GET https://gmail.googleapis.com/gmail/v1/users/me/messages/187ce613d9e8fb8a?alt=json
2024-03-27 15:54:29,874 Encoding detection: ascii is most likely the one.
2024-03-27 15:54:29,876 URL being requested: GET https://gmail.googleapis.com/gmail/v1/users/me/messages/187cde75c587328a?alt=json
2024-03-27 15:54:29,937 Encoding detection: ascii is most likely the one.
2024-03-27 15:54:29,939 URL being requested: GET https://gmail.googleapis.com/gmail/v1/users/me/messages/187c9559ddde8d8d?alt=json
2024-03-27 15:54:30,002 Encoding detection: ascii is most likely the one.
2024-03-27 15:54:30,005 URL being requested: GET https://gmail.googleapis.com/gmail/v1/users/me/messages/187bdf17d232b43e?alt=json
2024-03-27 15:54:30,063 Encoding detection: ascii is most likely the one.
2024-03-27 15:54:30,064 decoded 48 emails
2024-03-27 15:54:30,064 found 0 new forecast request(s)
