2024-03-27 15:13:41,777 token file exists
2024-03-27 15:13:41,778 file_cache is only supported with oauth2client<4.0.0
2024-03-27 15:13:41,781 URL being requested: GET https://gmail.googleapis.com/gmail/v1/users/me/messages?maxResults=50&includeSpamTrash=true&alt=json
2024-03-27 15:13:41,893 retrieved 50 emails
2024-03-27 15:13:41,895 URL being requested: GET https://gmail.googleapis.com/gmail/v1/users/me/messages/18e804ebaa605242?alt=json
2024-03-27 15:13:41,953 Encoding detection: ascii is most likely the one.
2024-03-27 15:13:41,956 URL being requested: GET https://gmail.googleapis.com/gmail/v1/users/me/messages/18e8039341513be8?alt=json
2024-03-27 15:13:42,022 Encoding detection: ascii is most likely the one.
2024-03-27 15:13:42,025 URL being requested: GET https://gmail.googleapis.com/gmail/v1/users/me/messages/18e8028bc1216767?alt=json
2024-03-27 15:13:42,101 Encoding detection: utf_8 will be used as a fallback match
2024-03-27 15:13:42,101 Encoding detection: Found utf_8 as plausible (best-candidate) for content. With 0 alternatives.
2024-03-27 15:13:42,103 URL being requested: GET https://gmail.googleapis.com/gmail/v1/users/me/messages/18e7fec830fc0fef?alt=json
2024-03-27 15:13:42,182 Encoding detection: utf_8 is most likely the one.
2024-03-27 15:13:42,184 URL being requested: GET https://gmail.googleapis.com/gmail/v1/users/me/messages/18e7c9fcc5e43a55?alt=json
2024-03-27 15:13:42,255 Encoding detection: ascii is most likely the one.
2024-03-27 15:13:42,257 URL being requested: GET https://gmail.googleapis.com/gmail/v1/users/me/messages/18e7c45dc8a6c43d?alt=json
2024-03-27 15:13:42,343 Encoding detection: utf_8 will be used as a fallback match
2024-03-27 15:13:42,343 Encoding detection: Found utf_8 as plausible (best-candidate) for content. With 0 alternatives.
2024-03-27 15:13:42,345 URL being requested: GET https://gmail.googleapis.com/gmail/v1/users/me/messages/18e7bd0d187bf0fd?alt=json
2024-03-27 15:13:42,493 Encoding detection: utf_8 will be used as a fallback match
2024-03-27 15:13:42,493 Encoding detection: Found utf_8 as plausible (best-candidate) for content. With 0 alternatives.
2024-03-27 15:13:42,495 URL being requested: GET https://gmail.googleapis.com/gmail/v1/users/me/messages/18e5a03dea4c7004?alt=json
2024-03-27 15:13:42,775 Encoding detection: utf_8 is most likely the one.
2024-03-27 15:13:42,777 URL being requested: GET https://gmail.googleapis.com/gmail/v1/users/me/messages/18e5279ac63d5c92?alt=json
2024-03-27 15:13:42,845 Encoding detection: utf_8 will be used as a fallback match
2024-03-27 15:13:42,845 Encoding detection: Found utf_8 as plausible (best-candidate) for content. With 0 alternatives.
2024-03-27 15:13:42,847 URL being requested: GET https://gmail.googleapis.com/gmail/v1/users/me/messages/18e4cbde9b2ce94f?alt=json
2024-03-27 15:13:42,919 'data'
2024-03-27 15:13:42,920 URL being requested: GET https://gmail.googleapis.com/gmail/v1/users/me/messages/18e42d1e729f2b06?alt=json
2024-03-27 15:13:42,987 'data'
2024-03-27 15:13:42,989 URL being requested: GET https://gmail.googleapis.com/gmail/v1/users/me/messages/18e3ebb881840de1?alt=json
2024-03-27 15:13:43,060 Encoding detection: utf_8 is most likely the one.
2024-03-27 15:13:43,062 URL being requested: GET https://gmail.googleapis.com/gmail/v1/users/me/messages/18e3e48215a43d36?alt=json
2024-03-27 15:13:43,134 Encoding detection: utf_8 is most likely the one.
2024-03-27 15:13:43,136 URL being requested: GET https://gmail.googleapis.com/gmail/v1/users/me/messages/18e3aae10cccec24?alt=json
2024-03-27 15:13:43,216 Encoding detection: utf_8 is most likely the one.
2024-03-27 15:13:43,218 URL being requested: GET https://gmail.googleapis.com/gmail/v1/users/me/messages/18e3aada98136d27?alt=json
2024-03-27 15:13:43,354 Encoding detection: utf_8 is most likely the one.
2024-03-27 15:13:43,356 URL being requested: GET https://gmail.googleapis.com/gmail/v1/users/me/messages/18e3aad9d196e063?alt=json
2024-03-27 15:13:43,464 Encoding detection: utf_8 is most likely the one.
2024-03-27 15:13:43,466 URL being requested: GET https://gmail.googleapis.com/gmail/v1/users/me/messages/18a0b9673199b723?alt=json
2024-03-27 15:13:43,539 Encoding detection: utf_8 is most likely the one.
2024-03-27 15:13:43,542 URL being requested: GET https://gmail.googleapis.com/gmail/v1/users/me/messages/188a59018a38848a?alt=json
2024-03-27 15:13:43,608 Encoding detection: utf_8 will be used as a fallback match
2024-03-27 15:13:43,608 Encoding detection: Found utf_8 as plausible (best-candidate) for content. With 0 alternatives.
2024-03-27 15:13:43,610 URL being requested: GET https://gmail.googleapis.com/gmail/v1/users/me/messages/18827148d63fdc87?alt=json
2024-03-27 15:13:43,665 Encoding detection: utf_8 will be used as a fallback match
2024-03-27 15:13:43,665 Encoding detection: Found utf_8 as plausible (best-candidate) for content. With 0 alternatives.
2024-03-27 15:13:43,667 URL being requested: GET https://gmail.googleapis.com/gmail/v1/users/me/messages/1881b0bcab37ef81?alt=json
2024-03-27 15:13:43,738 Encoding detection: utf_8 will be used as a fallback match
2024-03-27 15:13:43,738 Encoding detection: Found utf_8 as plausible (best-candidate) for content. With 0 alternatives.
2024-03-27 15:13:43,739 URL being requested: GET https://gmail.googleapis.com/gmail/v1/users/me/messages/188123344ae608d5?alt=json
2024-03-27 15:13:43,811 Encoding detection: utf_8 will be used as a fallback match
2024-03-27 15:13:43,811 Encoding detection: Found utf_8 as plausible (best-candidate) for content. With 0 alternatives.
2024-03-27 15:13:43,814 URL being requested: GET https://gmail.googleapis.com/gmail/v1/users/me/messages/1881102731e03849?alt=json
2024-03-27 15:13:43,880 Encoding detection: utf_8 will be used as a fallback match
2024-03-27 15:13:43,880 Encoding detection: Found utf_8 as plausible (best-candidate) for content. With 0 alternatives.
2024-03-27 15:13:43,882 URL being requested: GET https://gmail.googleapis.com/gmail/v1/users/me/messages/188097355e4346ce?alt=json
2024-03-27 15:13:43,944 Encoding detection: utf_8 will be used as a fallback match
2024-03-27 15:13:43,944 Encoding detection: Found utf_8 as plausible (best-candidate) for content. With 0 alternatives.
2024-03-27 15:13:43,946 URL being requested: GET https://gmail.googleapis.com/gmail/v1/users/me/messages/18803a60c47d23c6?alt=json
2024-03-27 15:13:44,011 Encoding detection: utf_8 will be used as a fallback match
2024-03-27 15:13:44,011 Encoding detection: Found utf_8 as plausible (best-candidate) for content. With 0 alternatives.
2024-03-27 15:13:44,014 URL being requested: GET https://gmail.googleapis.com/gmail/v1/users/me/messages/1880399ba7b3966d?alt=json
2024-03-27 15:13:44,133 Encoding detection: ascii is most likely the one.
2024-03-27 15:13:44,135 URL being requested: GET https://gmail.googleapis.com/gmail/v1/users/me/messages/188038ec026e89ec?alt=json
2024-03-27 15:13:44,195 Encoding detection: utf_8 will be used as a fallback match
2024-03-27 15:13:44,195 Encoding detection: Found utf_8 as plausible (best-candidate) for content. With 0 alternatives.
2024-03-27 15:13:44,197 URL being requested: GET https://gmail.googleapis.com/gmail/v1/users/me/messages/187fdb9a10a3b68d?alt=json
2024-03-27 15:13:44,248 Encoding detection: utf_8 will be used as a fallback match
2024-03-27 15:13:44,248 Encoding detection: Found utf_8 as plausible (best-candidate) for content. With 0 alternatives.
2024-03-27 15:13:44,249 URL being requested: GET https://gmail.googleapis.com/gmail/v1/users/me/messages/187fd86b40c878a5?alt=json
2024-03-27 15:13:44,300 Encoding detection: utf_8 will be used as a fallback match
2024-03-27 15:13:44,300 Encoding detection: Found utf_8 as plausible (best-candidate) for content. With 0 alternatives.
2024-03-27 15:13:44,302 URL being requested: GET https://gmail.googleapis.com/gmail/v1/users/me/messages/187d8b8294b92faf?alt=json
2024-03-27 15:13:44,354 Encoding detection: utf_8 will be used as a fallback match
2024-03-27 15:13:44,354 Encoding detection: Found utf_8 as plausible (best-candidate) for content. With 0 alternatives.
2024-03-27 15:13:44,356 URL being requested: GET https://gmail.googleapis.com/gmail/v1/users/me/messages/187d8ab879f6926c?alt=json
2024-03-27 15:13:44,428 Encoding detection: ascii is most likely the one.
2024-03-27 15:13:44,430 URL being requested: GET https://gmail.googleapis.com/gmail/v1/users/me/messages/187d8a8b2ff2947e?alt=json
2024-03-27 15:13:44,505 Encoding detection: ascii is most likely the one.
2024-03-27 15:13:44,507 URL being requested: GET https://gmail.googleapis.com/gmail/v1/users/me/messages/187d886579460987?alt=json
2024-03-27 15:13:44,570 Encoding detection: ascii is most likely the one.
2024-03-27 15:13:44,572 URL being requested: GET https://gmail.googleapis.com/gmail/v1/users/me/messages/187d886550d58e51?alt=json
2024-03-27 15:13:44,623 Encoding detection: utf_8 is most likely the one.
2024-03-27 15:13:44,625 URL being requested: GET https://gmail.googleapis.com/gmail/v1/users/me/messages/187d54d6b146cc88?alt=json
2024-03-27 15:13:44,695 Encoding detection: utf_8 is most likely the one.
2024-03-27 15:13:44,698 URL being requested: GET https://gmail.googleapis.com/gmail/v1/users/me/messages/187d24ce13cd8b33?alt=json
2024-03-27 15:13:44,771 Encoding detection: ascii is most likely the one.
2024-03-27 15:13:44,773 URL being requested: GET https://gmail.googleapis.com/gmail/v1/users/me/messages/187d24c3942a5577?alt=json
2024-03-27 15:13:44,853 Encoding detection: ascii is most likely the one.
2024-03-27 15:13:44,854 URL being requested: GET https://gmail.googleapis.com/gmail/v1/users/me/messages/187d24b67cf7edea?alt=json
2024-03-27 15:13:44,921 Encoding detection: ascii is most likely the one.
2024-03-27 15:13:44,922 URL being requested: GET https://gmail.googleapis.com/gmail/v1/users/me/messages/187d24b2afd6390b?alt=json
2024-03-27 15:13:44,996 Encoding detection: ascii is most likely the one.
2024-03-27 15:13:44,998 URL being requested: GET https://gmail.googleapis.com/gmail/v1/users/me/messages/187d24ad9dccbd13?alt=json
2024-03-27 15:13:45,119 Encoding detection: ascii is most likely the one.
2024-03-27 15:13:45,123 URL being requested: GET https://gmail.googleapis.com/gmail/v1/users/me/messages/187d24a6fe07cc40?alt=json
2024-03-27 15:13:45,193 Encoding detection: ascii is most likely the one.
2024-03-27 15:13:45,197 URL being requested: GET https://gmail.googleapis.com/gmail/v1/users/me/messages/187d24a3e025dfc5?alt=json
2024-03-27 15:13:45,260 Encoding detection: ascii is most likely the one.
2024-03-27 15:13:45,262 URL being requested: GET https://gmail.googleapis.com/gmail/v1/users/me/messages/187d24a02bd6cfe1?alt=json
2024-03-27 15:13:45,317 Encoding detection: ascii is most likely the one.
2024-03-27 15:13:45,321 URL being requested: GET https://gmail.googleapis.com/gmail/v1/users/me/messages/187d249d2395b37b?alt=json
2024-03-27 15:13:45,396 Encoding detection: ascii is most likely the one.
2024-03-27 15:13:45,398 URL being requested: GET https://gmail.googleapis.com/gmail/v1/users/me/messages/187d2499ebe2b845?alt=json
2024-03-27 15:13:45,445 Encoding detection: ascii is most likely the one.
2024-03-27 15:13:45,447 URL being requested: GET https://gmail.googleapis.com/gmail/v1/users/me/messages/187ce613d9e8fb8a?alt=json
2024-03-27 15:13:45,631 Encoding detection: ascii is most likely the one.
2024-03-27 15:13:45,633 URL being requested: GET https://gmail.googleapis.com/gmail/v1/users/me/messages/187cde75c587328a?alt=json
2024-03-27 15:13:45,778 Encoding detection: ascii is most likely the one.
2024-03-27 15:13:45,780 URL being requested: GET https://gmail.googleapis.com/gmail/v1/users/me/messages/187c9559ddde8d8d?alt=json
2024-03-27 15:13:45,895 Encoding detection: ascii is most likely the one.
2024-03-27 15:13:45,897 URL being requested: GET https://gmail.googleapis.com/gmail/v1/users/me/messages/187bdf17d232b43e?alt=json
2024-03-27 15:13:45,954 Encoding detection: ascii is most likely the one.
2024-03-27 15:13:45,956 URL being requested: GET https://gmail.googleapis.com/gmail/v1/users/me/messages/187b696bcb1e7fa4?alt=json
2024-03-27 15:13:46,209 Encoding detection: ascii is most likely the one.
2024-03-27 15:13:46,211 URL being requested: GET https://gmail.googleapis.com/gmail/v1/users/me/messages/187b0a670fd3b315?alt=json
2024-03-27 15:13:46,350 Encoding detection: ascii is most likely the one.
2024-03-27 15:13:46,351 decoded 48 emails
2024-03-27 15:13:46,352 found 1 new forecast request(s)
2024-03-27 15:13:46,352 inreach forecast request:
40.25488,-105.61603
4341
mbd
             
test: False
2024-03-27 15:13:46,354 requested forecast already retrived recently at 2024-03-27 14:29
2024-03-27 15:13:46,354 weather forecast reply:
402 -1056 14 D
27-02
H 10 21 19 20 22 15 22
L  2  7 13 14 11  8  6
C  7  7  0  0  4  1  8
S .4 .1  5  2  3  1  -
P 3 4 8 8 8 9 1
W 3 4 2 2 2 2 2
% 7 6 5 4 4 3 6
2024-03-27 15:13:46,356 Starting new HTTPS connection (1): us0.explore.garmin.com:443
2024-03-27 15:13:46,497 https://us0.explore.garmin.com:443 "GET /textmessage/txtmsg?extId=08db5496-6f20-9f8e-000d-3aa7780f0000&amp;adr=dewey.mtn.forecasts%40gmail.com HTTP/1.1" 200 None
2024-03-27 15:13:46,509 {'ReplyAddress': None, 'ReplyMessage': '402 -1056 14 D\n27-02\nH 10 21 19 20 22 15 22\nL  2  7 13 14 11  8  6\nC  7  7  0  0  4  1  8\nS .4 .1  5  2  3  1  -\nP 3 4 8 8 8 9 1\nW 3 4 2 2 2 2 2\n% 7 6 5 4 4 3 6', 'MessageId': '353793859', 'Guid': '08db5496-6f20-9f8e-000d-3aa7780f0000'}
2024-03-27 15:13:46,510 Starting new HTTPS connection (1): us0.explore.garmin.com:443
2024-03-27 15:13:46,671 https://us0.explore.garmin.com:443 "POST /textmessage/txtmsg HTTP/1.1" 500 None
2024-03-27 15:13:46,671 sending via https://us0.explore.garmin.com/textmessage/txtmsg?extId=************0-9f8e-000d-3aa7780f0000&amp;adr=dewey.mtn.forecasts%40gmail.com
2024-03-27 15:13:46,671 <Response [500]>
