2024-03-26 20:46:57,575 file_cache is only supported with oauth2client<4.0.0
2024-03-26 20:47:01,353 retrieved 48 emails
2024-03-26 20:47:01,356 found 3 new forecast request(s)
2024-03-26 20:47:01,356 inreach forecast request:
62.909,-151.053
3871
mb3
             
test: True
2024-03-26 20:47:01,358 requested forecast already retrived recently at 2024-03-26 19:39
2024-03-26 20:47:01,359 weather forecast reply:
629 -1510 13 3
2619*27
T -5 -6* -7-10-11 -9 -7 -7
S .1 .1* .1  -  -  -  -  -
P 3 2* 2 0 0 2 2 2
C 0 0* 0 0 0 0 0 0
W 1 1* 1 1 0 0 0 0
D  S  S*  S  S  S  S  E NE
2024-03-26 20:47:01,558 this forecast request is a test
2024-03-26 20:47:01,559 inreach forecast request:
62.909,-151.053
3871
mb6
             
test: True
2024-03-26 20:47:01,559 requested forecast already retrived recently at 2024-03-26 20:32
2024-03-26 20:47:01,560 weather forecast reply:
629 -1510 13 6
2620*28
T -6*-10-10 -7 -8*-12-11 -8
S .2* .1  -  -  -*  -  -  -
P 2* 2 2 4 4* 2 1 3
C 0* 0 1 0 0* 0 1 2
W 1* 1 0 0 0* 0 0 0
D S* S SNENE* E S S
2024-03-26 20:47:01,710 this forecast request is a test
2024-03-26 20:47:01,711 inreach forecast request:
62.909,-151.053
3871
mbd
             
test: True
2024-03-26 20:47:01,711 requested forecast already retrived recently at 2024-03-26 20:32
2024-03-26 20:47:01,712 weather forecast reply:
629 -1510 13 D
26-01
H -3 -6 -8-11 -7 -9-17
L -6-12-14-17-12-19-19
C  0  1  4  1  0  2  1
S  2 .2  -  2  6  5  1
P 3 6 4 810 9 7
W 1 1 1 2 2 1 1
% 7 6 6 4 4 4 1
2024-03-26 20:47:01,957 this forecast request is a test
