2024-03-26 21:17:15,372 file_cache is only supported with oauth2client<4.0.0
2024-03-26 21:17:20,598 retrieved 48 emails
2024-03-26 21:17:20,600 found 4 new forecast request(s)
2024-03-26 21:17:20,601 inreach forecast request:
52.909,-121.053
3695
mbd
             
test: True
2024-03-26 21:17:20,601 getting forecast from https://my.meteoblue.com/packages/trendpro-day?apikey=****************&lat=52.909&lon=-121.053&asl=3695&format=json&temperature=F&windspeed=mph&precipitationamount=inch&winddirection=2char
2024-03-26 21:17:20,939 weather forecast reply:
529 -1210 12 D
26-01
H 25 25 23 18 20 27 33
L 16 17 17  7  2 11 20
C  4  3  0  2  9  1  7
S .5 .1  7  2  -  - .1
P 5 9 9 5 0 2 6
W 1 1 1 1 1 1 1
% 6 7 5 4 7 6 3
2024-03-26 21:17:21,185 this forecast request is a test
2024-03-26 21:17:21,186 inreach forecast request:
62.909,-151.053
3871
mb3
             
test: True
2024-03-26 21:17:21,187 requested forecast already retrived recently at 2024-03-26 19:39
2024-03-26 21:17:21,188 weather forecast reply:
629 -1510 13 3
2619*27
T -5 -6* -7-10-11 -9 -7 -7
S .1 .1* .1  -  -  -  -  -
P 3 2* 2 0 0 2 2 2
C 0 0* 0 0 0 0 0 0
W 1 1* 1 1 0 0 0 0
D  S  S*  S  S  S  S  E NE
2024-03-26 21:17:21,398 this forecast request is a test
2024-03-26 21:17:21,400 inreach forecast request:
62.909,-151.053
3871
mb6
             
test: True
2024-03-26 21:17:21,402 requested forecast already retrived recently at 2024-03-26 20:32
2024-03-26 21:17:21,403 weather forecast reply:
629 -1510 13 6
2620*28
T -6*-10-10 -7 -8*-12-11 -8
S .2* .1  -  -  -*  -  -  -
P 2* 2 2 4 4* 2 1 3
C 0* 0 1 0 0* 0 1 2
W 1* 1 0 0 0* 0 0 0
D S* S SNENE* E S S
2024-03-26 21:17:21,627 this forecast request is a test
2024-03-26 21:17:21,628 inreach forecast request:
62.909,-151.053
3871
mbd
             
test: True
2024-03-26 21:17:21,628 requested forecast already retrived recently at 2024-03-26 20:32
2024-03-26 21:17:21,628 weather forecast reply:
629 -1510 13 D
26-01
H -3 -6 -8-11 -7 -9-17
L -6-12-14-17-12-19-19
C  0  1  4  1  0  2  1
S  2 .2  -  2  6  5  1
P 3 6 4 810 9 7
W 1 1 1 2 2 1 1
% 7 6 6 4 4 4 1
2024-03-26 21:17:21,779 this forecast request is a test
