2024-03-27 15:51:38,501 token file exists
2024-03-27 15:51:38,501 token no longer valid
2024-03-27 15:51:38,501 Making request: POST https://oauth2.googleapis.com/token
2024-03-27 15:51:38,502 Starting new HTTPS connection (1): oauth2.googleapis.com:443
2024-03-27 15:51:38,663 https://oauth2.googleapis.com:443 "POST /token HTTP/1.1" 200 None
2024-03-27 15:51:38,665 file_cache is only supported with oauth2client<4.0.0
2024-03-27 15:51:38,668 URL being requested: GET https://gmail.googleapis.com/gmail/v1/users/me/messages?maxResults=50&includeSpamTrash=true&alt=json
2024-03-27 15:51:38,909 retrieved 50 emails
2024-03-27 15:51:38,910 URL being requested: GET https://gmail.googleapis.com/gmail/v1/users/me/messages/18e809b6ad46a727?alt=json
2024-03-27 15:51:39,812 Encoding detection: utf_8 will be used as a fallback match
2024-03-27 15:51:39,812 Encoding detection: Found utf_8 as plausible (best-candidate) for content. With 0 alternatives.
2024-03-27 15:51:39,814 URL being requested: GET https://gmail.googleapis.com/gmail/v1/users/me/messages/18e80945c1e36a8a?alt=json
2024-03-27 15:51:39,973 Encoding detection: utf_8 will be used as a fallback match
2024-03-27 15:51:39,973 Encoding detection: Found utf_8 as plausible (best-candidate) for content. With 0 alternatives.
2024-03-27 15:51:39,975 URL being requested: GET https://gmail.googleapis.com/gmail/v1/users/me/messages/18e804ebaa605242?alt=json
2024-03-27 15:51:40,137 Encoding detection: ascii is most likely the one.
2024-03-27 15:51:40,139 URL being requested: GET https://gmail.googleapis.com/gmail/v1/users/me/messages/18e8039341513be8?alt=json
2024-03-27 15:51:40,325 Encoding detection: ascii is most likely the one.
2024-03-27 15:51:40,327 URL being requested: GET https://gmail.googleapis.com/gmail/v1/users/me/messages/18e8028bc1216767?alt=json
2024-03-27 15:51:40,432 Encoding detection: utf_8 will be used as a fallback match
2024-03-27 15:51:40,432 Encoding detection: Found utf_8 as plausible (best-candidate) for content. With 0 alternatives.
2024-03-27 15:51:40,433 URL being requested: GET https://gmail.googleapis.com/gmail/v1/users/me/messages/18e7fec830fc0fef?alt=json
2024-03-27 15:51:40,623 Encoding detection: utf_8 is most likely the one.
2024-03-27 15:51:40,624 URL being requested: GET https://gmail.googleapis.com/gmail/v1/users/me/messages/18e7c9fcc5e43a55?alt=json
2024-03-27 15:51:40,785 Encoding detection: ascii is most likely the one.
2024-03-27 15:51:40,786 URL being requested: GET https://gmail.googleapis.com/gmail/v1/users/me/messages/18e7c45dc8a6c43d?alt=json
2024-03-27 15:51:40,974 Encoding detection: utf_8 will be used as a fallback match
2024-03-27 15:51:40,974 Encoding detection: Found utf_8 as plausible (best-candidate) for content. With 0 alternatives.
2024-03-27 15:51:40,976 URL being requested: GET https://gmail.googleapis.com/gmail/v1/users/me/messages/18e7bd0d187bf0fd?alt=json
2024-03-27 15:51:41,153 Encoding detection: utf_8 will be used as a fallback match
2024-03-27 15:51:41,154 Encoding detection: Found utf_8 as plausible (best-candidate) for content. With 0 alternatives.
2024-03-27 15:51:41,155 URL being requested: GET https://gmail.googleapis.com/gmail/v1/users/me/messages/18e5a03dea4c7004?alt=json
2024-03-27 15:51:41,341 Encoding detection: utf_8 is most likely the one.
2024-03-27 15:51:41,343 URL being requested: GET https://gmail.googleapis.com/gmail/v1/users/me/messages/18e5279ac63d5c92?alt=json
2024-03-27 15:51:41,500 Encoding detection: utf_8 will be used as a fallback match
2024-03-27 15:51:41,500 Encoding detection: Found utf_8 as plausible (best-candidate) for content. With 0 alternatives.
2024-03-27 15:51:41,502 URL being requested: GET https://gmail.googleapis.com/gmail/v1/users/me/messages/18e4cbde9b2ce94f?alt=json
2024-03-27 15:51:41,691 'data'
2024-03-27 15:51:41,692 URL being requested: GET https://gmail.googleapis.com/gmail/v1/users/me/messages/18e42d1e729f2b06?alt=json
2024-03-27 15:51:41,842 'data'
2024-03-27 15:51:41,843 URL being requested: GET https://gmail.googleapis.com/gmail/v1/users/me/messages/18e3ebb881840de1?alt=json
2024-03-27 15:51:41,998 Encoding detection: utf_8 is most likely the one.
2024-03-27 15:51:41,999 URL being requested: GET https://gmail.googleapis.com/gmail/v1/users/me/messages/18e3e48215a43d36?alt=json
2024-03-27 15:51:42,158 Encoding detection: utf_8 is most likely the one.
2024-03-27 15:51:42,160 URL being requested: GET https://gmail.googleapis.com/gmail/v1/users/me/messages/18e3aae10cccec24?alt=json
2024-03-27 15:51:42,313 Encoding detection: utf_8 is most likely the one.
2024-03-27 15:51:42,315 URL being requested: GET https://gmail.googleapis.com/gmail/v1/users/me/messages/18e3aada98136d27?alt=json
2024-03-27 15:51:42,500 Encoding detection: utf_8 is most likely the one.
2024-03-27 15:51:42,502 URL being requested: GET https://gmail.googleapis.com/gmail/v1/users/me/messages/18e3aad9d196e063?alt=json
2024-03-27 15:51:42,662 Encoding detection: utf_8 is most likely the one.
2024-03-27 15:51:42,665 URL being requested: GET https://gmail.googleapis.com/gmail/v1/users/me/messages/18a0b9673199b723?alt=json
2024-03-27 15:51:42,831 Encoding detection: utf_8 is most likely the one.
2024-03-27 15:51:42,833 URL being requested: GET https://gmail.googleapis.com/gmail/v1/users/me/messages/188a59018a38848a?alt=json
2024-03-27 15:51:43,029 Encoding detection: utf_8 will be used as a fallback match
2024-03-27 15:51:43,029 Encoding detection: Found utf_8 as plausible (best-candidate) for content. With 0 alternatives.
2024-03-27 15:51:43,031 URL being requested: GET https://gmail.googleapis.com/gmail/v1/users/me/messages/18827148d63fdc87?alt=json
2024-03-27 15:51:43,218 Encoding detection: utf_8 will be used as a fallback match
2024-03-27 15:51:43,218 Encoding detection: Found utf_8 as plausible (best-candidate) for content. With 0 alternatives.
2024-03-27 15:51:43,220 URL being requested: GET https://gmail.googleapis.com/gmail/v1/users/me/messages/1881b0bcab37ef81?alt=json
2024-03-27 15:51:43,367 Encoding detection: utf_8 will be used as a fallback match
2024-03-27 15:51:43,367 Encoding detection: Found utf_8 as plausible (best-candidate) for content. With 0 alternatives.
2024-03-27 15:51:43,369 URL being requested: GET https://gmail.googleapis.com/gmail/v1/users/me/messages/188123344ae608d5?alt=json
2024-03-27 15:51:43,551 Encoding detection: utf_8 will be used as a fallback match
2024-03-27 15:51:43,552 Encoding detection: Found utf_8 as plausible (best-candidate) for content. With 0 alternatives.
2024-03-27 15:51:43,553 URL being requested: GET https://gmail.googleapis.com/gmail/v1/users/me/messages/1881102731e03849?alt=json
2024-03-27 15:51:43,734 Encoding detection: utf_8 will be used as a fallback match
2024-03-27 15:51:43,734 Encoding detection: Found utf_8 as plausible (best-candidate) for content. With 0 alternatives.
2024-03-27 15:51:43,736 URL being requested: GET https://gmail.googleapis.com/gmail/v1/users/me/messages/188097355e4346ce?alt=json
2024-03-27 15:51:43,890 Encoding detection: utf_8 will be used as a fallback match
2024-03-27 15:51:43,890 Encoding detection: Found utf_8 as plausible (best-candidate) for content. With 0 alternatives.
2024-03-27 15:51:43,891 URL being requested: GET https://gmail.googleapis.com/gmail/v1/users/me/messages/18803a60c47d23c6?alt=json
2024-03-27 15:51:44,070 Encoding detection: utf_8 will be used as a fallback match
2024-03-27 15:51:44,070 Encoding detection: Found utf_8 as plausible (best-candidate) for content. With 0 alternatives.
2024-03-27 15:51:44,072 URL being requested: GET https://gmail.googleapis.com/gmail/v1/users/me/messages/1880399ba7b3966d?alt=json
2024-03-27 15:51:44,221 Encoding detection: ascii is most likely the one.
2024-03-27 15:51:44,223 URL being requested: GET https://gmail.googleapis.com/gmail/v1/users/me/messages/188038ec026e89ec?alt=json
2024-03-27 15:51:44,369 Encoding detection: utf_8 will be used as a fallback match
2024-03-27 15:51:44,369 Encoding detection: Found utf_8 as plausible (best-candidate) for content. With 0 alternatives.
2024-03-27 15:51:44,371 URL being requested: GET https://gmail.googleapis.com/gmail/v1/users/me/messages/187fdb9a10a3b68d?alt=json
2024-03-27 15:51:44,550 Encoding detection: utf_8 will be used as a fallback match
2024-03-27 15:51:44,550 Encoding detection: Found utf_8 as plausible (best-candidate) for content. With 0 alternatives.
2024-03-27 15:51:44,552 URL being requested: GET https://gmail.googleapis.com/gmail/v1/users/me/messages/187fd86b40c878a5?alt=json
2024-03-27 15:51:44,912 Encoding detection: utf_8 will be used as a fallback match
2024-03-27 15:51:44,912 Encoding detection: Found utf_8 as plausible (best-candidate) for content. With 0 alternatives.
2024-03-27 15:51:44,914 URL being requested: GET https://gmail.googleapis.com/gmail/v1/users/me/messages/187d8b8294b92faf?alt=json
2024-03-27 15:51:45,062 Encoding detection: utf_8 will be used as a fallback match
2024-03-27 15:51:45,062 Encoding detection: Found utf_8 as plausible (best-candidate) for content. With 0 alternatives.
2024-03-27 15:51:45,064 URL being requested: GET https://gmail.googleapis.com/gmail/v1/users/me/messages/187d8ab879f6926c?alt=json
2024-03-27 15:51:45,212 Encoding detection: ascii is most likely the one.
2024-03-27 15:51:45,214 URL being requested: GET https://gmail.googleapis.com/gmail/v1/users/me/messages/187d8a8b2ff2947e?alt=json
2024-03-27 15:51:45,365 Encoding detection: ascii is most likely the one.
2024-03-27 15:51:45,367 URL being requested: GET https://gmail.googleapis.com/gmail/v1/users/me/messages/187d886579460987?alt=json
2024-03-27 15:51:45,568 Encoding detection: ascii is most likely the one.
2024-03-27 15:51:45,570 URL being requested: GET https://gmail.googleapis.com/gmail/v1/users/me/messages/187d886550d58e51?alt=json
2024-03-27 15:51:45,669 Encoding detection: utf_8 is most likely the one.
2024-03-27 15:51:45,671 URL being requested: GET https://gmail.googleapis.com/gmail/v1/users/me/messages/187d54d6b146cc88?alt=json
2024-03-27 15:51:45,952 Encoding detection: utf_8 is most likely the one.
2024-03-27 15:51:45,954 URL being requested: GET https://gmail.googleapis.com/gmail/v1/users/me/messages/187d24ce13cd8b33?alt=json
2024-03-27 15:51:46,124 Encoding detection: ascii is most likely the one.
2024-03-27 15:51:46,126 URL being requested: GET https://gmail.googleapis.com/gmail/v1/users/me/messages/187d24c3942a5577?alt=json
2024-03-27 15:51:46,272 Encoding detection: ascii is most likely the one.
2024-03-27 15:51:46,274 URL being requested: GET https://gmail.googleapis.com/gmail/v1/users/me/messages/187d24b67cf7edea?alt=json
2024-03-27 15:51:46,450 Encoding detection: ascii is most likely the one.
2024-03-27 15:51:46,452 URL being requested: GET https://gmail.googleapis.com/gmail/v1/users/me/messages/187d24b2afd6390b?alt=json
2024-03-27 15:51:46,631 Encoding detection: ascii is most likely the one.
2024-03-27 15:51:46,633 URL being requested: GET https://gmail.googleapis.com/gmail/v1/users/me/messages/187d24ad9dccbd13?alt=json
2024-03-27 15:51:46,815 Encoding detection: ascii is most likely the one.
2024-03-27 15:51:46,817 URL being requested: GET https://gmail.googleapis.com/gmail/v1/users/me/messages/187d24a6fe07cc40?alt=json
2024-03-27 15:51:47,003 Encoding detection: ascii is most likely the one.
2024-03-27 15:51:47,005 URL being requested: GET https://gmail.googleapis.com/gmail/v1/users/me/messages/187d24a3e025dfc5?alt=json
2024-03-27 15:51:47,104 Encoding detection: ascii is most likely the one.
2024-03-27 15:51:47,106 URL being requested: GET https://gmail.googleapis.com/gmail/v1/users/me/messages/187d24a02bd6cfe1?alt=json
2024-03-27 15:51:48,136 Encoding detection: ascii is most likely the one.
2024-03-27 15:51:48,138 URL being requested: GET https://gmail.googleapis.com/gmail/v1/users/me/messages/187d249d2395b37b?alt=json
2024-03-27 15:51:48,243 Encoding detection: ascii is most likely the one.
2024-03-27 15:51:48,245 URL being requested: GET https://gmail.googleapis.com/gmail/v1/users/me/messages/187d2499ebe2b845?alt=json
2024-03-27 15:51:48,397 Encoding detection: ascii is most likely the one.
2024-03-27 15:51:48,399 URL being requested: GET https://gmail.googleapis.com/gmail/v1/users/me/messages/187ce613d9e8fb8a?alt=json
2024-03-27 15:51:48,500 Encoding detection: ascii is most likely the one.
2024-03-27 15:51:48,502 URL being requested: GET https://gmail.googleapis.com/gmail/v1/users/me/messages/187cde75c587328a?alt=json
2024-03-27 15:51:48,707 Encoding detection: ascii is most likely the one.
2024-03-27 15:51:48,709 URL being requested: GET https://gmail.googleapis.com/gmail/v1/users/me/messages/187c9559ddde8d8d?alt=json
2024-03-27 15:51:48,884 Encoding detection: ascii is most likely the one.
2024-03-27 15:51:48,886 URL being requested: GET https://gmail.googleapis.com/gmail/v1/users/me/messages/187bdf17d232b43e?alt=json
2024-03-27 15:51:49,036 Encoding detection: ascii is most likely the one.
2024-03-27 15:51:49,036 decoded 48 emails
2024-03-27 15:51:49,037 found 1 new forecast request(s)
2024-03-27 15:51:49,037 inreach forecast request:
38.58109,-107.71581
2371
mb3
             
test: False
2024-03-27 15:51:49,051 requested forecast already retrived recently at 2024-03-27 15:44
2024-03-27 15:51:49,051 weather forecast reply:
385 -1077 8 3
2715*28
T 38 35 28* 26 25 27 36 45
S  -  -  -*  -  -  -  -  -
P 0 0 0* 0 0 0 0 0
C 2 2 0* 0 0 0 0 1
W 1 1 1* 1 1 1 1 2
D  W  W  S* SE SE SE  S SW
2024-03-27 15:51:49,052 Starting new HTTPS connection (1): us0.explore.garmin.com:443
2024-03-27 15:51:49,375 https://us0.explore.garmin.com:443 "GET /textmessage/txtmsg?extId=08db51e7-1e7b-5fb9-0022-484758110000&amp;adr=dewey.mtn.forecasts%40gmail.com HTTP/1.1" 200 None
2024-03-27 15:51:49,385 {'ReplyAddress': 'dewey.mtn.forecasts@gmail.com', 'ReplyMessage': '385 -1077 8 3\n2715*28\nT 38 35 28* 26 25 27 36 45\nS  -  -  -*  -  -  -  -  -\nP 0 0 0* 0 0 0 0 0\nC 2 2 0* 0 0 0 0 1\nW 1 1 1* 1 1 1 1 2\nD  W  W  S* SE SE SE  S SW', 'MessageId': '353042369', 'Guid': '08db51e7-1e7b-5fb9-0022-484758110000'}
2024-03-27 15:51:49,386 Starting new HTTPS connection (1): us0.explore.garmin.com:443
2024-03-27 15:51:49,733 https://us0.explore.garmin.com:443 "POST /textmessage/txtmsg HTTP/1.1" 200 135
2024-03-27 15:51:49,733 sending via https://us0.explore.garmin.com/textmessage/txtmsg?extId=************b-5fb9-0022-484758110000&amp;adr=dewey.mtn.forecasts%40gmail.com
2024-03-27 15:51:49,733 <Response [200]>
