2024-03-27 15:06:03,799 token file exists
2024-03-27 15:06:03,804 file_cache is only supported with oauth2client<4.0.0
2024-03-27 15:06:03,808 URL being requested: GET https://gmail.googleapis.com/gmail/v1/users/me/messages?maxResults=50&includeSpamTrash=true&alt=json
2024-03-27 15:06:03,911 retrieved 50 emails
2024-03-27 15:06:03,913 URL being requested: GET https://gmail.googleapis.com/gmail/v1/users/me/messages/18e804ebaa605242?alt=json
2024-03-27 15:06:03,982 Encoding detection: ascii is most likely the one.
2024-03-27 15:06:03,986 URL being requested: GET https://gmail.googleapis.com/gmail/v1/users/me/messages/18e8039341513be8?alt=json
2024-03-27 15:06:04,053 Encoding detection: ascii is most likely the one.
2024-03-27 15:06:04,055 URL being requested: GET https://gmail.googleapis.com/gmail/v1/users/me/messages/18e8028bc1216767?alt=json
2024-03-27 15:06:04,152 Encoding detection: utf_8 will be used as a fallback match
2024-03-27 15:06:04,152 Encoding detection: Found utf_8 as plausible (best-candidate) for content. With 0 alternatives.
2024-03-27 15:06:04,156 URL being requested: GET https://gmail.googleapis.com/gmail/v1/users/me/messages/18e7fec830fc0fef?alt=json
2024-03-27 15:06:04,388 Encoding detection: utf_8 is most likely the one.
2024-03-27 15:06:04,390 URL being requested: GET https://gmail.googleapis.com/gmail/v1/users/me/messages/18e7c9fcc5e43a55?alt=json
2024-03-27 15:06:04,471 Encoding detection: ascii is most likely the one.
2024-03-27 15:06:04,475 URL being requested: GET https://gmail.googleapis.com/gmail/v1/users/me/messages/18e7c45dc8a6c43d?alt=json
2024-03-27 15:06:04,549 Encoding detection: utf_8 will be used as a fallback match
2024-03-27 15:06:04,549 Encoding detection: Found utf_8 as plausible (best-candidate) for content. With 0 alternatives.
2024-03-27 15:06:04,551 URL being requested: GET https://gmail.googleapis.com/gmail/v1/users/me/messages/18e7bd0d187bf0fd?alt=json
2024-03-27 15:06:04,622 Encoding detection: utf_8 will be used as a fallback match
2024-03-27 15:06:04,622 Encoding detection: Found utf_8 as plausible (best-candidate) for content. With 0 alternatives.
2024-03-27 15:06:04,624 URL being requested: GET https://gmail.googleapis.com/gmail/v1/users/me/messages/18e5a03dea4c7004?alt=json
2024-03-27 15:06:04,703 Encoding detection: utf_8 is most likely the one.
2024-03-27 15:06:04,705 URL being requested: GET https://gmail.googleapis.com/gmail/v1/users/me/messages/18e5279ac63d5c92?alt=json
2024-03-27 15:06:04,777 Encoding detection: utf_8 will be used as a fallback match
2024-03-27 15:06:04,778 Encoding detection: Found utf_8 as plausible (best-candidate) for content. With 0 alternatives.
2024-03-27 15:06:04,779 URL being requested: GET https://gmail.googleapis.com/gmail/v1/users/me/messages/18e4cbde9b2ce94f?alt=json
2024-03-27 15:06:04,838 'data'
2024-03-27 15:06:04,840 URL being requested: GET https://gmail.googleapis.com/gmail/v1/users/me/messages/18e42d1e729f2b06?alt=json
2024-03-27 15:06:04,917 'data'
2024-03-27 15:06:04,919 URL being requested: GET https://gmail.googleapis.com/gmail/v1/users/me/messages/18e3ebb881840de1?alt=json
2024-03-27 15:06:05,004 Encoding detection: utf_8 is most likely the one.
2024-03-27 15:06:05,006 URL being requested: GET https://gmail.googleapis.com/gmail/v1/users/me/messages/18e3e48215a43d36?alt=json
2024-03-27 15:06:05,077 Encoding detection: utf_8 is most likely the one.
2024-03-27 15:06:05,078 URL being requested: GET https://gmail.googleapis.com/gmail/v1/users/me/messages/18e3aae10cccec24?alt=json
2024-03-27 15:06:05,153 Encoding detection: utf_8 is most likely the one.
2024-03-27 15:06:05,156 URL being requested: GET https://gmail.googleapis.com/gmail/v1/users/me/messages/18e3aada98136d27?alt=json
2024-03-27 15:06:05,226 Encoding detection: utf_8 is most likely the one.
2024-03-27 15:06:05,228 URL being requested: GET https://gmail.googleapis.com/gmail/v1/users/me/messages/18e3aad9d196e063?alt=json
2024-03-27 15:06:05,300 Encoding detection: utf_8 is most likely the one.
2024-03-27 15:06:05,302 URL being requested: GET https://gmail.googleapis.com/gmail/v1/users/me/messages/18a0b9673199b723?alt=json
2024-03-27 15:06:05,372 Encoding detection: utf_8 is most likely the one.
2024-03-27 15:06:05,375 URL being requested: GET https://gmail.googleapis.com/gmail/v1/users/me/messages/188a59018a38848a?alt=json
2024-03-27 15:06:05,473 Encoding detection: utf_8 will be used as a fallback match
2024-03-27 15:06:05,473 Encoding detection: Found utf_8 as plausible (best-candidate) for content. With 0 alternatives.
2024-03-27 15:06:05,476 URL being requested: GET https://gmail.googleapis.com/gmail/v1/users/me/messages/18827148d63fdc87?alt=json
2024-03-27 15:06:05,542 Encoding detection: utf_8 will be used as a fallback match
2024-03-27 15:06:05,542 Encoding detection: Found utf_8 as plausible (best-candidate) for content. With 0 alternatives.
2024-03-27 15:06:05,544 URL being requested: GET https://gmail.googleapis.com/gmail/v1/users/me/messages/1881b0bcab37ef81?alt=json
2024-03-27 15:06:05,614 Encoding detection: utf_8 will be used as a fallback match
2024-03-27 15:06:05,615 Encoding detection: Found utf_8 as plausible (best-candidate) for content. With 0 alternatives.
2024-03-27 15:06:05,618 URL being requested: GET https://gmail.googleapis.com/gmail/v1/users/me/messages/188123344ae608d5?alt=json
2024-03-27 15:06:05,755 Encoding detection: utf_8 will be used as a fallback match
2024-03-27 15:06:05,755 Encoding detection: Found utf_8 as plausible (best-candidate) for content. With 0 alternatives.
2024-03-27 15:06:05,759 URL being requested: GET https://gmail.googleapis.com/gmail/v1/users/me/messages/1881102731e03849?alt=json
2024-03-27 15:06:05,850 Encoding detection: utf_8 will be used as a fallback match
2024-03-27 15:06:05,850 Encoding detection: Found utf_8 as plausible (best-candidate) for content. With 0 alternatives.
2024-03-27 15:06:05,853 URL being requested: GET https://gmail.googleapis.com/gmail/v1/users/me/messages/188097355e4346ce?alt=json
2024-03-27 15:06:05,917 Encoding detection: utf_8 will be used as a fallback match
2024-03-27 15:06:05,917 Encoding detection: Found utf_8 as plausible (best-candidate) for content. With 0 alternatives.
2024-03-27 15:06:05,919 URL being requested: GET https://gmail.googleapis.com/gmail/v1/users/me/messages/18803a60c47d23c6?alt=json
2024-03-27 15:06:05,973 Encoding detection: utf_8 will be used as a fallback match
2024-03-27 15:06:05,974 Encoding detection: Found utf_8 as plausible (best-candidate) for content. With 0 alternatives.
2024-03-27 15:06:05,976 URL being requested: GET https://gmail.googleapis.com/gmail/v1/users/me/messages/1880399ba7b3966d?alt=json
2024-03-27 15:06:06,026 Encoding detection: ascii is most likely the one.
2024-03-27 15:06:06,028 URL being requested: GET https://gmail.googleapis.com/gmail/v1/users/me/messages/188038ec026e89ec?alt=json
2024-03-27 15:06:06,080 Encoding detection: utf_8 will be used as a fallback match
2024-03-27 15:06:06,080 Encoding detection: Found utf_8 as plausible (best-candidate) for content. With 0 alternatives.
2024-03-27 15:06:06,083 URL being requested: GET https://gmail.googleapis.com/gmail/v1/users/me/messages/187fdb9a10a3b68d?alt=json
2024-03-27 15:06:06,160 Encoding detection: utf_8 will be used as a fallback match
2024-03-27 15:06:06,160 Encoding detection: Found utf_8 as plausible (best-candidate) for content. With 0 alternatives.
2024-03-27 15:06:06,162 URL being requested: GET https://gmail.googleapis.com/gmail/v1/users/me/messages/187fd86b40c878a5?alt=json
2024-03-27 15:06:06,215 Encoding detection: utf_8 will be used as a fallback match
2024-03-27 15:06:06,216 Encoding detection: Found utf_8 as plausible (best-candidate) for content. With 0 alternatives.
2024-03-27 15:06:06,217 URL being requested: GET https://gmail.googleapis.com/gmail/v1/users/me/messages/187d8b8294b92faf?alt=json
2024-03-27 15:06:06,279 Encoding detection: utf_8 will be used as a fallback match
2024-03-27 15:06:06,279 Encoding detection: Found utf_8 as plausible (best-candidate) for content. With 0 alternatives.
2024-03-27 15:06:06,281 URL being requested: GET https://gmail.googleapis.com/gmail/v1/users/me/messages/187d8ab879f6926c?alt=json
2024-03-27 15:06:06,345 Encoding detection: ascii is most likely the one.
2024-03-27 15:06:06,347 URL being requested: GET https://gmail.googleapis.com/gmail/v1/users/me/messages/187d8a8b2ff2947e?alt=json
2024-03-27 15:06:06,415 Encoding detection: ascii is most likely the one.
2024-03-27 15:06:06,417 URL being requested: GET https://gmail.googleapis.com/gmail/v1/users/me/messages/187d886579460987?alt=json
2024-03-27 15:06:06,481 Encoding detection: ascii is most likely the one.
2024-03-27 15:06:06,483 URL being requested: GET https://gmail.googleapis.com/gmail/v1/users/me/messages/187d886550d58e51?alt=json
2024-03-27 15:06:06,714 Encoding detection: utf_8 is most likely the one.
2024-03-27 15:06:06,716 URL being requested: GET https://gmail.googleapis.com/gmail/v1/users/me/messages/187d54d6b146cc88?alt=json
2024-03-27 15:06:06,783 Encoding detection: utf_8 is most likely the one.
2024-03-27 15:06:06,785 URL being requested: GET https://gmail.googleapis.com/gmail/v1/users/me/messages/187d24ce13cd8b33?alt=json
2024-03-27 15:06:06,839 Encoding detection: ascii is most likely the one.
2024-03-27 15:06:06,841 URL being requested: GET https://gmail.googleapis.com/gmail/v1/users/me/messages/187d24c3942a5577?alt=json
2024-03-27 15:06:06,916 Encoding detection: ascii is most likely the one.
2024-03-27 15:06:06,918 URL being requested: GET https://gmail.googleapis.com/gmail/v1/users/me/messages/187d24b67cf7edea?alt=json
2024-03-27 15:06:07,075 Encoding detection: ascii is most likely the one.
2024-03-27 15:06:07,083 URL being requested: GET https://gmail.googleapis.com/gmail/v1/users/me/messages/187d24b2afd6390b?alt=json
2024-03-27 15:06:07,137 Encoding detection: ascii is most likely the one.
2024-03-27 15:06:07,139 URL being requested: GET https://gmail.googleapis.com/gmail/v1/users/me/messages/187d24ad9dccbd13?alt=json
2024-03-27 15:06:07,256 Encoding detection: ascii is most likely the one.
2024-03-27 15:06:07,257 URL being requested: GET https://gmail.googleapis.com/gmail/v1/users/me/messages/187d24a6fe07cc40?alt=json
2024-03-27 15:06:07,308 Encoding detection: ascii is most likely the one.
2024-03-27 15:06:07,310 URL being requested: GET https://gmail.googleapis.com/gmail/v1/users/me/messages/187d24a3e025dfc5?alt=json
2024-03-27 15:06:07,363 Encoding detection: ascii is most likely the one.
2024-03-27 15:06:07,365 URL being requested: GET https://gmail.googleapis.com/gmail/v1/users/me/messages/187d24a02bd6cfe1?alt=json
2024-03-27 15:06:07,443 Encoding detection: ascii is most likely the one.
2024-03-27 15:06:07,446 URL being requested: GET https://gmail.googleapis.com/gmail/v1/users/me/messages/187d249d2395b37b?alt=json
2024-03-27 15:06:07,492 Encoding detection: ascii is most likely the one.
2024-03-27 15:06:07,494 URL being requested: GET https://gmail.googleapis.com/gmail/v1/users/me/messages/187d2499ebe2b845?alt=json
2024-03-27 15:06:07,544 Encoding detection: ascii is most likely the one.
2024-03-27 15:06:07,546 URL being requested: GET https://gmail.googleapis.com/gmail/v1/users/me/messages/187ce613d9e8fb8a?alt=json
2024-03-27 15:06:07,639 Encoding detection: ascii is most likely the one.
2024-03-27 15:06:07,641 URL being requested: GET https://gmail.googleapis.com/gmail/v1/users/me/messages/187cde75c587328a?alt=json
2024-03-27 15:06:07,695 Encoding detection: ascii is most likely the one.
2024-03-27 15:06:07,698 URL being requested: GET https://gmail.googleapis.com/gmail/v1/users/me/messages/187c9559ddde8d8d?alt=json
2024-03-27 15:06:07,766 Encoding detection: ascii is most likely the one.
2024-03-27 15:06:07,768 URL being requested: GET https://gmail.googleapis.com/gmail/v1/users/me/messages/187bdf17d232b43e?alt=json
2024-03-27 15:06:07,843 Encoding detection: ascii is most likely the one.
2024-03-27 15:06:07,845 URL being requested: GET https://gmail.googleapis.com/gmail/v1/users/me/messages/187b696bcb1e7fa4?alt=json
2024-03-27 15:06:07,912 Encoding detection: ascii is most likely the one.
2024-03-27 15:06:07,914 URL being requested: GET https://gmail.googleapis.com/gmail/v1/users/me/messages/187b0a670fd3b315?alt=json
2024-03-27 15:06:07,979 Encoding detection: ascii is most likely the one.
2024-03-27 15:06:07,980 decoded 48 emails
2024-03-27 15:06:07,981 found 1 new forecast request(s)
2024-03-27 15:06:07,981 inreach forecast request:
40.25488,-105.61603
4341
mbd
             
test: False
2024-03-27 15:06:07,982 requested forecast already retrived recently at 2024-03-27 14:29
2024-03-27 15:06:07,983 weather forecast reply:
402 -1056 14 D
27-02
H 10 21 19 20 22 15 22
L  2  7 13 14 11  8  6
C  7  7  0  0  4  1  8
S .4 .1  5  2  3  1  -
P 3 4 8 8 8 9 1
W 3 4 2 2 2 2 2
% 7 6 5 4 4 3 6
2024-03-27 15:06:07,984 Starting new HTTPS connection (1): us0.explore.garmin.com:443
2024-03-27 15:06:08,293 https://us0.explore.garmin.com:443 "GET /textmessage/txtmsg?extId=08db69b9-38e5-0b2f-000d-3aa728400000&adr=dewey.mtn.forecasts%40gmail.com HTTP/1.1" 200 None
2024-03-27 15:06:08,304 {'ReplyAddress': 'dewey.mtn.forecasts@gmail.com', 'ReplyMessage': '402 -1056 14 D\n27-02\nH 10 21 19 20 22 15 22\nL  2  7 13 14 11  8  6\nC  7  7  0  0  4  1  8\nS .4 .1  5  2  3  1  -\nP 3 4 8 8 8 9 1\nW 3 4 2 2 2 2 2\n% 7 6 5 4 4 3 6', 'MessageId': '360739443', 'Guid': '08db69b9-38e5-0b2f-000d-3aa728400000'}
2024-03-27 15:06:08,305 Starting new HTTPS connection (1): us0.explore.garmin.com:443
2024-03-27 15:06:08,521 https://us0.explore.garmin.com:443 "POST /textmessage/txtmsg HTTP/1.1" 200 135
2024-03-27 15:06:08,521 sending via https://us0.explore.garmin.com/textmessage/txtmsg?extId=************5-0b2f-000d-3aa728400000&adr=dewey.mtn.forecasts%40gmail.com
2024-03-27 15:06:08,522 <Response [200]>
