2024-05-01 15:48:23,403 file_cache is only supported with oauth2client<4.0.0
2024-05-01 15:48:23,577 retrieved 20 emails
2024-05-01 15:48:25,421 found 2 new forecast request(s)
2024-05-01 15:48:25,422 inreach forecast request:
62.88, -151.04
2438
mb3
04 00             
test: False
2024-05-01 15:48:25,478 requested forecast already retrived recently at 2024-05-01 15:46
2024-05-01 15:48:25,479 weather forecast reply:
628 -1510 8 3
0400*04
T 17 17 17 17 17 17 18 18*
S  2 .5  1 .9  - .7  -  -*
P 8 8 8 8 7 7 6 6*
C 0 0 0 0 1 0 0 0*
W 1 1 1 1 1 1 1 1*
D SE SE SE SE SE SE SE SE*
2024-05-01 15:48:26,036 sending via https://us0.explore.garmin.com/textmessage/txtmsg?extId=************3-9b24-000d-3aa7581c0000&amp;adr=dewey.mtn.forecasts%40gmail.com
2024-05-01 15:48:26,038 inreach forecast request:
62.88, -151.04
2438
mb3
03 00             
test: False
2024-05-01 15:48:26,038 requested forecast already retrived recently at 2024-05-01 15:46
2024-05-01 15:48:26,038 weather forecast reply:
628 -1510 8 3
0300*03
T 16 15 15 16 16 17 18 17*
S  -  - .4 .2  - .8  1 .8*
P 0 4 8 7 6 7 8 8*
C 0 0 0 0 0 0 0 0*
W 1 1 1 1 1 1 2 1*
D  S  S  S SE SE SE SE SE*
2024-05-01 15:48:26,439 sending via https://us0.explore.garmin.com/textmessage/txtmsg?extId=************3-7702-000d-3aa7581c0000&amp;adr=dewey.mtn.forecasts%40gmail.com
