2024-03-27 13:46:10,654 file_cache is only supported with oauth2client<4.0.0
2024-03-27 13:46:10,771 retrieved 50 emails
2024-03-27 13:46:12,217 'data'
2024-03-27 13:46:12,299 'data'
2024-03-27 13:46:15,444 found 1 new forecast request(s)
2024-03-27 13:46:15,444 inreach forecast request:
-62.909,-151.053
823
mb6
             
test: True
2024-03-27 13:46:15,444 getting forecast from https://my.meteoblue.com/packages/basic-1h_clouds-1h?apikey=****************&lat=-62.909&lon=-151.053&asl=823&format=json&temperature=F&windspeed=mph&precipitationamount=inch&winddirection=2char
2024-03-27 13:46:15,964 weather forecast reply:
-629-1510 3 6
2713*29
T 25 25* 26 26 23 22* 22 23
S  -  -*  2 .2  -  -*  -  -
P 0 3*10 8 5 0* 0 0
C 3 0* 0 0 0 0* 0 2
W 2 2* 3 3 4 3* 2 2
DNWNE* NNWSW W*NW N
2024-03-27 13:46:16,288 this forecast request is a test
