2024-03-27 13:36:18,944 token file exists
2024-03-27 13:36:18,944 token no longer valid
2024-03-27 13:36:18,945 Making request: POST https://oauth2.googleapis.com/token
2024-03-27 13:36:18,946 Starting new HTTPS connection (1): oauth2.googleapis.com:443
2024-03-27 13:36:19,093 https://oauth2.googleapis.com:443 "POST /token HTTP/1.1" 200 None
2024-03-27 13:36:19,095 file_cache is only supported with oauth2client<4.0.0
2024-03-27 13:36:19,098 URL being requested: GET https://gmail.googleapis.com/gmail/v1/users/me/messages?maxResults=50&includeSpamTrash=true&alt=json
2024-03-27 13:36:19,357 retrieved 50 emails
2024-03-27 13:36:19,358 URL being requested: GET https://gmail.googleapis.com/gmail/v1/users/me/messages/18e7fec830fc0fef?alt=json
2024-03-27 13:36:19,529 Couldn't find a tree builder with the features you requested: lxml. Do you need to install a parser library?
2024-03-27 13:36:19,531 URL being requested: GET https://gmail.googleapis.com/gmail/v1/users/me/messages/18e7c9fcc5e43a55?alt=json
2024-03-27 13:36:19,677 Couldn't find a tree builder with the features you requested: lxml. Do you need to install a parser library?
2024-03-27 13:36:19,678 URL being requested: GET https://gmail.googleapis.com/gmail/v1/users/me/messages/18e7c45dc8a6c43d?alt=json
2024-03-27 13:36:19,859 Couldn't find a tree builder with the features you requested: lxml. Do you need to install a parser library?
2024-03-27 13:36:19,860 URL being requested: GET https://gmail.googleapis.com/gmail/v1/users/me/messages/18e7bd0d187bf0fd?alt=json
2024-03-27 13:36:20,037 Couldn't find a tree builder with the features you requested: lxml. Do you need to install a parser library?
2024-03-27 13:36:20,039 URL being requested: GET https://gmail.googleapis.com/gmail/v1/users/me/messages/18e5a03dea4c7004?alt=json
2024-03-27 13:36:20,230 Couldn't find a tree builder with the features you requested: lxml. Do you need to install a parser library?
2024-03-27 13:36:20,231 URL being requested: GET https://gmail.googleapis.com/gmail/v1/users/me/messages/18e5279ac63d5c92?alt=json
2024-03-27 13:36:20,383 Couldn't find a tree builder with the features you requested: lxml. Do you need to install a parser library?
2024-03-27 13:36:20,384 URL being requested: GET https://gmail.googleapis.com/gmail/v1/users/me/messages/18e4cbde9b2ce94f?alt=json
2024-03-27 13:36:20,534 'data'
2024-03-27 13:36:20,536 URL being requested: GET https://gmail.googleapis.com/gmail/v1/users/me/messages/18e42d1e729f2b06?alt=json
2024-03-27 13:36:20,712 'data'
2024-03-27 13:36:20,714 URL being requested: GET https://gmail.googleapis.com/gmail/v1/users/me/messages/18e3ebb881840de1?alt=json
2024-03-27 13:36:20,860 Couldn't find a tree builder with the features you requested: lxml. Do you need to install a parser library?
2024-03-27 13:36:20,862 URL being requested: GET https://gmail.googleapis.com/gmail/v1/users/me/messages/18e3e48215a43d36?alt=json
2024-03-27 13:36:21,042 Couldn't find a tree builder with the features you requested: lxml. Do you need to install a parser library?
2024-03-27 13:36:21,044 URL being requested: GET https://gmail.googleapis.com/gmail/v1/users/me/messages/18e3aae10cccec24?alt=json
2024-03-27 13:36:21,216 Couldn't find a tree builder with the features you requested: lxml. Do you need to install a parser library?
2024-03-27 13:36:21,217 URL being requested: GET https://gmail.googleapis.com/gmail/v1/users/me/messages/18e3aada98136d27?alt=json
2024-03-27 13:36:21,399 Couldn't find a tree builder with the features you requested: lxml. Do you need to install a parser library?
2024-03-27 13:36:21,401 URL being requested: GET https://gmail.googleapis.com/gmail/v1/users/me/messages/18e3aad9d196e063?alt=json
2024-03-27 13:36:21,550 Couldn't find a tree builder with the features you requested: lxml. Do you need to install a parser library?
2024-03-27 13:36:21,552 URL being requested: GET https://gmail.googleapis.com/gmail/v1/users/me/messages/18a0b9673199b723?alt=json
2024-03-27 13:36:21,780 Couldn't find a tree builder with the features you requested: lxml. Do you need to install a parser library?
2024-03-27 13:36:21,782 URL being requested: GET https://gmail.googleapis.com/gmail/v1/users/me/messages/188a59018a38848a?alt=json
2024-03-27 13:36:21,962 Couldn't find a tree builder with the features you requested: lxml. Do you need to install a parser library?
2024-03-27 13:36:21,964 URL being requested: GET https://gmail.googleapis.com/gmail/v1/users/me/messages/18827148d63fdc87?alt=json
2024-03-27 13:36:22,106 Couldn't find a tree builder with the features you requested: lxml. Do you need to install a parser library?
2024-03-27 13:36:22,108 URL being requested: GET https://gmail.googleapis.com/gmail/v1/users/me/messages/1881b0bcab37ef81?alt=json
2024-03-27 13:36:22,282 Couldn't find a tree builder with the features you requested: lxml. Do you need to install a parser library?
2024-03-27 13:36:22,283 URL being requested: GET https://gmail.googleapis.com/gmail/v1/users/me/messages/188123344ae608d5?alt=json
2024-03-27 13:36:22,460 Couldn't find a tree builder with the features you requested: lxml. Do you need to install a parser library?
2024-03-27 13:36:22,462 URL being requested: GET https://gmail.googleapis.com/gmail/v1/users/me/messages/1881102731e03849?alt=json
2024-03-27 13:36:22,637 Couldn't find a tree builder with the features you requested: lxml. Do you need to install a parser library?
2024-03-27 13:36:22,639 URL being requested: GET https://gmail.googleapis.com/gmail/v1/users/me/messages/188097355e4346ce?alt=json
2024-03-27 13:36:22,728 Couldn't find a tree builder with the features you requested: lxml. Do you need to install a parser library?
2024-03-27 13:36:22,730 URL being requested: GET https://gmail.googleapis.com/gmail/v1/users/me/messages/18803a60c47d23c6?alt=json
2024-03-27 13:36:22,902 Couldn't find a tree builder with the features you requested: lxml. Do you need to install a parser library?
2024-03-27 13:36:22,903 URL being requested: GET https://gmail.googleapis.com/gmail/v1/users/me/messages/1880399ba7b3966d?alt=json
2024-03-27 13:36:23,158 Couldn't find a tree builder with the features you requested: lxml. Do you need to install a parser library?
2024-03-27 13:36:23,160 URL being requested: GET https://gmail.googleapis.com/gmail/v1/users/me/messages/188038ec026e89ec?alt=json
2024-03-27 13:36:23,335 Couldn't find a tree builder with the features you requested: lxml. Do you need to install a parser library?
2024-03-27 13:36:23,336 URL being requested: GET https://gmail.googleapis.com/gmail/v1/users/me/messages/187fdb9a10a3b68d?alt=json
2024-03-27 13:36:23,528 Couldn't find a tree builder with the features you requested: lxml. Do you need to install a parser library?
2024-03-27 13:36:23,530 URL being requested: GET https://gmail.googleapis.com/gmail/v1/users/me/messages/187fd86b40c878a5?alt=json
2024-03-27 13:36:23,717 Couldn't find a tree builder with the features you requested: lxml. Do you need to install a parser library?
2024-03-27 13:36:23,718 URL being requested: GET https://gmail.googleapis.com/gmail/v1/users/me/messages/187d8b8294b92faf?alt=json
2024-03-27 13:36:23,890 Couldn't find a tree builder with the features you requested: lxml. Do you need to install a parser library?
2024-03-27 13:36:23,892 URL being requested: GET https://gmail.googleapis.com/gmail/v1/users/me/messages/187d8ab879f6926c?alt=json
2024-03-27 13:36:24,040 Couldn't find a tree builder with the features you requested: lxml. Do you need to install a parser library?
2024-03-27 13:36:24,042 URL being requested: GET https://gmail.googleapis.com/gmail/v1/users/me/messages/187d8a8b2ff2947e?alt=json
2024-03-27 13:36:24,184 Couldn't find a tree builder with the features you requested: lxml. Do you need to install a parser library?
2024-03-27 13:36:24,186 URL being requested: GET https://gmail.googleapis.com/gmail/v1/users/me/messages/187d886579460987?alt=json
2024-03-27 13:36:24,359 Couldn't find a tree builder with the features you requested: lxml. Do you need to install a parser library?
2024-03-27 13:36:24,361 URL being requested: GET https://gmail.googleapis.com/gmail/v1/users/me/messages/187d886550d58e51?alt=json
2024-03-27 13:36:24,534 Couldn't find a tree builder with the features you requested: lxml. Do you need to install a parser library?
2024-03-27 13:36:24,536 URL being requested: GET https://gmail.googleapis.com/gmail/v1/users/me/messages/187d54d6b146cc88?alt=json
2024-03-27 13:36:24,691 Couldn't find a tree builder with the features you requested: lxml. Do you need to install a parser library?
2024-03-27 13:36:24,693 URL being requested: GET https://gmail.googleapis.com/gmail/v1/users/me/messages/187d24ce13cd8b33?alt=json
2024-03-27 13:36:24,781 Couldn't find a tree builder with the features you requested: lxml. Do you need to install a parser library?
2024-03-27 13:36:24,782 URL being requested: GET https://gmail.googleapis.com/gmail/v1/users/me/messages/187d24c3942a5577?alt=json
2024-03-27 13:36:24,924 Couldn't find a tree builder with the features you requested: lxml. Do you need to install a parser library?
2024-03-27 13:36:24,926 URL being requested: GET https://gmail.googleapis.com/gmail/v1/users/me/messages/187d24b67cf7edea?alt=json
2024-03-27 13:36:25,016 Couldn't find a tree builder with the features you requested: lxml. Do you need to install a parser library?
2024-03-27 13:36:25,017 URL being requested: GET https://gmail.googleapis.com/gmail/v1/users/me/messages/187d24b2afd6390b?alt=json
2024-03-27 13:36:25,108 Couldn't find a tree builder with the features you requested: lxml. Do you need to install a parser library?
2024-03-27 13:36:25,110 URL being requested: GET https://gmail.googleapis.com/gmail/v1/users/me/messages/187d24ad9dccbd13?alt=json
2024-03-27 13:36:25,288 Couldn't find a tree builder with the features you requested: lxml. Do you need to install a parser library?
2024-03-27 13:36:25,289 URL being requested: GET https://gmail.googleapis.com/gmail/v1/users/me/messages/187d24a6fe07cc40?alt=json
2024-03-27 13:36:25,467 Couldn't find a tree builder with the features you requested: lxml. Do you need to install a parser library?
2024-03-27 13:36:25,469 URL being requested: GET https://gmail.googleapis.com/gmail/v1/users/me/messages/187d24a3e025dfc5?alt=json
2024-03-27 13:36:25,587 Couldn't find a tree builder with the features you requested: lxml. Do you need to install a parser library?
2024-03-27 13:36:25,589 URL being requested: GET https://gmail.googleapis.com/gmail/v1/users/me/messages/187d24a02bd6cfe1?alt=json
2024-03-27 13:36:25,759 Couldn't find a tree builder with the features you requested: lxml. Do you need to install a parser library?
2024-03-27 13:36:25,761 URL being requested: GET https://gmail.googleapis.com/gmail/v1/users/me/messages/187d249d2395b37b?alt=json
2024-03-27 13:36:25,907 Couldn't find a tree builder with the features you requested: lxml. Do you need to install a parser library?
2024-03-27 13:36:25,909 URL being requested: GET https://gmail.googleapis.com/gmail/v1/users/me/messages/187d2499ebe2b845?alt=json
2024-03-27 13:36:26,023 Couldn't find a tree builder with the features you requested: lxml. Do you need to install a parser library?
2024-03-27 13:36:26,025 URL being requested: GET https://gmail.googleapis.com/gmail/v1/users/me/messages/187ce613d9e8fb8a?alt=json
2024-03-27 13:36:26,197 Couldn't find a tree builder with the features you requested: lxml. Do you need to install a parser library?
2024-03-27 13:36:26,199 URL being requested: GET https://gmail.googleapis.com/gmail/v1/users/me/messages/187cde75c587328a?alt=json
2024-03-27 13:36:26,358 Couldn't find a tree builder with the features you requested: lxml. Do you need to install a parser library?
2024-03-27 13:36:26,360 URL being requested: GET https://gmail.googleapis.com/gmail/v1/users/me/messages/187c9559ddde8d8d?alt=json
2024-03-27 13:36:26,505 Couldn't find a tree builder with the features you requested: lxml. Do you need to install a parser library?
2024-03-27 13:36:26,506 URL being requested: GET https://gmail.googleapis.com/gmail/v1/users/me/messages/187bdf17d232b43e?alt=json
2024-03-27 13:36:26,678 Couldn't find a tree builder with the features you requested: lxml. Do you need to install a parser library?
2024-03-27 13:36:26,679 URL being requested: GET https://gmail.googleapis.com/gmail/v1/users/me/messages/187b696bcb1e7fa4?alt=json
2024-03-27 13:36:26,778 Couldn't find a tree builder with the features you requested: lxml. Do you need to install a parser library?
2024-03-27 13:36:26,780 URL being requested: GET https://gmail.googleapis.com/gmail/v1/users/me/messages/187b0a670fd3b315?alt=json
2024-03-27 13:36:26,951 Couldn't find a tree builder with the features you requested: lxml. Do you need to install a parser library?
2024-03-27 13:36:26,953 URL being requested: GET https://gmail.googleapis.com/gmail/v1/users/me/messages/187af96f3a6782a9?alt=json
2024-03-27 13:36:27,092 Couldn't find a tree builder with the features you requested: lxml. Do you need to install a parser library?
2024-03-27 13:36:27,094 URL being requested: GET https://gmail.googleapis.com/gmail/v1/users/me/messages/187af5cdbe27b8a1?alt=json
2024-03-27 13:36:27,245 Couldn't find a tree builder with the features you requested: lxml. Do you need to install a parser library?
2024-03-27 13:36:27,247 URL being requested: GET https://gmail.googleapis.com/gmail/v1/users/me/messages/187af2ff1e684057?alt=json
2024-03-27 13:36:27,429 Couldn't find a tree builder with the features you requested: lxml. Do you need to install a parser library?
2024-03-27 13:36:27,429 decoded 0 emails
2024-03-27 13:36:27,429 found 0 new forecast request(s)
