2024-04-30 17:14:23,571 file_cache is only supported with oauth2client<4.0.0
2024-04-30 17:14:23,802 retrieved 20 emails
2024-04-30 17:14:27,216 found 6 new forecast request(s)
2024-04-30 17:14:27,216 inreach forecast request:
62.88, -151.04
2438
mb3
04 00             
test: False
2024-04-30 17:14:27,216 getting forecast from https://my.meteoblue.com/packages/basic-1h_clouds-1h?apikey=****************&lat=62.88&lon=-151.04&asl=2438&format=json&temperature=F&windspeed=mph&precipitationamount=inch&winddirection=2char
2024-04-30 17:14:27,728 weather forecast reply:
628 -1510 8 3
0400*04
T 17 17 17 18 18 19 19 18*
S  -  - .4  1  -  - .6  -*
P 6 6 7 6 6 5 6 5*
C 0 0 0 0 0 0 0 0*
W 1 1 1 1 1 1 1 1*
D SE SE SE SE SE SE SE SE*
2024-04-30 17:14:28,440 sending via https://us0.explore.garmin.com/textmessage/txtmsg?extId=************b-bd3c-000d-3aa7b40b0000&amp;adr=dewey.mtn.forecasts%40gmail.com
2024-04-30 17:14:28,441 inreach forecast request:
62.88, -151.04
2438
mb3
03 00             
test: False
2024-04-30 17:14:28,447 requested forecast already retrived recently at 2024-04-30 17:14
2024-04-30 17:14:28,447 weather forecast reply:
628 -1510 8 3
0300*03
T 17 16 16 16 17 18 18 18*
S  -  -  -  -  1 .5  -  1*
P 1 3 5 5 5 5 5 6*
C 0 0 0 0 0 0 0 0*
W 1 1 1 1 1 1 1 1*
D  S  S SE SE SE SE SE SE*
2024-04-30 17:14:29,127 sending via https://us0.explore.garmin.com/textmessage/txtmsg?extId=************b-a3e6-000d-3aa7b40b0000&amp;adr=dewey.mtn.forecasts%40gmail.com
2024-04-30 17:14:29,128 inreach forecast request:
62.88, -151.04
2438
mb3
02 00             
test: False
2024-04-30 17:14:29,129 requested forecast already retrived recently at 2024-04-30 17:14
2024-04-30 17:14:29,129 weather forecast reply:
628 -1510 8 3
0200*02
T 13 11 13 15 16 17 18 18*
S  -  -  -  -  - .2  -  -*
P 2 2 3 3 3 4 4 2*
C 0 0 0 0 0 1 1 1*
W 1 1 1 1 1 1 1 1*
D SE SE SE SE  S  S  S  S*
2024-04-30 17:14:29,713 sending via https://us0.explore.garmin.com/textmessage/txtmsg?extId=************b-899a-000d-3aa7b40b0000&amp;adr=dewey.mtn.forecasts%40gmail.com
2024-04-30 17:14:29,714 inreach forecast request:
62.88, -151.04
2438
mb3
30 00             
test: False
2024-04-30 17:14:29,715 requested forecast already retrived recently at 2024-04-30 17:14
2024-04-30 17:14:29,715 weather forecast reply:
628 -1510 8 3
3000*30
T 15 15 14 14 15 15 16 16*
S  -  -  -  -  -  -  -  -*
P 0 1 1 1 1 1 2 3*
C 0 0 0 1 1 0 0 0*
W 0 0 0 0 0 0 0 1*
D  S  S  S  S  S  S  S  S*
2024-04-30 17:14:30,373 sending via https://us0.explore.garmin.com/textmessage/txtmsg?extId=************d-19ea-6045-bd2d34160000&amp;adr=dewey.mtn.forecasts%40gmail.com
2024-04-30 17:14:30,374 inreach forecast request:
62.88, -151.04
2438
mbd
30             
test: False
2024-04-30 17:14:30,374 getting forecast from https://my.meteoblue.com/packages/trendpro-day?apikey=****************&lat=62.88&lon=-151.04&asl=2438&format=json&temperature=F&windspeed=mph&precipitationamount=inch&winddirection=2char
2024-04-30 17:14:30,867 weather forecast reply:
628 -1510 8 D
30-06
H 16 16 18 18 19 20 21
L 14 13 11 16 17 16 19
C  3  4  6  1  1  3  3
S  -  1 .2  3  3  1  4
P 3 9 4 7 7 8 9
W 1 1 1 1 1 0 1
% 7 6 5 4 4 4 4
2024-04-30 17:14:31,456 sending via https://us0.explore.garmin.com/textmessage/txtmsg?extId=************c-fba3-6045-bd2d34160000&amp;adr=dewey.mtn.forecasts%40gmail.com
2024-04-30 17:14:31,458 inreach forecast request:
62.88, -151.04
2438
mb3
01 00             
test: False
2024-04-30 17:14:31,458 requested forecast already retrived recently at 2024-04-30 17:14
2024-04-30 17:14:31,458 weather forecast reply:
628 -1510 8 3
0100*01
T 15 14 13 14 15 15 16 15*
S  - .1  - .6  - .2  -  -*
P 3 4 7 8 8 6 5 2*
C 0 0 0 1 0 1 0 0*
W 1 1 1 1 1 1 1 1*
D  S  S  S SE SE SE SE SE*
2024-04-30 17:14:32,209 sending via https://us0.explore.garmin.com/textmessage/txtmsg?extId=************d-4044-6045-bd2d34160000&amp;adr=dewey.mtn.forecasts%40gmail.com
