2024-04-24 01:00:26,040 file_cache is only supported with oauth2client<4.0.0
2024-04-24 01:00:26,267 retrieved 20 emails
2024-04-24 01:00:30,628 found 1 new forecast request(s)
2024-04-24 01:00:30,629 inreach forecast request:
62.912, -150.987
3028
mb6
25 00             
test: False
2024-04-24 01:00:30,629 getting forecast from https://my.meteoblue.com/packages/basic-1h_clouds-1h?apikey=****************&lat=62.912&lon=-150.987&asl=3028&format=json&temperature=F&windspeed=mph&precipitationamount=inch&winddirection=2char
2024-04-24 01:00:31,201 weather forecast reply:
629 -1509 10 6
2500*26
T  6  6  9  9*  5  5  8  8*
S  -  -  -  -*  -  -  -  -*
P 0 0 0 0* 1 1 2 4*
C 0 4 5 4* 0 0 0 0*
W 1 1 0 0* 1 1 1 1*
D S S S S* S S S S*
2024-04-24 01:00:31,691 sending via https://us0.explore.garmin.com/textmessage/txtmsg?extId=************1-31f7-000d-3aa7b4200000&amp;adr=dewey.mtn.forecasts%40gmail.com
