2025-05-26 16:14:19,116 file_cache is only supported with oauth2client<4.0.0
2025-05-26 16:14:19,359 retrieved 20 emails
2025-05-26 16:14:24,190 found 2 new forecast request(s)
2025-05-26 16:14:24,190 inreach forecast request:
62.937,-151.131
3200
mb3
26 09             
test: False
2025-05-26 16:14:24,204 getting forecast from https://my.meteoblue.com/packages/basic-1h_clouds-1h?apikey=****************&lat=62.937&lon=-151.131&asl=3200&format=json&temperature=F&windspeed=mph&precipitationamount=inch&winddirection=2char
2025-05-26 16:14:24,789 weather forecast reply:
629 -1511 10 3
2609*27
T 13 14 15 16 15* 15 14 14
S .1  -  - .9  1*  2  1  1
P 3 1 3 6 8* 7 6 6
C 1 1 1 0 0* 0 0 0
W 0 0 0 0 0* 0 0 0
D  E SE  E  N NE*  N NW  N
2025-05-26 16:14:25,299 sending via https://us0.explore.garmin.com/textmessage/txtmsg?extId=************9-a010-0022-484794100000&amp;adr=dewey.mtn.forecasts%40gmail.com
2025-05-26 16:14:25,300 inreach forecast request:
62.937,-151.131
3200
mb3
26 00             
test: False
2025-05-26 16:14:25,300 requested forecast already retrived recently at 2025-05-26 16:14
2025-05-26 16:14:25,301 weather forecast reply:
629 -1511 10 3
2600*26
T 14 13 12 13 14 15 16 15*
S .4 .6 .5 .1  -  - .9  1*
P 7 7 4 3 1 3 6 8*
C 0 0 1 1 1 1 0 0*
W 0 0 0 0 0 0 0 0*
D  N  N NE  E SE  E  N NE*
2025-05-26 16:14:26,029 sending via https://us0.explore.garmin.com/textmessage/txtmsg?extId=************9-8356-0022-484794100000&amp;adr=dewey.mtn.forecasts%40gmail.com
