2025-05-24 17:38:18,232 file_cache is only supported with oauth2client<4.0.0
2025-05-24 17:38:18,429 retrieved 20 emails
2025-05-24 17:38:22,459 found 1 new forecast request(s)
2025-05-24 17:38:22,459 inreach forecast request:
62.960,-151.091
4267
mb3
27 00             
test: False
2025-05-24 17:38:22,477 requested forecast already retrived recently at 2025-05-24 17:34
2025-05-24 17:38:22,477 weather forecast reply:
629 -1510 14 3
2700*27
T  2  1  1  0  0  0  1  0*
S  -  - .1 .2 .1 .1  - .1*
P 4 5 5 6 7 8 7 7*
C 0 0 0 0 0 0 0 0*
W 0 0 0 0 1 1 1 1*
D  N  N  N  S  S  S  S  S*
2025-05-24 17:38:23,347 sending via https://us0.explore.garmin.com/textmessage/txtmsg?extId=************f-638f-000d-3aa4f01f0000&amp;adr=dewey.mtn.forecasts%40gmail.com
