2025-05-23 22:34:04,919 file_cache is only supported with oauth2client<4.0.0
2025-05-23 22:34:05,097 retrieved 20 emails
2025-05-23 22:34:09,208 found 1 new forecast request(s)
2025-05-23 22:34:09,209 inreach forecast request:
62.960,-151.091
4267
mb3
25 00             
test: False
2025-05-23 22:34:09,215 requested forecast already retrived recently at 2025-05-23 22:22
2025-05-23 22:34:09,216 weather forecast reply:
629 -1510 14 3
2500*25
T  2  2  1  0  1  2  2  2*
S  -  -  -  -  -  -  -  -*
P 2 2 2 2 2 2 3 4*
C 0 0 1 1 1 1 0 0*
W 0 0 0 0 0 0 0 0*
D  S  S  S  S  S SW  W  N*
2025-05-23 22:34:09,374 'NoneType' object has no attribute 'get'
