2025-04-25 07:06:20,831 file_cache is only supported with oauth2client<4.0.0
2025-04-25 07:06:21,128 retrieved 20 emails
2025-04-25 07:06:26,116 found 3 new forecast request(s)
2025-04-25 07:06:26,116 inreach forecast request:
38.11111,-107.71581
2371
mb3
             
test: False
2025-04-25 07:06:26,116 'metadata'
2025-04-25 07:06:26,117 inreach forecast request:
38.11111,-107.71581
2371
mb3
             
test: True
2025-04-25 07:06:26,117 'metadata'
2025-04-25 07:06:26,117 inreach forecast request:
62.950,-151.091
4442
mb6
2 03             
test: True
2025-04-25 07:06:26,117 'metadata'
