2025-04-23 22:10:20,050 file_cache is only supported with oauth2client<4.0.0
2025-04-23 22:10:20,241 retrieved 20 emails
2025-04-23 22:10:25,683 found 3 new forecast request(s)
2025-04-23 22:10:25,683 inreach forecast request:
38.11111,-107.71581
2371
mb3
             
test: False
2025-04-23 22:10:25,683 'metadata'
2025-04-23 22:10:25,683 inreach forecast request:
38.11111,-107.71581
2371
mb3
             
test: True
2025-04-23 22:10:25,684 'metadata'
2025-04-23 22:10:25,684 inreach forecast request:
62.950,-151.091
4442
mb6
2 03             
test: True
2025-04-23 22:10:25,684 'metadata'
