2025-05-23 22:22:20,096 file_cache is only supported with oauth2client<4.0.0
2025-05-23 22:22:20,344 retrieved 20 emails
2025-05-23 22:22:24,860 found 1 new forecast request(s)
2025-05-23 22:22:24,861 inreach forecast request:
62.960,-151.091
4267
mb3
25 00             
test: False
2025-05-23 22:22:24,879 getting forecast from https://my.meteoblue.com/packages/basic-1h_clouds-1h?apikey=****************&lat=62.960&lon=-151.091&asl=4267&format=json&temperature=F&windspeed=mph&precipitationamount=inch&winddirection=2char
2025-05-23 22:22:25,334 weather forecast reply:
629 -1510 14 3
2500*25
T  2  2  1  0  1  2  2  2*
S  -  -  -  -  -  -  -  -*
P 2 2 2 2 2 2 3 4*
C 0 0 1 1 1 1 0 0*
W 0 0 0 0 0 0 0 0*
D  S  S  S  S  S SW  W  N*
2025-05-23 22:22:25,577 'NoneType' object has no attribute 'get'
