2025-04-25 06:10:17,633 file_cache is only supported with oauth2client<4.0.0
2025-04-25 06:10:17,856 retrieved 20 emails
2025-04-25 06:10:22,644 found 3 new forecast request(s)
2025-04-25 06:10:22,645 inreach forecast request:
38.11111,-107.71581
2371
mb3
             
test: False
2025-04-25 06:10:22,645 'metadata'
2025-04-25 06:10:22,645 inreach forecast request:
38.11111,-107.71581
2371
mb3
             
test: True
2025-04-25 06:10:22,645 'metadata'
2025-04-25 06:10:22,645 inreach forecast request:
62.950,-151.091
4442
mb6
2 03             
test: True
2025-04-25 06:10:22,645 'metadata'
