2025-05-29 04:32:20,184 file_cache is only supported with oauth2client<4.0.0
2025-05-29 04:32:20,396 retrieved 20 emails
2025-05-29 04:32:24,050 found 1 new forecast request(s)
2025-05-29 04:32:24,050 inreach forecast request:
62.912,-151.286
1981
mbd
29             
test: False
2025-05-29 04:32:24,056 getting forecast from https://my.meteoblue.com/packages/trendpro-day?apikey=****************&lat=62.912&lon=-151.286&asl=1981&format=json&temperature=F&windspeed=mph&precipitationamount=inch&winddirection=2char
2025-05-29 04:32:24,459 weather forecast reply:
629 -1512 6 D
29-04
H 26 23 23 24 26 30 29
L 20 21 21 21 22 24 24
C  0  0  2  6  2  4  0
S  2 .5  3  4  2 .4  2
P10 9 4 6 8 7 8
W 1 1 1 1 1 1 0
% 7 5 4 4 2 2 3
2025-05-29 04:32:24,983 sending via https://us0.explore.garmin.com/textmessage/txtmsg?extId=************9-1cd9-0022-484794100000&amp;adr=dewey.mtn.forecasts%40gmail.com
