2025-05-22 17:10:16,775 file_cache is only supported with oauth2client<4.0.0
2025-05-22 17:10:17,001 retrieved 20 emails
2025-05-22 17:10:20,356 found 1 new forecast request(s)
2025-05-22 17:10:20,357 inreach forecast request:
62.960,-151.091
4267
mb6
22 00             
test: False
2025-05-22 17:10:20,362 getting forecast from https://my.meteoblue.com/packages/basic-1h_clouds-1h?apikey=****************&lat=62.960&lon=-151.091&asl=4267&format=json&temperature=F&windspeed=mph&precipitationamount=inch&winddirection=2char
2025-05-22 17:10:20,807 weather forecast reply:
629 -1510 14 6
2200*23
T -4 -4 -3 -2* -5 -2  1  3*
S  -  -  -  -*  -  -  -  -*
P 0 0 1 3* 1 0 0 1*
C 0 2 3 2* 0 4 2 3*
W 1 1 0 0* 0 0 1 1*
DSESESE E* E E E N*
2025-05-22 17:10:21,344 sending via https://us0.explore.garmin.com/textmessage/txtmsg?extId=************c-527b-0022-484794100000&amp;adr=dewey.mtn.forecasts%40gmail.com
