2025-04-24 12:56:23,809 file_cache is only supported with oauth2client<4.0.0
2025-04-24 12:56:24,036 retrieved 20 emails
2025-04-24 12:56:28,632 found 3 new forecast request(s)
2025-04-24 12:56:28,633 inreach forecast request:
38.11111,-107.71581
2371
mb3
             
test: False
2025-04-24 12:56:28,633 'metadata'
2025-04-24 12:56:28,633 inreach forecast request:
38.11111,-107.71581
2371
mb3
             
test: True
2025-04-24 12:56:28,633 'metadata'
2025-04-24 12:56:28,633 inreach forecast request:
62.950,-151.091
4442
mb6
2 03             
test: True
2025-04-24 12:56:28,633 'metadata'
