2025-05-26 06:38:17,908 file_cache is only supported with oauth2client<4.0.0
2025-05-26 06:38:18,147 retrieved 20 emails
2025-05-26 06:38:22,819 found 1 new forecast request(s)
2025-05-26 06:38:22,819 inreach forecast request:
62.960,-151.091
4267
mb3
25 00             
test: False
2025-05-26 06:38:22,826 getting forecast from https://my.meteoblue.com/packages/basic-1h_clouds-1h?apikey=****************&lat=62.960&lon=-151.091&asl=4267&format=json&temperature=F&windspeed=mph&precipitationamount=inch&winddirection=2char
2025-05-26 06:38:23,469 weather forecast reply:
629 -1510 14 3
2500*25
T -1  1 -1  1  1  2  3  3*
S  -  -  -  -  -  -  - .2*
P 0 0 0 0 0 1 3 7*
C 1 0 1 1 1 1 1 0*
W 0 0 0 0 0 0 0 0*
D  S NE NW SE  S NE NE NE*
2025-05-26 06:38:23,990 sending via https://us0.explore.garmin.com/textmessage/txtmsg?extId=************c-9d61-0022-484794100000&amp;adr=dewey.mtn.forecasts%40gmail.com
