2025-05-21 16:43:08,210 file_cache is only supported with oauth2client<4.0.0
2025-05-21 16:43:08,441 retrieved 20 emails
2025-05-21 16:43:13,236 found 1 new forecast request(s)
2025-05-21 16:43:13,236 inreach forecast request:
62.960,-151.091
4267
mbd
22             
test: False
2025-05-21 16:43:13,242 getting forecast from https://my.meteoblue.com/packages/trendpro-day?apikey=****************&lat=62.960&lon=-151.091&asl=4267&format=json&temperature=F&windspeed=mph&precipitationamount=inch&winddirection=2char
2025-05-21 16:43:13,443 weather forecast reply:
629 -1510 14 D
22-28
H -1  3  3  1  2  0  2
L -5 -4  1 -2 -1 -4 -2
C  5  7  4  7 10  8  0
S  -  - .5  1 .7  3  2
P 4 1 6 5 6 7 7
W 1 0 0 1 1 1 1
% 6 7 5 4 4 3 3
2025-05-21 16:43:14,386 sending via https://us0.explore.garmin.com/textmessage/txtmsg?extId=************3-d054-000d-3aa4f01f0000&amp;adr=dewey.mtn.forecasts%40gmail.com
