2025-04-24 00:16:19,876 file_cache is only supported with oauth2client<4.0.0
2025-04-24 00:16:20,121 retrieved 20 emails
2025-04-24 00:16:25,518 found 3 new forecast request(s)
2025-04-24 00:16:25,519 inreach forecast request:
38.11111,-107.71581
2371
mb3
             
test: False
2025-04-24 00:16:25,519 'metadata'
2025-04-24 00:16:25,519 inreach forecast request:
38.11111,-107.71581
2371
mb3
             
test: True
2025-04-24 00:16:25,519 'metadata'
2025-04-24 00:16:25,519 inreach forecast request:
62.950,-151.091
4442
mb6
2 03             
test: True
2025-04-24 00:16:25,519 'metadata'
