2025-05-24 01:10:22,695 file_cache is only supported with oauth2client<4.0.0
2025-05-24 01:10:22,946 retrieved 20 emails
2025-05-24 01:10:28,147 found 3 new forecast request(s)
2025-05-24 01:10:28,147 inreach forecast request:
62.960,-151.091
4267
mb3
27 00             
test: False
2025-05-24 01:10:28,188 requested forecast already retrived recently at 2025-05-23 22:22
2025-05-24 01:10:28,188 weather forecast reply:
629 -1510 14 3
2700*27
T  4  4  4  4  5  4  4  3*
S  -  -  -  -  -  -  -  -*
P 4 4 4 3 3 7 7 7*
C 0 0 0 0 0 0 0 0*
W 0 0 0 0 0 0 0 0*
D NW NW  N  N  S SW SW SW*
2025-05-24 01:10:28,714 sending via https://us0.explore.garmin.com/textmessage/txtmsg?extId=************3-ccc1-6045-bd2d243c0000&amp;adr=dewey.mtn.forecasts%40gmail.com
2025-05-24 01:10:28,715 inreach forecast request:
62.960,-151.091
4267
mb3
26 00             
test: False
2025-05-24 01:10:28,716 requested forecast already retrived recently at 2025-05-23 22:22
2025-05-24 01:10:28,716 weather forecast reply:
629 -1510 14 3
2600*26
T  2  1  2  2  3  4  5  5*
S .1  -  -  -  -  -  -  -*
P 5 3 6 4 5 5 5 5*
C 0 0 0 0 1 0 0 0*
W 0 0 0 0 0 0 0 0*
D  N  N  N  N  N  N NW  N*
2025-05-24 01:10:29,217 sending via https://us0.explore.garmin.com/textmessage/txtmsg?extId=************3-aaa8-6045-bd2d243c0000&amp;adr=dewey.mtn.forecasts%40gmail.com
2025-05-24 01:10:29,218 inreach forecast request:
62.960,-151.091
4267
mb3
25 00             
test: False
2025-05-24 01:10:29,219 requested forecast already retrived recently at 2025-05-23 22:22
2025-05-24 01:10:29,219 weather forecast reply:
629 -1510 14 3
2500*25
T  2  2  1  0  1  2  2  2*
S  -  -  -  -  -  -  -  -*
P 2 2 2 2 2 2 3 4*
C 0 0 1 1 1 1 0 0*
W 0 0 0 0 0 0 0 0*
D  S  S  S  S  S SW  W  N*
2025-05-24 01:10:29,675 sending via https://us0.explore.garmin.com/textmessage/txtmsg?extId=************3-7919-6045-bd2d243c0000&amp;adr=dewey.mtn.forecasts%40gmail.com
