2025-04-26 00:38:18,913 file_cache is only supported with oauth2client<4.0.0
2025-04-26 00:38:19,151 retrieved 20 emails
2025-04-26 00:38:23,461 found 1 new forecast request(s)
2025-04-26 00:38:23,461 inreach forecast request:
62.960,-151.398
5029
mbd
26             
test: False
2025-04-26 00:38:23,476 requested forecast already retrived recently at 2025-04-26 00:30
2025-04-26 00:38:23,476 weather forecast reply:
629 -1513 16 D
26-02
H-16-14-13-15-16-13-14
L-19-18-18-18-20-16-18
C  3  0  2  1  5  1  0
S  - .5  5  1  - .1  1
P 3 5 9 9 6 6 7
W 1 1 0 1 1 1 0
% 6 6 5 6 4 4 3
2025-04-26 00:38:23,976 sending via https://us0.explore.garmin.com/textmessage/txtmsg?extId=************7-2730-000d-3aa758050000&amp;adr=dewey.mtn.forecasts%40gmail.com
