2025-04-23 13:56:20,895 file_cache is only supported with oauth2client<4.0.0
2025-04-23 13:56:21,158 retrieved 20 emails
2025-04-23 13:56:29,254 found 3 new forecast request(s)
2025-04-23 13:56:29,254 inreach forecast request:
38.11111,-107.71581
2371
mb3
             
test: False
2025-04-23 13:56:29,255 'metadata'
2025-04-23 13:56:29,255 inreach forecast request:
38.11111,-107.71581
2371
mb3
             
test: True
2025-04-23 13:56:29,255 'metadata'
2025-04-23 13:56:29,255 inreach forecast request:
62.950,-151.091
4442
mb6
2 03             
test: True
2025-04-23 13:56:29,255 'metadata'
