2025-05-31 20:12:16,319 file_cache is only supported with oauth2client<4.0.0
2025-05-31 20:12:16,566 retrieved 20 emails
2025-05-31 20:12:20,540 found 1 new forecast request(s)
2025-05-31 20:12:20,541 inreach forecast request:
62.912,-151.286
1981
mb3
31 12             
test: False
2025-05-31 20:12:20,547 getting forecast from https://my.meteoblue.com/packages/basic-1h_clouds-1h?apikey=****************&lat=62.912&lon=-151.286&asl=1981&format=json&temperature=F&windspeed=mph&precipitationamount=inch&winddirection=2char
2025-05-31 20:12:21,185 weather forecast reply:
629 -1512 6 3
3112*01
T 23 24 25 24* 23 23 22 22
S  -  -  -  -*  -  -  -  -
P 3 1 1 2* 2 2 2 2
C 0 1 1 0* 0 0 0 0
W 1 0 0 1* 1 1 1 1
D  S  S  S SE* SE SE SE SE
2025-05-31 20:12:21,756 sending via https://us0.explore.garmin.com/textmessage/txtmsg?extId=************7-7a92-0022-484794100000&amp;adr=dewey.mtn.forecasts%40gmail.com
