2025-04-23 15:44:15,618 file_cache is only supported with oauth2client<4.0.0
2025-04-23 15:44:15,828 retrieved 20 emails
2025-04-23 15:44:20,744 found 3 new forecast request(s)
2025-04-23 15:44:20,744 inreach forecast request:
38.11111,-107.71581
2371
mb3
             
test: False
2025-04-23 15:44:20,744 'metadata'
2025-04-23 15:44:20,744 inreach forecast request:
38.11111,-107.71581
2371
mb3
             
test: True
2025-04-23 15:44:20,744 'metadata'
2025-04-23 15:44:20,745 inreach forecast request:
62.950,-151.091
4442
mb6
2 03             
test: True
2025-04-23 15:44:20,745 'metadata'
