2025-04-25 07:46:57,849 file_cache is only supported with oauth2client<4.0.0
2025-04-25 07:46:58,139 retrieved 20 emails
2025-04-25 07:47:02,787 found 3 new forecast request(s)
2025-04-25 07:47:02,787 inreach forecast request:
38.11111,-107.71581
2371
mb3
             
test: False
2025-04-25 07:47:02,787 'metadata'
2025-04-25 07:47:02,787 inreach forecast request:
38.11111,-107.71581
2371
mb3
             
test: True
2025-04-25 07:47:02,787 'metadata'
2025-04-25 07:47:02,788 inreach forecast request:
62.950,-151.091
4442
mb6
2 03             
test: True
2025-04-25 07:47:02,788 'metadata'
