2025-04-24 14:20:21,623 file_cache is only supported with oauth2client<4.0.0
2025-04-24 14:20:21,871 retrieved 20 emails
2025-04-24 14:20:26,926 found 3 new forecast request(s)
2025-04-24 14:20:26,927 inreach forecast request:
38.11111,-107.71581
2371
mb3
             
test: False
2025-04-24 14:20:26,927 'metadata'
2025-04-24 14:20:26,927 inreach forecast request:
38.11111,-107.71581
2371
mb3
             
test: True
2025-04-24 14:20:26,927 'metadata'
2025-04-24 14:20:26,927 inreach forecast request:
62.950,-151.091
4442
mb6
2 03             
test: True
2025-04-24 14:20:26,927 'metadata'
