2025-04-25 08:20:17,346 file_cache is only supported with oauth2client<4.0.0
2025-04-25 08:20:17,606 retrieved 20 emails
2025-04-25 08:20:22,004 found 3 new forecast request(s)
2025-04-25 08:20:22,004 inreach forecast request:
38.11111,-107.71581
2371
mb3
             
test: False
2025-04-25 08:20:22,004 'metadata'
2025-04-25 08:20:22,004 inreach forecast request:
38.11111,-107.71581
2371
mb3
             
test: True
2025-04-25 08:20:22,004 'metadata'
2025-04-25 08:20:22,005 inreach forecast request:
62.950,-151.091
4442
mb6
2 03             
test: True
2025-04-25 08:20:22,005 'metadata'
