2025-05-21 05:24:19,560 file_cache is only supported with oauth2client<4.0.0
2025-05-21 05:24:19,764 retrieved 20 emails
2025-05-21 05:24:24,131 found 1 new forecast request(s)
2025-05-21 05:24:24,131 inreach forecast request:
62.960,-151.091
4267
mb3
21 00             
test: False
2025-05-21 05:24:24,136 requested forecast already retrived recently at 2025-05-21 05:18
2025-05-21 05:24:24,137 weather forecast reply:
629 -1510 14 3
2100*21
T -3 -6 -6 -6 -6 -5 -5 -5*
S .2  - .1  -  -  -  -  -*
P 8 7 8 7 6 4 0 0*
C 0 0 0 0 0 1 1 1*
W 1 1 1 1 1 1 1 1*
D  S  S  S  S  S  S  S  S*
2025-05-21 05:24:24,560 sending via https://us0.explore.garmin.com/textmessage/txtmsg?extId=************4-b7ac-6045-bd2d243c0000&amp;adr=dewey.mtn.forecasts%40gmail.com
