2025-05-30 19:48:17,439 file_cache is only supported with oauth2client<4.0.0
2025-05-30 19:48:17,671 retrieved 20 emails
2025-05-30 19:48:21,864 found 2 new forecast request(s)
2025-05-30 19:48:21,864 inreach forecast request:
62.912,-151.286
1981
mb3
30 12             
test: False
2025-05-30 19:48:21,871 getting forecast from https://my.meteoblue.com/packages/basic-1h_clouds-1h?apikey=****************&lat=62.912&lon=-151.286&asl=1981&format=json&temperature=F&windspeed=mph&precipitationamount=inch&winddirection=2char
2025-05-30 19:48:22,464 weather forecast reply:
629 -1512 6 3
3012*31
T 22 22 23 23* 23 21 21 22
S .4  -  -  -*  -  -  -  -
P10 8 7 7* 6 4 6 2
C 0 0 0 0* 0 0 0 0
W 1 1 1 1* 1 1 1 1
D SE SE  S  S*  S  S  S  S
2025-05-30 19:48:22,948 sending via https://us0.explore.garmin.com/textmessage/txtmsg?extId=************a-0a5b-0022-484794100000&amp;adr=dewey.mtn.forecasts%40gmail.com
2025-05-30 19:48:22,949 inreach forecast request:
62.912,-151.286
1981
mbd
30             
test: False
2025-05-30 19:48:22,949 getting forecast from https://my.meteoblue.com/packages/trendpro-day?apikey=****************&lat=62.912&lon=-151.286&asl=1981&format=json&temperature=F&windspeed=mph&precipitationamount=inch&winddirection=2char
2025-05-30 19:48:23,510 weather forecast reply:
629 -1512 6 D
30-05
H 23 23 23 25 24 28 30
L 22 19 18 22 21 23 27
C  0  2  3  0  1  0  2
S .5  -  1  6  8 .4 .2
P10 3 7 8 8 7 7
W 1 1 1 1 1 1 0
% 6 6 6 5 4 4 2
2025-05-30 19:48:23,962 sending via https://us0.explore.garmin.com/textmessage/txtmsg?extId=************9-ee2a-0022-484794100000&amp;adr=dewey.mtn.forecasts%40gmail.com
