2025-04-25 10:14:17,146 file_cache is only supported with oauth2client<4.0.0
2025-04-25 10:14:17,379 retrieved 20 emails
2025-04-25 10:14:21,910 found 3 new forecast request(s)
2025-04-25 10:14:21,910 inreach forecast request:
38.11111,-107.71581
2371
mb3
             
test: False
2025-04-25 10:14:21,910 'metadata'
2025-04-25 10:14:21,910 inreach forecast request:
38.11111,-107.71581
2371
mb3
             
test: True
2025-04-25 10:14:21,910 'metadata'
2025-04-25 10:14:21,911 inreach forecast request:
62.950,-151.091
4442
mb6
2 03             
test: True
2025-04-25 10:14:21,911 'metadata'
