2025-04-24 13:26:17,369 file_cache is only supported with oauth2client<4.0.0
2025-04-24 13:26:17,579 retrieved 20 emails
2025-04-24 13:26:21,338 found 3 new forecast request(s)
2025-04-24 13:26:21,338 inreach forecast request:
38.11111,-107.71581
2371
mb3
             
test: False
2025-04-24 13:26:21,338 'metadata'
2025-04-24 13:26:21,338 inreach forecast request:
38.11111,-107.71581
2371
mb3
             
test: True
2025-04-24 13:26:21,339 'metadata'
2025-04-24 13:26:21,339 inreach forecast request:
62.950,-151.091
4442
mb6
2 03             
test: True
2025-04-24 13:26:21,339 'metadata'
