2025-05-31 15:06:17,619 file_cache is only supported with oauth2client<4.0.0
2025-05-31 15:06:17,834 retrieved 20 emails
2025-05-31 15:06:20,927 found 1 new forecast request(s)
2025-05-31 15:06:20,928 inreach forecast request:
62.912,-151.286
1981
mb3
31 06             
test: False
2025-05-31 15:06:20,934 getting forecast from https://my.meteoblue.com/packages/basic-1h_clouds-1h?apikey=****************&lat=62.912&lon=-151.286&asl=1981&format=json&temperature=F&windspeed=mph&precipitationamount=inch&winddirection=2char
2025-05-31 15:06:21,421 weather forecast reply:
629 -1512 6 3
3106*01
T 20 22 22 23 24 23* 22 22
S  -  -  -  -  -  -*  -  -
P 3 2 1 1 1 2* 2 2
C 0 0 0 1 1 0* 0 0
W 1 0 0 0 0 1* 1 1
D SE SE  S  S  S SE* SE SE
2025-05-31 15:06:21,921 sending via https://us0.explore.garmin.com/textmessage/txtmsg?extId=************4-e0c5-000d-3aa4f01f0000&amp;adr=dewey.mtn.forecasts%40gmail.com
