2025-05-24 20:32:16,247 file_cache is only supported with oauth2client<4.0.0
2025-05-24 20:32:16,473 retrieved 20 emails
2025-05-24 20:32:20,817 found 1 new forecast request(s)
2025-05-24 20:32:20,817 inreach forecast request:
62.960,-151.091
4267
mbd
24             
test: False
2025-05-24 20:32:20,824 getting forecast from https://my.meteoblue.com/packages/trendpro-day?apikey=****************&lat=62.960&lon=-151.091&asl=4267&format=json&temperature=F&windspeed=mph&precipitationamount=inch&winddirection=2char
2025-05-24 20:32:21,063 weather forecast reply:
629 -1510 14 D
24-30
H  3  2  4  3  2  0 -1
L  0  0  0  0 -4 -3 -4
C 18  8  4  0  1  0  0
S .1  -  7  2  1 .2  3
P 2 3 8 8 6 8 8
W 0 0 1 1 1 1 1
% 7 6 6 4 4 4 3
2025-05-24 20:32:21,539 sending via https://us0.explore.garmin.com/textmessage/txtmsg?extId=************0-09c4-000d-3aa7d0430000&amp;adr=dewey.mtn.forecasts%40gmail.com
