2025-04-24 16:14:17,464 file_cache is only supported with oauth2client<4.0.0
2025-04-24 16:14:17,775 retrieved 20 emails
2025-04-24 16:14:23,319 found 3 new forecast request(s)
2025-04-24 16:14:23,319 inreach forecast request:
38.11111,-107.71581
2371
mb3
             
test: False
2025-04-24 16:14:23,319 'metadata'
2025-04-24 16:14:23,319 inreach forecast request:
38.11111,-107.71581
2371
mb3
             
test: True
2025-04-24 16:14:23,320 'metadata'
2025-04-24 16:14:23,320 inreach forecast request:
62.950,-151.091
4442
mb6
2 03             
test: True
2025-04-24 16:14:23,320 'metadata'
