2025-04-24 07:32:20,365 file_cache is only supported with oauth2client<4.0.0
2025-04-24 07:32:20,595 retrieved 20 emails
2025-04-24 07:32:25,090 found 3 new forecast request(s)
2025-04-24 07:32:25,091 inreach forecast request:
38.11111,-107.71581
2371
mb3
             
test: False
2025-04-24 07:32:25,091 'metadata'
2025-04-24 07:32:25,091 inreach forecast request:
38.11111,-107.71581
2371
mb3
             
test: True
2025-04-24 07:32:25,091 'metadata'
2025-04-24 07:32:25,091 inreach forecast request:
62.950,-151.091
4442
mb6
2 03             
test: True
2025-04-24 07:32:25,091 'metadata'
