2025-05-24 01:04:14,528 file_cache is only supported with oauth2client<4.0.0
2025-05-24 01:04:14,767 retrieved 20 emails
2025-05-24 01:04:18,633 found 2 new forecast request(s)
2025-05-24 01:04:18,633 inreach forecast request:
62.960,-151.091
4267
mb3
24 00             
test: False
2025-05-24 01:04:18,639 requested forecast already retrived recently at 2025-05-23 22:22
2025-05-24 01:04:18,639 weather forecast reply:
629 -1510 14 3
2400*24
T  3  3  2  1  2  3  3  3*
S .2 .2 .2 .2 .2  -  -  -*
P 3 3 3 3 4 3 3 3*
C 0 0 1 1 1 2 1 2*
W 0 0 0 0 0 0 0 0*
D  N  N  N  E  S SE SE SE*
2025-05-24 01:04:19,104 sending via https://us0.explore.garmin.com/textmessage/txtmsg?extId=************8-fd6a-000d-3aa780380000&amp;adr=dewey.mtn.forecasts%40gmail.com
2025-05-24 01:04:19,106 inreach forecast request:
62.960,-151.091
4267
mb3
23 00             
test: False
2025-05-24 01:04:19,106 requested forecast already retrived recently at 2025-05-23 22:22
2025-05-24 01:04:19,107 weather forecast reply:
629 -1510 14 3
2300*23
T -2 -2 -3 -1  1  2  3  3*
S  -  -  -  -  -  -  - .1*
P 1 0 0 0 0 0 0 2*
C 0 0 1 1 1 1 1 1*
W 0 0 0 0 0 0 0 0*
D NE  E  E NE SE NE  N NE*
2025-05-24 01:04:19,473 sending via https://us0.explore.garmin.com/textmessage/txtmsg?extId=************8-e550-000d-3aa780380000&amp;adr=dewey.mtn.forecasts%40gmail.com
