2025-04-25 10:56:15,558 file_cache is only supported with oauth2client<4.0.0
2025-04-25 10:56:15,752 retrieved 20 emails
2025-04-25 10:56:19,670 found 3 new forecast request(s)
2025-04-25 10:56:19,670 inreach forecast request:
38.11111,-107.71581
2371
mb3
             
test: False
2025-04-25 10:56:19,670 'metadata'
2025-04-25 10:56:19,670 inreach forecast request:
38.11111,-107.71581
2371
mb3
             
test: True
2025-04-25 10:56:19,670 'metadata'
2025-04-25 10:56:19,671 inreach forecast request:
62.950,-151.091
4442
mb6
2 03             
test: True
2025-04-25 10:56:19,671 'metadata'
