2025-05-21 05:12:24,023 file_cache is only supported with oauth2client<4.0.0
2025-05-21 05:12:24,268 retrieved 20 emails
2025-05-21 05:12:28,927 found 1 new forecast request(s)
2025-05-21 05:12:28,927 inreach forecast request:
62.960,-151.091
4267
mbd
20             
test: False
2025-05-21 05:12:28,927 getting forecast from https://my.meteoblue.com/packages/trendpro-day?apikey=****************&lat=62.960&lon=-151.091&asl=4267&format=json&temperature=F&windspeed=mph&precipitationamount=inch&winddirection=2char
2025-05-21 05:12:29,560 weather forecast reply:
629 -1510 14 D
20-26
H -1 -4 -2  3  4  4  4
L -3 -7 -8 -4  1  1  2
C  1  4  3 12  8  7  3
S  2 .2  -  -  -  -  3
P10 6 4 2 3 3 9
W 1 1 1 0 1 1 1
% 6 6 6 7 6 5 4
2025-05-21 05:12:30,097 sending via https://us0.explore.garmin.com/textmessage/txtmsg?extId=************2-f9d0-000d-3aa4f01f0000&amp;adr=dewey.mtn.forecasts%40gmail.com
