2025-05-26 16:32:15,057 file_cache is only supported with oauth2client<4.0.0
2025-05-26 16:32:15,271 retrieved 20 emails
2025-05-26 16:32:19,446 found 1 new forecast request(s)
2025-05-26 16:32:19,447 inreach forecast request:
62.912,-151.286
1981
mbd
02             
test: False
2025-05-26 16:32:19,452 requested forecast already retrived recently at 2025-05-26 16:26
2025-05-26 16:32:19,453 weather forecast reply:
629 -1512 6 D
02-08
H 28 29 29 30 30 30 32
L 24 26 27 27 28 28 28
C  0  0  0  0  0  0  0
S  3  3  2  2  2  2  1
P 7 8 8 6 7 7 6
W 1 1 0 0 0 0 0
% 3 4 2 1 1 2 1
2025-05-26 16:32:19,870 sending via https://us0.explore.garmin.com/textmessage/txtmsg?extId=************3-ae2d-000d-3aa780380000&amp;adr=dewey.mtn.forecasts%40gmail.com
