2025-05-24 21:00:16,248 file_cache is only supported with oauth2client<4.0.0
2025-05-24 21:00:16,481 retrieved 20 emails
2025-05-24 21:00:20,997 found 1 new forecast request(s)
2025-05-24 21:00:20,997 inreach forecast request:
62.960,-151.091
4267
mb6
25 12             
test: False
2025-05-24 21:00:21,005 getting forecast from https://my.meteoblue.com/packages/basic-1h_clouds-1h?apikey=****************&lat=62.960&lon=-151.091&asl=4267&format=json&temperature=F&windspeed=mph&precipitationamount=inch&winddirection=2char
2025-05-24 21:00:21,462 weather forecast reply:
629 -1510 14 6
2512*27
T  0  2*  1  1  3  4*  3  1
S  -  -* .6  1 .8  3* .5 .5
P 1 2* 4 4 8 8* 7 6
C 3 0* 0 2 1 0* 0 0
W 0 0* 0 1 1 0* 0 0
DNW N* N N N N* NNW
2025-05-24 21:00:22,035 sending via https://us0.explore.garmin.com/textmessage/txtmsg?extId=************1-a223-000d-3aa4f01f0000&amp;adr=dewey.mtn.forecasts%40gmail.com
