2025-04-25 05:52:59,896 file_cache is only supported with oauth2client<4.0.0
2025-04-25 05:53:00,146 retrieved 20 emails
2025-04-25 05:53:05,133 found 3 new forecast request(s)
2025-04-25 05:53:05,133 inreach forecast request:
38.11111,-107.71581
2371
mb3
             
test: False
2025-04-25 05:53:05,133 'metadata'
2025-04-25 05:53:05,134 inreach forecast request:
38.11111,-107.71581
2371
mb3
             
test: True
2025-04-25 05:53:05,134 'metadata'
2025-04-25 05:53:05,134 inreach forecast request:
62.950,-151.091
4442
mb6
2 03             
test: True
2025-04-25 05:53:05,134 'metadata'
