2025-05-22 03:57:52,241 file_cache is only supported with oauth2client<4.0.0
2025-05-22 03:57:52,521 retrieved 20 emails
2025-05-22 03:57:56,385 found 1 new forecast request(s)
2025-05-22 03:57:56,385 inreach forecast request:
62.960,-151.091
4267
mbd
22             
test: False
2025-05-22 03:57:56,391 getting forecast from https://my.meteoblue.com/packages/trendpro-day?apikey=****************&lat=62.960&lon=-151.091&asl=4267&format=json&temperature=F&windspeed=mph&precipitationamount=inch&winddirection=2char
2025-05-22 03:57:57,023 weather forecast reply:
629 -1510 14 D
22-28
H -1  3  2  3  6  2  3
L -5 -4  1 -1  2 -2 -2
C 11  7  6  5  7  2  0
S  -  -  -  -  2  -  2
P 3 2 3 3 6 6 8
W 1 1 1 1 1 1 1
% 7 7 5 4 4 3 3
2025-05-22 03:57:57,492 sending via https://us0.explore.garmin.com/textmessage/txtmsg?extId=************7-dcdb-0022-484794100000&amp;adr=dewey.mtn.forecasts%40gmail.com
