2025-04-25 11:32:19,743 file_cache is only supported with oauth2client<4.0.0
2025-04-25 11:32:19,957 retrieved 20 emails
2025-04-25 11:32:24,399 found 3 new forecast request(s)
2025-04-25 11:32:24,399 inreach forecast request:
38.11111,-107.71581
2371
mb3
             
test: False
2025-04-25 11:32:24,399 'metadata'
2025-04-25 11:32:24,399 inreach forecast request:
38.11111,-107.71581
2371
mb3
             
test: True
2025-04-25 11:32:24,399 'metadata'
2025-04-25 11:32:24,400 inreach forecast request:
62.950,-151.091
4442
mb6
2 03             
test: True
2025-04-25 11:32:24,400 'metadata'
