2025-05-30 05:40:19,217 file_cache is only supported with oauth2client<4.0.0
2025-05-30 05:40:19,429 retrieved 20 emails
2025-05-30 05:40:23,656 found 1 new forecast request(s)
2025-05-30 05:40:23,656 inreach forecast request:
62.912,-151.286
1981
mb3
29 22             
test: False
2025-05-30 05:40:23,693 requested forecast already retrived recently at 2025-05-30 05:38
2025-05-30 05:40:23,694 weather forecast reply:
629 -1512 6 3
2922*30
T 23* 22 21 21 21 22 23 23
S .1*  - .1 .2  -  -  -  -
P10*10101010 7 7 7
C 0* 0 0 0 0 0 0 0
W 1* 1 1 1 1 1 1 1
D SE* SE SE SE SE SE SE  S
2025-05-30 05:40:24,075 sending via https://us0.explore.garmin.com/textmessage/txtmsg?extId=************f-01b2-000d-3aa4f01f0000&amp;adr=dewey.mtn.forecasts%40gmail.com
