2025-04-25 08:41:24,245 file_cache is only supported with oauth2client<4.0.0
2025-04-25 08:41:24,464 retrieved 20 emails
2025-04-25 08:41:28,546 found 3 new forecast request(s)
2025-04-25 08:41:28,546 inreach forecast request:
38.11111,-107.71581
2371
mb3
             
test: False
2025-04-25 08:41:28,546 'metadata'
2025-04-25 08:41:28,547 inreach forecast request:
38.11111,-107.71581
2371
mb3
             
test: True
2025-04-25 08:41:28,547 'metadata'
2025-04-25 08:41:28,547 inreach forecast request:
62.950,-151.091
4442
mb6
2 03             
test: True
2025-04-25 08:41:28,547 'metadata'
