2025-04-24 21:26:19,565 file_cache is only supported with oauth2client<4.0.0
2025-04-24 21:26:19,800 retrieved 20 emails
2025-04-24 21:26:24,192 found 3 new forecast request(s)
2025-04-24 21:26:24,192 inreach forecast request:
38.11111,-107.71581
2371
mb3
             
test: False
2025-04-24 21:26:24,192 'metadata'
2025-04-24 21:26:24,192 inreach forecast request:
38.11111,-107.71581
2371
mb3
             
test: True
2025-04-24 21:26:24,192 'metadata'
2025-04-24 21:26:24,192 inreach forecast request:
62.950,-151.091
4442
mb6
2 03             
test: True
2025-04-24 21:26:24,193 'metadata'
